{"/Users/unadlib/Sites/webpage-mcp/chrome-mcp-react/app/native-server/src/cli.ts": {"path":"/Users/unadlib/Sites/webpage-mcp/chrome-mcp-react/app/native-server/src/cli.ts","statementMap":{"0":{"start":{"line":3,"column":0},"end":{"line":3,"column":36}},"1":{"start":{"line":4,"column":0},"end":{"line":4,"column":25}},"2":{"start":{"line":5,"column":0},"end":{"line":5,"column":29}},"3":{"start":{"line":6,"column":0},"end":{"line":6,"column":null}},"4":{"start":{"line":13,"column":0},"end":{"line":13,"column":98}},"5":{"start":{"line":14,"column":0},"end":{"line":14,"column":45}},"6":{"start":{"line":15,"column":0},"end":{"line":15,"column":45}},"7":{"start":{"line":17,"column":0},"end":{"line":19,"column":93}},"8":{"start":{"line":22,"column":0},"end":{"line":127,"column":5}},"9":{"start":{"line":30,"column":4},"end":{"line":126,"column":5}},"10":{"start":{"line":32,"column":6},"end":{"line":32,"column":35}},"11":{"start":{"line":37,"column":6},"end":{"line":65,"column":7}},"12":{"start":{"line":38,"column":8},"end":{"line":53,"column":9}},"13":{"start":{"line":39,"column":10},"end":{"line":39,"column":70}},"14":{"start":{"line":40,"column":10},"end":{"line":40,"column":86}},"15":{"start":{"line":42,"column":30},"end":{"line":42,"column":63}},"16":{"start":{"line":43,"column":10},"end":{"line":51,"column":11}},"17":{"start":{"line":44,"column":12},"end":{"line":49,"column":14}},"18":{"start":{"line":50,"column":12},"end":{"line":50,"column":28}},"19":{"start":{"line":52,"column":10},"end":{"line":52,"column":41}},"20":{"start":{"line":54,"column":13},"end":{"line":65,"column":7}},"21":{"start":{"line":55,"column":8},"end":{"line":55,"column":51}},"22":{"start":{"line":56,"column":8},"end":{"line":64,"column":9}},"23":{"start":{"line":57,"column":10},"end":{"line":62,"column":12}},"24":{"start":{"line":63,"column":10},"end":{"line":63,"column":37}},"25":{"start":{"line":69,"column":21},"end":{"line":69,"column":61}},"26":{"start":{"line":71,"column":20},"end":{"line":71,"column":25}},"27":{"start":{"line":72,"column":6},"end":{"line":81,"column":7}},"28":{"start":{"line":73,"column":8},"end":{"line":80,"column":9}},"29":{"start":{"line":74,"column":10},"end":{"line":74,"column":42}},"30":{"start":{"line":76,"column":10},"end":{"line":78,"column":12}},"31":{"start":{"line":79,"column":10},"end":{"line":79,"column":26}},"32":{"start":{"line":83,"column":37},"end":{"line":83,"column":54}},"33":{"start":{"line":86,"column":6},"end":{"line":122,"column":7}},"34":{"start":{"line":88,"column":8},"end":{"line":88,"column":48}},"35":{"start":{"line":89,"column":8},"end":{"line":91,"column":10}},"36":{"start":{"line":92,"column":8},"end":{"line":97,"column":10}},"37":{"start":{"line":100,"column":8},"end":{"line":100,"column":90}},"38":{"start":{"line":101,"column":24},"end":{"line":101,"column":70}},"39":{"start":{"line":103,"column":8},"end":{"line":121,"column":9}},"40":{"start":{"line":104,"column":10},"end":{"line":104,"column":92}},"41":{"start":{"line":105,"column":10},"end":{"line":110,"column":12}},"42":{"start":{"line":112,"column":10},"end":{"line":117,"column":12}},"43":{"start":{"line":118,"column":10},"end":{"line":118,"column":84}},"44":{"start":{"line":119,"column":10},"end":{"line":119,"column":88}},"45":{"start":{"line":120,"column":10},"end":{"line":120,"column":26}},"46":{"start":{"line":124,"column":6},"end":{"line":124,"column":79}},"47":{"start":{"line":125,"column":6},"end":{"line":125,"column":22}},"48":{"start":{"line":130,"column":0},"end":{"line":142,"column":5}},"49":{"start":{"line":134,"column":4},"end":{"line":141,"column":5}},"50":{"start":{"line":135,"column":6},"end":{"line":135,"column":72}},"51":{"start":{"line":136,"column":6},"end":{"line":136,"column":41}},"52":{"start":{"line":137,"column":6},"end":{"line":137,"column":85}},"53":{"start":{"line":139,"column":6},"end":{"line":139,"column":85}},"54":{"start":{"line":140,"column":6},"end":{"line":140,"column":22}},"55":{"start":{"line":145,"column":0},"end":{"line":178,"column":5}},"56":{"start":{"line":149,"column":4},"end":{"line":177,"column":5}},"57":{"start":{"line":150,"column":25},"end":{"line":150,"column":43}},"58":{"start":{"line":151,"column":6},"end":{"line":154,"column":7}},"59":{"start":{"line":152,"column":8},"end":{"line":152,"column":98}},"60":{"start":{"line":153,"column":8},"end":{"line":153,"column":24}},"61":{"start":{"line":156,"column":25},"end":{"line":156,"column":73}},"62":{"start":{"line":158,"column":6},"end":{"line":161,"column":7}},"63":{"start":{"line":159,"column":8},"end":{"line":159,"column":96}},"64":{"start":{"line":160,"column":8},"end":{"line":160,"column":24}},"65":{"start":{"line":163,"column":25},"end":{"line":163,"column":60}},"66":{"start":{"line":164,"column":21},"end":{"line":164,"column":43}},"67":{"start":{"line":166,"column":25},"end":{"line":166,"column":44}},"68":{"start":{"line":167,"column":6},"end":{"line":167,"column":46}},"69":{"start":{"line":168,"column":6},"end":{"line":168,"column":41}},"70":{"start":{"line":170,"column":6},"end":{"line":170,"column":68}},"71":{"start":{"line":172,"column":6},"end":{"line":172,"column":86}},"72":{"start":{"line":173,"column":6},"end":{"line":173,"column":67}},"73":{"start":{"line":175,"column":6},"end":{"line":175,"column":81}},"74":{"start":{"line":176,"column":6},"end":{"line":176,"column":22}},"75":{"start":{"line":181,"column":0},"end":{"line":199,"column":5}},"76":{"start":{"line":188,"column":4},"end":{"line":198,"column":5}},"77":{"start":{"line":189,"column":23},"end":{"line":193,"column":8}},"78":{"start":{"line":194,"column":6},"end":{"line":194,"column":29}},"79":{"start":{"line":196,"column":6},"end":{"line":196,"column":73}},"80":{"start":{"line":197,"column":6},"end":{"line":197,"column":22}},"81":{"start":{"line":202,"column":0},"end":{"line":228,"column":5}},"82":{"start":{"line":213,"column":4},"end":{"line":227,"column":5}},"83":{"start":{"line":214,"column":23},"end":{"line":222,"column":8}},"84":{"start":{"line":223,"column":6},"end":{"line":223,"column":29}},"85":{"start":{"line":225,"column":6},"end":{"line":225,"column":73}},"86":{"start":{"line":226,"column":6},"end":{"line":226,"column":22}},"87":{"start":{"line":230,"column":0},"end":{"line":230,"column":28}},"88":{"start":{"line":233,"column":0},"end":{"line":235,"column":1}},"89":{"start":{"line":234,"column":2},"end":{"line":234,"column":23}}},"fnMap":{"0":{"name":"(anonymous_9)","decl":{"start":{"line":29,"column":10},"end":{"line":29,"column":15}},"loc":{"start":{"line":29,"column":28},"end":{"line":127,"column":3}}},"1":{"name":"(anonymous_10)","decl":{"start":{"line":133,"column":10},"end":{"line":133,"column":15}},"loc":{"start":{"line":133,"column":21},"end":{"line":142,"column":3}}},"2":{"name":"(anonymous_11)","decl":{"start":{"line":148,"column":10},"end":{"line":148,"column":15}},"loc":{"start":{"line":148,"column":33},"end":{"line":178,"column":3}}},"3":{"name":"(anonymous_12)","decl":{"start":{"line":187,"column":10},"end":{"line":187,"column":15}},"loc":{"start":{"line":187,"column":28},"end":{"line":199,"column":3}}},"4":{"name":"(anonymous_13)","decl":{"start":{"line":212,"column":10},"end":{"line":212,"column":15}},"loc":{"start":{"line":212,"column":28},"end":{"line":228,"column":3}}}},"branchMap":{"0":{"loc":{"start":{"line":37,"column":6},"end":{"line":65,"column":7}},"type":"if","locations":[{"start":{"line":37,"column":6},"end":{"line":65,"column":7}},{"start":{"line":54,"column":13},"end":{"line":65,"column":7}}]},"1":{"loc":{"start":{"line":38,"column":8},"end":{"line":53,"column":9}},"type":"if","locations":[{"start":{"line":38,"column":8},"end":{"line":53,"column":9}},{"start":{"line":41,"column":15},"end":{"line":53,"column":9}}]},"2":{"loc":{"start":{"line":43,"column":10},"end":{"line":51,"column":11}},"type":"if","locations":[{"start":{"line":43,"column":10},"end":{"line":51,"column":11}}]},"3":{"loc":{"start":{"line":54,"column":13},"end":{"line":65,"column":7}},"type":"if","locations":[{"start":{"line":54,"column":13},"end":{"line":65,"column":7}}]},"4":{"loc":{"start":{"line":56,"column":8},"end":{"line":64,"column":9}},"type":"if","locations":[{"start":{"line":56,"column":8},"end":{"line":64,"column":9}}]},"5":{"loc":{"start":{"line":69,"column":21},"end":{"line":69,"column":61}},"type":"binary-expr","locations":[{"start":{"line":69,"column":21},"end":{"line":69,"column":35}},{"start":{"line":69,"column":39},"end":{"line":69,"column":61}}]},"6":{"loc":{"start":{"line":72,"column":6},"end":{"line":81,"column":7}},"type":"if","locations":[{"start":{"line":72,"column":6},"end":{"line":81,"column":7}}]},"7":{"loc":{"start":{"line":83,"column":37},"end":{"line":83,"column":54}},"type":"binary-expr","locations":[{"start":{"line":83,"column":37},"end":{"line":83,"column":43}},{"start":{"line":83,"column":47},"end":{"line":83,"column":54}}]},"8":{"loc":{"start":{"line":86,"column":6},"end":{"line":122,"column":7}},"type":"if","locations":[{"start":{"line":86,"column":6},"end":{"line":122,"column":7}},{"start":{"line":98,"column":13},"end":{"line":122,"column":7}}]},"9":{"loc":{"start":{"line":86,"column":10},"end":{"line":86,"column":50}},"type":"binary-expr","locations":[{"start":{"line":86,"column":10},"end":{"line":86,"column":24}},{"start":{"line":86,"column":28},"end":{"line":86,"column":50}}]},"10":{"loc":{"start":{"line":103,"column":8},"end":{"line":121,"column":9}},"type":"if","locations":[{"start":{"line":103,"column":8},"end":{"line":121,"column":9}},{"start":{"line":111,"column":15},"end":{"line":121,"column":9}}]},"11":{"loc":{"start":{"line":151,"column":6},"end":{"line":154,"column":7}},"type":"if","locations":[{"start":{"line":151,"column":6},"end":{"line":154,"column":7}}]},"12":{"loc":{"start":{"line":151,"column":10},"end":{"line":151,"column":67}},"type":"binary-expr","locations":[{"start":{"line":151,"column":10},"end":{"line":151,"column":27}},{"start":{"line":151,"column":31},"end":{"line":151,"column":45}},{"start":{"line":151,"column":49},"end":{"line":151,"column":67}}]},"13":{"loc":{"start":{"line":158,"column":6},"end":{"line":161,"column":7}},"type":"if","locations":[{"start":{"line":158,"column":6},"end":{"line":161,"column":7}}]},"14":{"loc":{"start":{"line":220,"column":18},"end":{"line":220,"column":79}},"type":"cond-expr","locations":[{"start":{"line":220,"column":37},"end":{"line":220,"column":67}},{"start":{"line":220,"column":70},"end":{"line":220,"column":79}}]},"15":{"loc":{"start":{"line":233,"column":0},"end":{"line":235,"column":1}},"type":"if","locations":[{"start":{"line":233,"column":0},"end":{"line":235,"column":1}}]}},"s":{"0":0,"1":0,"2":0,"3":0,"4":0,"5":0,"6":0,"7":0,"8":0,"9":0,"10":0,"11":0,"12":0,"13":0,"14":0,"15":0,"16":0,"17":0,"18":0,"19":0,"20":0,"21":0,"22":0,"23":0,"24":0,"25":0,"26":0,"27":0,"28":0,"29":0,"30":0,"31":0,"32":0,"33":0,"34":0,"35":0,"36":0,"37":0,"38":0,"39":0,"40":0,"41":0,"42":0,"43":0,"44":0,"45":0,"46":0,"47":0,"48":0,"49":0,"50":0,"51":0,"52":0,"53":0,"54":0,"55":0,"56":0,"57":0,"58":0,"59":0,"60":0,"61":0,"62":0,"63":0,"64":0,"65":0,"66":0,"67":0,"68":0,"69":0,"70":0,"71":0,"72":0,"73":0,"74":0,"75":0,"76":0,"77":0,"78":0,"79":0,"80":0,"81":0,"82":0,"83":0,"84":0,"85":0,"86":0,"87":0,"88":0,"89":0},"f":{"0":0,"1":0,"2":0,"3":0,"4":0},"b":{"0":[0,0],"1":[0,0],"2":[0],"3":[0],"4":[0],"5":[0,0],"6":[0],"7":[0,0],"8":[0,0],"9":[0,0],"10":[0,0],"11":[0],"12":[0,0,0],"13":[0],"14":[0,0],"15":[0]}}
,"/Users/unadlib/Sites/webpage-mcp/chrome-mcp-react/app/native-server/src/file-handler.ts": {"path":"/Users/unadlib/Sites/webpage-mcp/chrome-mcp-react/app/native-server/src/file-handler.ts","statementMap":{"0":{"start":{"line":1,"column":0},"end":{"line":1,"column":25}},"1":{"start":{"line":2,"column":0},"end":{"line":2,"column":29}},"2":{"start":{"line":3,"column":0},"end":{"line":3,"column":25}},"3":{"start":{"line":4,"column":0},"end":{"line":4,"column":33}},"4":{"start":{"line":5,"column":0},"end":{"line":5,"column":31}},"5":{"start":{"line":15,"column":4},"end":{"line":15,"column":65}},"6":{"start":{"line":16,"column":4},"end":{"line":18,"column":5}},"7":{"start":{"line":17,"column":6},"end":{"line":17,"column":54}},"8":{"start":{"line":25,"column":92},"end":{"line":25,"column":99}},"9":{"start":{"line":27,"column":4},"end":{"line":73,"column":5}},"10":{"start":{"line":28,"column":6},"end":{"line":67,"column":7}},"11":{"start":{"line":30,"column":10},"end":{"line":36,"column":11}},"12":{"start":{"line":31,"column":12},"end":{"line":31,"column":62}},"13":{"start":{"line":32,"column":17},"end":{"line":36,"column":11}},"14":{"start":{"line":33,"column":12},"end":{"line":33,"column":67}},"15":{"start":{"line":34,"column":17},"end":{"line":36,"column":11}},"16":{"start":{"line":35,"column":12},"end":{"line":35,"column":51}},"17":{"start":{"line":37,"column":10},"end":{"line":37,"column":16}},"18":{"start":{"line":40,"column":10},"end":{"line":40,"column":82}},"19":{"start":{"line":40,"column":25},"end":{"line":40,"column":82}},"20":{"start":{"line":41,"column":10},"end":{"line":41,"column":53}},"21":{"start":{"line":45,"column":10},"end":{"line":45,"column":50}},"22":{"start":{"line":48,"column":29},"end":{"line":48,"column":54}},"23":{"start":{"line":49,"column":10},"end":{"line":51,"column":11}},"24":{"start":{"line":50,"column":12},"end":{"line":50,"column":74}},"25":{"start":{"line":52,"column":10},"end":{"line":59,"column":11}},"26":{"start":{"line":54,"column":41},"end":{"line":54,"column":76}},"27":{"start":{"line":55,"column":24},"end":{"line":55,"column":71}},"28":{"start":{"line":56,"column":12},"end":{"line":56,"column":45}},"29":{"start":{"line":58,"column":12},"end":{"line":58,"column":70}},"30":{"start":{"line":63,"column":10},"end":{"line":66,"column":12}},"31":{"start":{"line":69,"column":6},"end":{"line":72,"column":8}},"32":{"start":{"line":80,"column":4},"end":{"line":104,"column":5}},"33":{"start":{"line":81,"column":23},"end":{"line":81,"column":43}},"34":{"start":{"line":82,"column":6},"end":{"line":84,"column":7}},"35":{"start":{"line":83,"column":8},"end":{"line":83,"column":75}},"36":{"start":{"line":87,"column":28},"end":{"line":87,"column":70}},"37":{"start":{"line":88,"column":23},"end":{"line":88,"column":61}},"38":{"start":{"line":91,"column":21},"end":{"line":91,"column":44}},"39":{"start":{"line":94,"column":6},"end":{"line":94,"column":41}},"40":{"start":{"line":96,"column":6},"end":{"line":101,"column":8}},"41":{"start":{"line":103,"column":6},"end":{"line":103,"column":68}},"42":{"start":{"line":111,"column":4},"end":{"line":133,"column":5}},"43":{"start":{"line":113,"column":28},"end":{"line":113,"column":71}},"44":{"start":{"line":116,"column":21},"end":{"line":116,"column":57}},"45":{"start":{"line":119,"column":28},"end":{"line":119,"column":66}},"46":{"start":{"line":120,"column":23},"end":{"line":120,"column":61}},"47":{"start":{"line":123,"column":6},"end":{"line":123,"column":41}},"48":{"start":{"line":125,"column":6},"end":{"line":130,"column":8}},"49":{"start":{"line":132,"column":6},"end":{"line":132,"column":62}},"50":{"start":{"line":140,"column":4},"end":{"line":165,"column":5}},"51":{"start":{"line":142,"column":6},"end":{"line":144,"column":7}},"52":{"start":{"line":143,"column":8},"end":{"line":143,"column":60}},"53":{"start":{"line":147,"column":20},"end":{"line":147,"column":41}},"54":{"start":{"line":150,"column":6},"end":{"line":152,"column":7}},"55":{"start":{"line":151,"column":8},"end":{"line":151,"column":59}},"56":{"start":{"line":155,"column":6},"end":{"line":155,"column":49}},"57":{"start":{"line":157,"column":6},"end":{"line":162,"column":8}},"58":{"start":{"line":164,"column":6},"end":{"line":164,"column":57}},"59":{"start":{"line":172,"column":4},"end":{"line":194,"column":5}},"60":{"start":{"line":173,"column":6},"end":{"line":175,"column":7}},"61":{"start":{"line":174,"column":8},"end":{"line":174,"column":60}},"62":{"start":{"line":176,"column":20},"end":{"line":176,"column":41}},"63":{"start":{"line":177,"column":6},"end":{"line":179,"column":7}},"64":{"start":{"line":178,"column":8},"end":{"line":178,"column":59}},"65":{"start":{"line":180,"column":18},"end":{"line":180,"column":43}},"66":{"start":{"line":181,"column":21},"end":{"line":181,"column":43}},"67":{"start":{"line":182,"column":6},"end":{"line":188,"column":8}},"68":{"start":{"line":190,"column":6},"end":{"line":193,"column":8}},"69":{"start":{"line":201,"column":4},"end":{"line":223,"column":5}},"70":{"start":{"line":203,"column":6},"end":{"line":208,"column":7}},"71":{"start":{"line":204,"column":8},"end":{"line":207,"column":10}},"72":{"start":{"line":210,"column":6},"end":{"line":212,"column":7}},"73":{"start":{"line":211,"column":8},"end":{"line":211,"column":32}},"74":{"start":{"line":214,"column":6},"end":{"line":217,"column":8}},"75":{"start":{"line":219,"column":6},"end":{"line":222,"column":8}},"76":{"start":{"line":230,"column":4},"end":{"line":245,"column":5}},"77":{"start":{"line":231,"column":6},"end":{"line":244,"column":7}},"78":{"start":{"line":232,"column":23},"end":{"line":232,"column":35}},"79":{"start":{"line":233,"column":25},"end":{"line":233,"column":40}},"80":{"start":{"line":234,"column":25},"end":{"line":234,"column":48}},"81":{"start":{"line":235,"column":8},"end":{"line":241,"column":9}},"82":{"start":{"line":237,"column":22},"end":{"line":237,"column":44}},"83":{"start":{"line":238,"column":23},"end":{"line":238,"column":51}},"84":{"start":{"line":239,"column":31},"end":{"line":239,"column":68}},"85":{"start":{"line":240,"column":10},"end":{"line":240,"column":49}},"86":{"start":{"line":248,"column":4},"end":{"line":248,"column":65}},"87":{"start":{"line":255,"column":4},"end":{"line":271,"column":5}},"88":{"start":{"line":256,"column":18},"end":{"line":256,"column":28}},"89":{"start":{"line":257,"column":22},"end":{"line":257,"column":36}},"90":{"start":{"line":259,"column":20},"end":{"line":259,"column":48}},"91":{"start":{"line":260,"column":6},"end":{"line":268,"column":7}},"92":{"start":{"line":261,"column":25},"end":{"line":261,"column":54}},"93":{"start":{"line":262,"column":22},"end":{"line":262,"column":43}},"94":{"start":{"line":263,"column":8},"end":{"line":267,"column":9}},"95":{"start":{"line":264,"column":10},"end":{"line":264,"column":34}},"96":{"start":{"line":266,"column":10},"end":{"line":266,"column":61}},"97":{"start":{"line":270,"column":6},"end":{"line":270,"column":59}},"98":{"start":{"line":10,"column":0},"end":{"line":10,"column":13}},"99":{"start":{"line":275,"column":0},"end":{"line":275,"column":33}}},"fnMap":{"0":{"name":"(anonymous_10)","decl":{"start":{"line":13,"column":2},"end":{"line":13,"column":null}},"loc":{"start":{"line":13,"column":2},"end":{"line":19,"column":3}}},"1":{"name":"(anonymous_11)","decl":{"start":{"line":24,"column":2},"end":{"line":24,"column":7}},"loc":{"start":{"line":24,"column":38},"end":{"line":74,"column":3}}},"2":{"name":"(anonymous_12)","decl":{"start":{"line":54,"column":41},"end":{"line":54,"column":54}},"loc":{"start":{"line":54,"column":41},"end":{"line":54,"column":76}}},"3":{"name":"(anonymous_13)","decl":{"start":{"line":79,"column":10},"end":{"line":79,"column":15}},"loc":{"start":{"line":79,"column":63},"end":{"line":105,"column":3}}},"4":{"name":"(anonymous_14)","decl":{"start":{"line":110,"column":10},"end":{"line":110,"column":15}},"loc":{"start":{"line":110,"column":68},"end":{"line":134,"column":3}}},"5":{"name":"(anonymous_15)","decl":{"start":{"line":139,"column":10},"end":{"line":139,"column":15}},"loc":{"start":{"line":139,"column":43},"end":{"line":166,"column":3}}},"6":{"name":"(anonymous_16)","decl":{"start":{"line":171,"column":10},"end":{"line":171,"column":15}},"loc":{"start":{"line":171,"column":47},"end":{"line":195,"column":3}}},"7":{"name":"(anonymous_17)","decl":{"start":{"line":200,"column":10},"end":{"line":200,"column":15}},"loc":{"start":{"line":200,"column":44},"end":{"line":224,"column":3}}},"8":{"name":"(anonymous_18)","decl":{"start":{"line":229,"column":10},"end":{"line":229,"column":26}},"loc":{"start":{"line":229,"column":39},"end":{"line":249,"column":3}}},"9":{"name":"(anonymous_19)","decl":{"start":{"line":254,"column":2},"end":{"line":254,"column":17}},"loc":{"start":{"line":254,"column":17},"end":{"line":272,"column":3}}}},"branchMap":{"0":{"loc":{"start":{"line":16,"column":4},"end":{"line":18,"column":5}},"type":"if","locations":[{"start":{"line":16,"column":4},"end":{"line":18,"column":5}}]},"1":{"loc":{"start":{"line":28,"column":6},"end":{"line":67,"column":7}},"type":"switch","locations":[{"start":{"line":29,"column":8},"end":{"line":37,"column":16}},{"start":{"line":39,"column":8},"end":{"line":42,"column":9}},{"start":{"line":44,"column":8},"end":{"line":45,"column":50}},{"start":{"line":47,"column":8},"end":{"line":60,"column":9}},{"start":{"line":62,"column":8},"end":{"line":66,"column":12}}]},"2":{"loc":{"start":{"line":30,"column":10},"end":{"line":36,"column":11}},"type":"if","locations":[{"start":{"line":30,"column":10},"end":{"line":36,"column":11}},{"start":{"line":32,"column":17},"end":{"line":36,"column":11}}]},"3":{"loc":{"start":{"line":32,"column":17},"end":{"line":36,"column":11}},"type":"if","locations":[{"start":{"line":32,"column":17},"end":{"line":36,"column":11}},{"start":{"line":34,"column":17},"end":{"line":36,"column":11}}]},"4":{"loc":{"start":{"line":34,"column":17},"end":{"line":36,"column":11}},"type":"if","locations":[{"start":{"line":34,"column":17},"end":{"line":36,"column":11}}]},"5":{"loc":{"start":{"line":40,"column":10},"end":{"line":40,"column":82}},"type":"if","locations":[{"start":{"line":40,"column":10},"end":{"line":40,"column":82}}]},"6":{"loc":{"start":{"line":48,"column":29},"end":{"line":48,"column":54}},"type":"binary-expr","locations":[{"start":{"line":48,"column":29},"end":{"line":48,"column":42}},{"start":{"line":48,"column":46},"end":{"line":48,"column":54}}]},"7":{"loc":{"start":{"line":49,"column":10},"end":{"line":51,"column":11}},"type":"if","locations":[{"start":{"line":49,"column":10},"end":{"line":51,"column":11}}]},"8":{"loc":{"start":{"line":58,"column":44},"end":{"line":58,"column":67}},"type":"binary-expr","locations":[{"start":{"line":58,"column":44},"end":{"line":58,"column":54}},{"start":{"line":58,"column":58},"end":{"line":58,"column":67}}]},"9":{"loc":{"start":{"line":58,"column":44},"end":{"line":58,"column":54}},"type":"cond-expr","locations":[{"start":{"line":58,"column":45},"end":{"line":58,"column":47}},{"start":{"line":58,"column":44},"end":{"line":58,"column":54}}]},"10":{"loc":{"start":{"line":58,"column":44},"end":{"line":58,"column":47}},"type":"binary-expr","locations":[{"start":{"line":58,"column":44},"end":{"line":58,"column":47}},{"start":{"line":58,"column":44},"end":{"line":58,"column":47}}]},"11":{"loc":{"start":{"line":71,"column":15},"end":{"line":71,"column":69}},"type":"cond-expr","locations":[{"start":{"line":71,"column":40},"end":{"line":71,"column":53}},{"start":{"line":71,"column":56},"end":{"line":71,"column":69}}]},"12":{"loc":{"start":{"line":82,"column":6},"end":{"line":84,"column":7}},"type":"if","locations":[{"start":{"line":82,"column":6},"end":{"line":84,"column":7}}]},"13":{"loc":{"start":{"line":87,"column":28},"end":{"line":87,"column":70}},"type":"binary-expr","locations":[{"start":{"line":87,"column":28},"end":{"line":87,"column":36}},{"start":{"line":87,"column":40},"end":{"line":87,"column":70}}]},"14":{"loc":{"start":{"line":119,"column":28},"end":{"line":119,"column":66}},"type":"binary-expr","locations":[{"start":{"line":119,"column":28},"end":{"line":119,"column":36}},{"start":{"line":119,"column":40},"end":{"line":119,"column":66}}]},"15":{"loc":{"start":{"line":142,"column":6},"end":{"line":144,"column":7}},"type":"if","locations":[{"start":{"line":142,"column":6},"end":{"line":144,"column":7}}]},"16":{"loc":{"start":{"line":150,"column":6},"end":{"line":152,"column":7}},"type":"if","locations":[{"start":{"line":150,"column":6},"end":{"line":152,"column":7}}]},"17":{"loc":{"start":{"line":173,"column":6},"end":{"line":175,"column":7}},"type":"if","locations":[{"start":{"line":173,"column":6},"end":{"line":175,"column":7}}]},"18":{"loc":{"start":{"line":177,"column":6},"end":{"line":179,"column":7}},"type":"if","locations":[{"start":{"line":177,"column":6},"end":{"line":179,"column":7}}]},"19":{"loc":{"start":{"line":192,"column":39},"end":{"line":192,"column":93}},"type":"cond-expr","locations":[{"start":{"line":192,"column":64},"end":{"line":192,"column":77}},{"start":{"line":192,"column":80},"end":{"line":192,"column":93}}]},"20":{"loc":{"start":{"line":203,"column":6},"end":{"line":208,"column":7}},"type":"if","locations":[{"start":{"line":203,"column":6},"end":{"line":208,"column":7}}]},"21":{"loc":{"start":{"line":210,"column":6},"end":{"line":212,"column":7}},"type":"if","locations":[{"start":{"line":210,"column":6},"end":{"line":212,"column":7}}]},"22":{"loc":{"start":{"line":230,"column":4},"end":{"line":245,"column":5}},"type":"if","locations":[{"start":{"line":230,"column":4},"end":{"line":245,"column":5}}]},"23":{"loc":{"start":{"line":235,"column":8},"end":{"line":241,"column":9}},"type":"if","locations":[{"start":{"line":235,"column":8},"end":{"line":241,"column":9}}]},"24":{"loc":{"start":{"line":235,"column":12},"end":{"line":235,"column":40}},"type":"binary-expr","locations":[{"start":{"line":235,"column":12},"end":{"line":235,"column":20}},{"start":{"line":235,"column":24},"end":{"line":235,"column":40}}]},"25":{"loc":{"start":{"line":263,"column":8},"end":{"line":267,"column":9}},"type":"if","locations":[{"start":{"line":263,"column":8},"end":{"line":267,"column":9}}]}},"s":{"0":1,"1":1,"2":1,"3":1,"4":1,"5":1,"6":1,"7":0,"8":0,"9":0,"10":0,"11":0,"12":0,"13":0,"14":0,"15":0,"16":0,"17":0,"18":0,"19":0,"20":0,"21":0,"22":0,"23":0,"24":0,"25":0,"26":0,"27":0,"28":0,"29":0,"30":0,"31":0,"32":0,"33":0,"34":0,"35":0,"36":0,"37":0,"38":0,"39":0,"40":0,"41":0,"42":0,"43":0,"44":0,"45":0,"46":0,"47":0,"48":0,"49":0,"50":0,"51":0,"52":0,"53":0,"54":0,"55":0,"56":0,"57":0,"58":0,"59":0,"60":0,"61":0,"62":0,"63":0,"64":0,"65":0,"66":0,"67":0,"68":0,"69":0,"70":0,"71":0,"72":0,"73":0,"74":0,"75":0,"76":0,"77":0,"78":0,"79":0,"80":0,"81":0,"82":0,"83":0,"84":0,"85":0,"86":0,"87":0,"88":0,"89":0,"90":0,"91":0,"92":0,"93":0,"94":0,"95":0,"96":0,"97":0,"98":1,"99":1},"f":{"0":1,"1":0,"2":0,"3":0,"4":0,"5":0,"6":0,"7":0,"8":0,"9":0},"b":{"0":[0],"1":[0,0,0,0,0],"2":[0,0],"3":[0,0],"4":[0],"5":[0],"6":[0,0],"7":[0],"8":[0,0],"9":[0,0],"10":[0,0],"11":[0,0],"12":[0],"13":[0,0],"14":[0,0],"15":[0],"16":[0],"17":[0],"18":[0],"19":[0,0],"20":[0],"21":[0],"22":[0],"23":[0],"24":[0,0],"25":[0]}}
,"/Users/unadlib/Sites/webpage-mcp/chrome-mcp-react/app/native-server/src/index.ts": {"path":"/Users/unadlib/Sites/webpage-mcp/chrome-mcp-react/app/native-server/src/index.ts","statementMap":{"0":{"start":{"line":2,"column":0},"end":{"line":2,"column":38}},"1":{"start":{"line":3,"column":0},"end":{"line":3,"column":66}},"2":{"start":{"line":5,"column":0},"end":{"line":11,"column":1}},"3":{"start":{"line":6,"column":2},"end":{"line":6,"column":60}},"4":{"start":{"line":7,"column":2},"end":{"line":7,"column":56}},"5":{"start":{"line":8,"column":2},"end":{"line":8,"column":38}},"6":{"start":{"line":10,"column":2},"end":{"line":10,"column":18}},"7":{"start":{"line":13,"column":0},"end":{"line":15,"column":3}},"8":{"start":{"line":14,"column":2},"end":{"line":14,"column":18}},"9":{"start":{"line":18,"column":0},"end":{"line":20,"column":3}},"10":{"start":{"line":19,"column":2},"end":{"line":19,"column":18}},"11":{"start":{"line":22,"column":0},"end":{"line":24,"column":3}},"12":{"start":{"line":23,"column":2},"end":{"line":23,"column":18}},"13":{"start":{"line":26,"column":0},"end":{"line":27,"column":3}},"14":{"start":{"line":29,"column":0},"end":{"line":31,"column":3}},"15":{"start":{"line":30,"column":2},"end":{"line":30,"column":18}},"16":{"start":{"line":33,"column":0},"end":{"line":35,"column":3}}},"fnMap":{"0":{"name":"(anonymous_1)","decl":{"start":{"line":13,"column":20},"end":{"line":13,"column":21}},"loc":{"start":{"line":13,"column":30},"end":{"line":15,"column":1}}},"1":{"name":"(anonymous_2)","decl":{"start":{"line":18,"column":21},"end":{"line":18,"column":24}},"loc":{"start":{"line":18,"column":26},"end":{"line":20,"column":1}}},"2":{"name":"(anonymous_3)","decl":{"start":{"line":22,"column":22},"end":{"line":22,"column":25}},"loc":{"start":{"line":22,"column":27},"end":{"line":24,"column":1}}},"3":{"name":"(anonymous_4)","decl":{"start":{"line":26,"column":19},"end":{"line":26,"column":20}},"loc":{"start":{"line":26,"column":28},"end":{"line":27,"column":1}}},"4":{"name":"(anonymous_5)","decl":{"start":{"line":29,"column":32},"end":{"line":29,"column":33}},"loc":{"start":{"line":29,"column":42},"end":{"line":31,"column":1}}},"5":{"name":"(anonymous_6)","decl":{"start":{"line":33,"column":33},"end":{"line":33,"column":34}},"loc":{"start":{"line":33,"column":44},"end":{"line":35,"column":1}}}},"branchMap":{},"s":{"0":0,"1":0,"2":0,"3":0,"4":0,"5":0,"6":0,"7":0,"8":0,"9":0,"10":0,"11":0,"12":0,"13":0,"14":0,"15":0,"16":0},"f":{"0":0,"1":0,"2":0,"3":0,"4":0,"5":0},"b":{}}
,"/Users/unadlib/Sites/webpage-mcp/chrome-mcp-react/app/native-server/src/native-messaging-host.ts": {"path":"/Users/unadlib/Sites/webpage-mcp/chrome-mcp-react/app/native-server/src/native-messaging-host.ts","statementMap":{"0":{"start":{"line":1,"column":0},"end":{"line":1,"column":40}},"1":{"start":{"line":3,"column":0},"end":{"line":3,"column":36}},"2":{"start":{"line":4,"column":0},"end":{"line":4,"column":55}},"3":{"start":{"line":5,"column":0},"end":{"line":5,"column":38}},"4":{"start":{"line":6,"column":0},"end":{"line":6,"column":41}},"5":{"start":{"line":15,"column":10},"end":{"line":15,"column":49}},"6":{"start":{"line":16,"column":10},"end":{"line":16,"column":67}},"7":{"start":{"line":19,"column":4},"end":{"line":19,"column":43}},"8":{"start":{"line":24,"column":4},"end":{"line":28,"column":5}},"9":{"start":{"line":25,"column":6},"end":{"line":25,"column":34}},"10":{"start":{"line":27,"column":6},"end":{"line":27,"column":22}},"11":{"start":{"line":32,"column":17},"end":{"line":32,"column":32}},"12":{"start":{"line":33,"column":25},"end":{"line":33,"column":27}},"13":{"start":{"line":34,"column":34},"end":{"line":34,"column":37}},"14":{"start":{"line":35,"column":35},"end":{"line":35,"column":51}},"15":{"start":{"line":37,"column":29},"end":{"line":76,"column":5}},"16":{"start":{"line":38,"column":22},"end":{"line":38,"column":23}},"17":{"start":{"line":39,"column":6},"end":{"line":70,"column":7}},"18":{"start":{"line":41,"column":8},"end":{"line":54,"column":9}},"19":{"start":{"line":42,"column":10},"end":{"line":42,"column":39}},"20":{"start":{"line":42,"column":33},"end":{"line":42,"column":39}},"21":{"start":{"line":43,"column":10},"end":{"line":43,"column":50}},"22":{"start":{"line":44,"column":10},"end":{"line":44,"column":35}},"23":{"start":{"line":47,"column":10},"end":{"line":53,"column":11}},"24":{"start":{"line":48,"column":12},"end":{"line":48,"column":72}},"25":{"start":{"line":50,"column":12},"end":{"line":50,"column":32}},"26":{"start":{"line":51,"column":12},"end":{"line":51,"column":37}},"27":{"start":{"line":52,"column":12},"end":{"line":52,"column":18}},"28":{"start":{"line":57,"column":8},"end":{"line":57,"column":50}},"29":{"start":{"line":57,"column":44},"end":{"line":57,"column":50}},"30":{"start":{"line":59,"column":30},"end":{"line":59,"column":61}},"31":{"start":{"line":60,"column":8},"end":{"line":60,"column":46}},"32":{"start":{"line":61,"column":8},"end":{"line":61,"column":28}},"33":{"start":{"line":62,"column":8},"end":{"line":62,"column":20}},"34":{"start":{"line":64,"column":8},"end":{"line":69,"column":9}},"35":{"start":{"line":65,"column":26},"end":{"line":65,"column":62}},"36":{"start":{"line":66,"column":10},"end":{"line":66,"column":38}},"37":{"start":{"line":68,"column":10},"end":{"line":68,"column":70}},"38":{"start":{"line":73,"column":6},"end":{"line":75,"column":7}},"39":{"start":{"line":74,"column":8},"end":{"line":74,"column":39}},"40":{"start":{"line":78,"column":4},"end":{"line":84,"column":7}},"41":{"start":{"line":80,"column":6},"end":{"line":83,"column":7}},"42":{"start":{"line":81,"column":8},"end":{"line":81,"column":48}},"43":{"start":{"line":82,"column":8},"end":{"line":82,"column":27}},"44":{"start":{"line":86,"column":4},"end":{"line":88,"column":7}},"45":{"start":{"line":87,"column":6},"end":{"line":87,"column":21}},"46":{"start":{"line":90,"column":4},"end":{"line":92,"column":7}},"47":{"start":{"line":91,"column":6},"end":{"line":91,"column":21}},"48":{"start":{"line":96,"column":4},"end":{"line":99,"column":5}},"49":{"start":{"line":97,"column":6},"end":{"line":97,"column":47}},"50":{"start":{"line":98,"column":6},"end":{"line":98,"column":13}},"51":{"start":{"line":101,"column":4},"end":{"line":117,"column":5}},"52":{"start":{"line":102,"column":24},"end":{"line":102,"column":51}},"53":{"start":{"line":103,"column":22},"end":{"line":103,"column":57}},"54":{"start":{"line":105,"column":6},"end":{"line":115,"column":7}},"55":{"start":{"line":106,"column":8},"end":{"line":106,"column":40}},"56":{"start":{"line":107,"column":8},"end":{"line":111,"column":9}},"57":{"start":{"line":108,"column":10},"end":{"line":108,"column":51}},"58":{"start":{"line":110,"column":10},"end":{"line":110,"column":43}},"59":{"start":{"line":112,"column":8},"end":{"line":112,"column":47}},"60":{"start":{"line":116,"column":6},"end":{"line":116,"column":13}},"61":{"start":{"line":120,"column":4},"end":{"line":145,"column":5}},"62":{"start":{"line":121,"column":6},"end":{"line":142,"column":7}},"63":{"start":{"line":123,"column":10},"end":{"line":123,"column":65}},"64":{"start":{"line":124,"column":10},"end":{"line":124,"column":16}},"65":{"start":{"line":126,"column":10},"end":{"line":126,"column":34}},"66":{"start":{"line":127,"column":10},"end":{"line":127,"column":16}},"67":{"start":{"line":130,"column":10},"end":{"line":130,"column":58}},"68":{"start":{"line":131,"column":10},"end":{"line":131,"column":16}},"69":{"start":{"line":133,"column":10},"end":{"line":133,"column":50}},"70":{"start":{"line":134,"column":10},"end":{"line":134,"column":16}},"71":{"start":{"line":137,"column":10},"end":{"line":141,"column":11}},"72":{"start":{"line":138,"column":12},"end":{"line":140,"column":14}},"73":{"start":{"line":144,"column":6},"end":{"line":144,"column":77}},"74":{"start":{"line":152,"column":4},"end":{"line":184,"column":5}},"75":{"start":{"line":153,"column":21},"end":{"line":153,"column":73}},"76":{"start":{"line":155,"column":6},"end":{"line":168,"column":7}},"77":{"start":{"line":157,"column":8},"end":{"line":161,"column":11}},"78":{"start":{"line":164,"column":8},"end":{"line":167,"column":11}},"79":{"start":{"line":170,"column":28},"end":{"line":173,"column":8}},"80":{"start":{"line":175,"column":6},"end":{"line":183,"column":7}},"81":{"start":{"line":176,"column":8},"end":{"line":180,"column":11}},"82":{"start":{"line":182,"column":8},"end":{"line":182,"column":72}},"83":{"start":{"line":198,"column":4},"end":{"line":215,"column":7}},"84":{"start":{"line":199,"column":24},"end":{"line":199,"column":32}},"85":{"start":{"line":201,"column":24},"end":{"line":204,"column":19}},"86":{"start":{"line":202,"column":8},"end":{"line":202,"column":47}},"87":{"start":{"line":203,"column":8},"end":{"line":203,"column":68}},"88":{"start":{"line":207,"column":6},"end":{"line":207,"column":74}},"89":{"start":{"line":210,"column":6},"end":{"line":214,"column":9}},"90":{"start":{"line":222,"column":4},"end":{"line":225,"column":5}},"91":{"start":{"line":223,"column":6},"end":{"line":223,"column":64}},"92":{"start":{"line":224,"column":6},"end":{"line":224,"column":13}},"93":{"start":{"line":226,"column":4},"end":{"line":243,"column":5}},"94":{"start":{"line":227,"column":6},"end":{"line":233,"column":7}},"95":{"start":{"line":228,"column":8},"end":{"line":231,"column":11}},"96":{"start":{"line":232,"column":8},"end":{"line":232,"column":15}},"97":{"start":{"line":235,"column":6},"end":{"line":235,"column":52}},"98":{"start":{"line":237,"column":6},"end":{"line":240,"column":9}},"99":{"start":{"line":242,"column":6},"end":{"line":242,"column":65}},"100":{"start":{"line":250,"column":4},"end":{"line":253,"column":5}},"101":{"start":{"line":251,"column":6},"end":{"line":251,"column":64}},"102":{"start":{"line":252,"column":6},"end":{"line":252,"column":13}},"103":{"start":{"line":254,"column":4},"end":{"line":270,"column":5}},"104":{"start":{"line":256,"column":6},"end":{"line":262,"column":7}},"105":{"start":{"line":257,"column":8},"end":{"line":260,"column":11}},"106":{"start":{"line":261,"column":8},"end":{"line":261,"column":15}},"107":{"start":{"line":264,"column":6},"end":{"line":264,"column":41}},"108":{"start":{"line":267,"column":6},"end":{"line":267,"column":67}},"109":{"start":{"line":269,"column":6},"end":{"line":269,"column":64}},"110":{"start":{"line":277,"column":4},"end":{"line":294,"column":5}},"111":{"start":{"line":278,"column":28},"end":{"line":278,"column":51}},"112":{"start":{"line":279,"column":28},"end":{"line":279,"column":54}},"113":{"start":{"line":280,"column":27},"end":{"line":280,"column":42}},"114":{"start":{"line":281,"column":6},"end":{"line":281,"column":58}},"115":{"start":{"line":283,"column":6},"end":{"line":289,"column":9}},"116":{"start":{"line":284,"column":8},"end":{"line":288,"column":9}},"117":{"start":{"line":301,"column":4},"end":{"line":304,"column":7}},"118":{"start":{"line":312,"column":4},"end":{"line":315,"column":7}},"119":{"start":{"line":313,"column":6},"end":{"line":313,"column":38}},"120":{"start":{"line":314,"column":6},"end":{"line":314,"column":88}},"121":{"start":{"line":316,"column":4},"end":{"line":316,"column":33}},"122":{"start":{"line":318,"column":4},"end":{"line":329,"column":5}},"123":{"start":{"line":319,"column":6},"end":{"line":326,"column":11}},"124":{"start":{"line":322,"column":10},"end":{"line":322,"column":26}},"125":{"start":{"line":325,"column":10},"end":{"line":325,"column":26}},"126":{"start":{"line":328,"column":6},"end":{"line":328,"column":22}},"127":{"start":{"line":14,"column":0},"end":{"line":14,"column":13}},"128":{"start":{"line":333,"column":36},"end":{"line":333,"column":61}},"129":{"start":{"line":334,"column":0},"end":{"line":334,"column":43}}},"fnMap":{"0":{"name":"(anonymous_1)","decl":{"start":{"line":14,"column":0},"end":{"line":14,"column":13}},"loc":{"start":{"line":14,"column":0},"end":{"line":331,"column":1}}},"1":{"name":"(anonymous_2)","decl":{"start":{"line":18,"column":9},"end":{"line":18,"column":18}},"loc":{"start":{"line":18,"column":41},"end":{"line":20,"column":3}}},"2":{"name":"(anonymous_3)","decl":{"start":{"line":23,"column":9},"end":{"line":23,"column":14}},"loc":{"start":{"line":23,"column":14},"end":{"line":29,"column":3}}},"3":{"name":"(anonymous_4)","decl":{"start":{"line":31,"column":10},"end":{"line":31,"column":30}},"loc":{"start":{"line":31,"column":30},"end":{"line":93,"column":3}}},"4":{"name":"(anonymous_5)","decl":{"start":{"line":37,"column":29},"end":{"line":37,"column":32}},"loc":{"start":{"line":37,"column":34},"end":{"line":76,"column":5}}},"5":{"name":"(anonymous_6)","decl":{"start":{"line":78,"column":25},"end":{"line":78,"column":28}},"loc":{"start":{"line":78,"column":30},"end":{"line":84,"column":5}}},"6":{"name":"(anonymous_7)","decl":{"start":{"line":86,"column":20},"end":{"line":86,"column":23}},"loc":{"start":{"line":86,"column":25},"end":{"line":88,"column":5}}},"7":{"name":"(anonymous_8)","decl":{"start":{"line":90,"column":22},"end":{"line":90,"column":25}},"loc":{"start":{"line":90,"column":27},"end":{"line":92,"column":5}}},"8":{"name":"(anonymous_9)","decl":{"start":{"line":95,"column":10},"end":{"line":95,"column":15}},"loc":{"start":{"line":95,"column":42},"end":{"line":146,"column":3}}},"9":{"name":"(anonymous_10)","decl":{"start":{"line":151,"column":10},"end":{"line":151,"column":15}},"loc":{"start":{"line":151,"column":48},"end":{"line":185,"column":3}}},"10":{"name":"(anonymous_11)","decl":{"start":{"line":193,"column":9},"end":{"line":193,"column":38}},"loc":{"start":{"line":196,"column":56},"end":{"line":216,"column":3}}},"11":{"name":"(anonymous_12)","decl":{"start":{"line":198,"column":23},"end":{"line":198,"column":24}},"loc":{"start":{"line":198,"column":43},"end":{"line":215,"column":5}}},"12":{"name":"(anonymous_13)","decl":{"start":{"line":201,"column":35},"end":{"line":201,"column":38}},"loc":{"start":{"line":201,"column":40},"end":{"line":204,"column":7}}},"13":{"name":"(anonymous_14)","decl":{"start":{"line":221,"column":10},"end":{"line":221,"column":15}},"loc":{"start":{"line":221,"column":40},"end":{"line":244,"column":3}}},"14":{"name":"(anonymous_15)","decl":{"start":{"line":249,"column":10},"end":{"line":249,"column":15}},"loc":{"start":{"line":249,"column":26},"end":{"line":271,"column":3}}},"15":{"name":"(anonymous_16)","decl":{"start":{"line":276,"column":9},"end":{"line":276,"column":20}},"loc":{"start":{"line":276,"column":33},"end":{"line":295,"column":3}}},"16":{"name":"(anonymous_17)","decl":{"start":{"line":283,"column":65},"end":{"line":283,"column":66}},"loc":{"start":{"line":283,"column":73},"end":{"line":289,"column":7}}},"17":{"name":"(anonymous_18)","decl":{"start":{"line":300,"column":10},"end":{"line":300,"column":19}},"loc":{"start":{"line":300,"column":40},"end":{"line":305,"column":3}}},"18":{"name":"(anonymous_19)","decl":{"start":{"line":310,"column":10},"end":{"line":310,"column":17}},"loc":{"start":{"line":310,"column":17},"end":{"line":330,"column":3}}},"19":{"name":"(anonymous_20)","decl":{"start":{"line":312,"column":33},"end":{"line":312,"column":34}},"loc":{"start":{"line":312,"column":45},"end":{"line":315,"column":5}}},"20":{"name":"(anonymous_21)","decl":{"start":{"line":321,"column":14},"end":{"line":321,"column":17}},"loc":{"start":{"line":321,"column":19},"end":{"line":323,"column":9}}},"21":{"name":"(anonymous_22)","decl":{"start":{"line":324,"column":15},"end":{"line":324,"column":18}},"loc":{"start":{"line":324,"column":20},"end":{"line":326,"column":9}}}},"branchMap":{"0":{"loc":{"start":{"line":41,"column":8},"end":{"line":54,"column":9}},"type":"if","locations":[{"start":{"line":41,"column":8},"end":{"line":54,"column":9}}]},"1":{"loc":{"start":{"line":42,"column":10},"end":{"line":42,"column":39}},"type":"if","locations":[{"start":{"line":42,"column":10},"end":{"line":42,"column":39}}]},"2":{"loc":{"start":{"line":47,"column":10},"end":{"line":53,"column":11}},"type":"if","locations":[{"start":{"line":47,"column":10},"end":{"line":53,"column":11}}]},"3":{"loc":{"start":{"line":47,"column":14},"end":{"line":47,"column":76}},"type":"binary-expr","locations":[{"start":{"line":47,"column":14},"end":{"line":47,"column":33}},{"start":{"line":47,"column":37},"end":{"line":47,"column":76}}]},"4":{"loc":{"start":{"line":57,"column":8},"end":{"line":57,"column":50}},"type":"if","locations":[{"start":{"line":57,"column":8},"end":{"line":57,"column":50}}]},"5":{"loc":{"start":{"line":73,"column":6},"end":{"line":75,"column":7}},"type":"if","locations":[{"start":{"line":73,"column":6},"end":{"line":75,"column":7}}]},"6":{"loc":{"start":{"line":96,"column":4},"end":{"line":99,"column":5}},"type":"if","locations":[{"start":{"line":96,"column":4},"end":{"line":99,"column":5}}]},"7":{"loc":{"start":{"line":96,"column":8},"end":{"line":96,"column":47}},"type":"binary-expr","locations":[{"start":{"line":96,"column":8},"end":{"line":96,"column":16}},{"start":{"line":96,"column":20},"end":{"line":96,"column":47}}]},"8":{"loc":{"start":{"line":101,"column":4},"end":{"line":117,"column":5}},"type":"if","locations":[{"start":{"line":101,"column":4},"end":{"line":117,"column":5}}]},"9":{"loc":{"start":{"line":105,"column":6},"end":{"line":115,"column":7}},"type":"if","locations":[{"start":{"line":105,"column":6},"end":{"line":115,"column":7}},{"start":{"line":113,"column":13},"end":{"line":115,"column":7}}]},"10":{"loc":{"start":{"line":107,"column":8},"end":{"line":111,"column":9}},"type":"if","locations":[{"start":{"line":107,"column":8},"end":{"line":111,"column":9}},{"start":{"line":109,"column":15},"end":{"line":111,"column":9}}]},"11":{"loc":{"start":{"line":121,"column":6},"end":{"line":142,"column":7}},"type":"switch","locations":[{"start":{"line":122,"column":8},"end":{"line":124,"column":16}},{"start":{"line":125,"column":8},"end":{"line":127,"column":16}},{"start":{"line":129,"column":8},"end":{"line":131,"column":16}},{"start":{"line":132,"column":8},"end":{"line":134,"column":16}},{"start":{"line":135,"column":8},"end":{"line":141,"column":11}}]},"12":{"loc":{"start":{"line":123,"column":33},"end":{"line":123,"column":63}},"type":"binary-expr","locations":[{"start":{"line":123,"column":33},"end":{"line":123,"column":54}},{"start":{"line":123,"column":58},"end":{"line":123,"column":63}}]},"13":{"loc":{"start":{"line":123,"column":33},"end":{"line":123,"column":54}},"type":"cond-expr","locations":[{"start":{"line":123,"column":48},"end":{"line":123,"column":50}},{"start":{"line":123,"column":48},"end":{"line":123,"column":54}}]},"14":{"loc":{"start":{"line":123,"column":33},"end":{"line":123,"column":50}},"type":"binary-expr","locations":[{"start":{"line":123,"column":33},"end":{"line":123,"column":50}},{"start":{"line":123,"column":48},"end":{"line":123,"column":50}}]},"15":{"loc":{"start":{"line":137,"column":10},"end":{"line":141,"column":11}},"type":"if","locations":[{"start":{"line":137,"column":10},"end":{"line":141,"column":11}}]},"16":{"loc":{"start":{"line":139,"column":63},"end":{"line":139,"column":88}},"type":"binary-expr","locations":[{"start":{"line":139,"column":63},"end":{"line":139,"column":75}},{"start":{"line":139,"column":79},"end":{"line":139,"column":88}}]},"17":{"loc":{"start":{"line":155,"column":6},"end":{"line":168,"column":7}},"type":"if","locations":[{"start":{"line":155,"column":6},"end":{"line":168,"column":7}},{"start":{"line":162,"column":13},"end":{"line":168,"column":7}}]},"18":{"loc":{"start":{"line":172,"column":15},"end":{"line":172,"column":69}},"type":"binary-expr","locations":[{"start":{"line":172,"column":15},"end":{"line":172,"column":28}},{"start":{"line":172,"column":32},"end":{"line":172,"column":69}}]},"19":{"loc":{"start":{"line":175,"column":6},"end":{"line":183,"column":7}},"type":"if","locations":[{"start":{"line":175,"column":6},"end":{"line":183,"column":7}},{"start":{"line":181,"column":13},"end":{"line":183,"column":7}}]},"20":{"loc":{"start":{"line":195,"column":4},"end":{"line":195,"column":40}},"type":"default-arg","locations":[{"start":{"line":195,"column":26},"end":{"line":195,"column":40}}]},"21":{"loc":{"start":{"line":196,"column":4},"end":{"line":196,"column":56}},"type":"default-arg","locations":[{"start":{"line":196,"column":24},"end":{"line":196,"column":56}}]},"22":{"loc":{"start":{"line":222,"column":4},"end":{"line":225,"column":5}},"type":"if","locations":[{"start":{"line":222,"column":4},"end":{"line":225,"column":5}}]},"23":{"loc":{"start":{"line":227,"column":6},"end":{"line":233,"column":7}},"type":"if","locations":[{"start":{"line":227,"column":6},"end":{"line":233,"column":7}}]},"24":{"loc":{"start":{"line":250,"column":4},"end":{"line":253,"column":5}},"type":"if","locations":[{"start":{"line":250,"column":4},"end":{"line":253,"column":5}}]},"25":{"loc":{"start":{"line":256,"column":6},"end":{"line":262,"column":7}},"type":"if","locations":[{"start":{"line":256,"column":6},"end":{"line":262,"column":7}}]},"26":{"loc":{"start":{"line":284,"column":8},"end":{"line":288,"column":9}},"type":"if","locations":[{"start":{"line":284,"column":8},"end":{"line":288,"column":9}},{"start":{"line":286,"column":15},"end":{"line":288,"column":9}}]},"27":{"loc":{"start":{"line":318,"column":4},"end":{"line":329,"column":5}},"type":"if","locations":[{"start":{"line":318,"column":4},"end":{"line":329,"column":5}},{"start":{"line":327,"column":11},"end":{"line":329,"column":5}}]},"28":{"loc":{"start":{"line":318,"column":8},"end":{"line":318,"column":64}},"type":"binary-expr","locations":[{"start":{"line":318,"column":8},"end":{"line":318,"column":29}},{"start":{"line":318,"column":33},"end":{"line":318,"column":64}}]}},"s":{"0":1,"1":1,"2":1,"3":1,"4":1,"5":1,"6":1,"7":0,"8":0,"9":0,"10":0,"11":0,"12":0,"13":0,"14":0,"15":0,"16":0,"17":0,"18":0,"19":0,"20":0,"21":0,"22":0,"23":0,"24":0,"25":0,"26":0,"27":0,"28":0,"29":0,"30":0,"31":0,"32":0,"33":0,"34":0,"35":0,"36":0,"37":0,"38":0,"39":0,"40":0,"41":0,"42":0,"43":0,"44":0,"45":0,"46":0,"47":0,"48":0,"49":0,"50":0,"51":0,"52":0,"53":0,"54":0,"55":0,"56":0,"57":0,"58":0,"59":0,"60":0,"61":0,"62":0,"63":0,"64":0,"65":0,"66":0,"67":0,"68":0,"69":0,"70":0,"71":0,"72":0,"73":0,"74":0,"75":0,"76":0,"77":0,"78":0,"79":0,"80":0,"81":0,"82":0,"83":0,"84":0,"85":0,"86":0,"87":0,"88":0,"89":0,"90":0,"91":0,"92":0,"93":0,"94":0,"95":0,"96":0,"97":0,"98":0,"99":0,"100":0,"101":0,"102":0,"103":0,"104":0,"105":0,"106":0,"107":0,"108":0,"109":0,"110":0,"111":0,"112":0,"113":0,"114":0,"115":0,"116":0,"117":0,"118":0,"119":0,"120":0,"121":0,"122":0,"123":0,"124":0,"125":0,"126":0,"127":1,"128":1,"129":1},"f":{"0":1,"1":0,"2":0,"3":0,"4":0,"5":0,"6":0,"7":0,"8":0,"9":0,"10":0,"11":0,"12":0,"13":0,"14":0,"15":0,"16":0,"17":0,"18":0,"19":0,"20":0,"21":0},"b":{"0":[0],"1":[0],"2":[0],"3":[0,0],"4":[0],"5":[0],"6":[0],"7":[0,0],"8":[0],"9":[0,0],"10":[0,0],"11":[0,0,0,0,0],"12":[0,0],"13":[0,0],"14":[0,0],"15":[0],"16":[0,0],"17":[0,0],"18":[0,0],"19":[0,0],"20":[0],"21":[0],"22":[0],"23":[0],"24":[0],"25":[0],"26":[0,0],"27":[0,0],"28":[0,0]}}
,"/Users/unadlib/Sites/webpage-mcp/chrome-mcp-react/app/native-server/src/trace-analyzer.ts": {"path":"/Users/unadlib/Sites/webpage-mcp/chrome-mcp-react/app/native-server/src/trace-analyzer.ts","statementMap":{"0":{"start":{"line":27,"column":0},"end":{"line":27,"column":7}},"1":{"start":{"line":43,"column":0},"end":{"line":43,"column":16}},"2":{"start":{"line":49,"column":0},"end":{"line":49,"column":16}},"3":{"start":{"line":64,"column":0},"end":{"line":64,"column":7}},"4":{"start":{"line":1,"column":0},"end":{"line":1,"column":25}},"5":{"start":{"line":9,"column":0},"end":{"line":9,"column":88}},"6":{"start":{"line":12,"column":0},"end":{"line":12,"column":145}},"7":{"start":{"line":15,"column":0},"end":{"line":15,"column":149}},"8":{"start":{"line":18,"column":0},"end":{"line":18,"column":110}},"9":{"start":{"line":20,"column":15},"end":{"line":20,"column":67}},"10":{"start":{"line":23,"column":15},"end":{"line":23,"column":45}},"11":{"start":{"line":24,"column":2},"end":{"line":24,"column":26}},"12":{"start":{"line":31,"column":2},"end":{"line":31,"column":26}},"13":{"start":{"line":32,"column":17},"end":{"line":32,"column":62}},"14":{"start":{"line":33,"column":2},"end":{"line":35,"column":3}},"15":{"start":{"line":34,"column":4},"end":{"line":34,"column":81}},"16":{"start":{"line":36,"column":2},"end":{"line":36,"column":29}},"17":{"start":{"line":37,"column":22},"end":{"line":37,"column":42}},"18":{"start":{"line":38,"column":19},"end":{"line":38,"column":48}},"19":{"start":{"line":39,"column":2},"end":{"line":39,"column":74}},"20":{"start":{"line":39,"column":20},"end":{"line":39,"column":74}},"21":{"start":{"line":40,"column":2},"end":{"line":40,"column":35}},"22":{"start":{"line":44,"column":16},"end":{"line":44,"column":55}},"23":{"start":{"line":45,"column":20},"end":{"line":45,"column":56}},"24":{"start":{"line":46,"column":2},"end":{"line":46,"column":40}},"25":{"start":{"line":50,"column":2},"end":{"line":50,"column":73}},"26":{"start":{"line":50,"column":17},"end":{"line":50,"column":73}},"27":{"start":{"line":51,"column":20},"end":{"line":51,"column":97}},"28":{"start":{"line":52,"column":17},"end":{"line":52,"column":55}},"29":{"start":{"line":53,"column":14},"end":{"line":53,"column":47}},"30":{"start":{"line":54,"column":2},"end":{"line":54,"column":67}},"31":{"start":{"line":54,"column":12},"end":{"line":54,"column":67}},"32":{"start":{"line":55,"column":16},"end":{"line":55,"column":31}},"33":{"start":{"line":56,"column":2},"end":{"line":56,"column":84}},"34":{"start":{"line":56,"column":31},"end":{"line":56,"column":84}},"35":{"start":{"line":57,"column":20},"end":{"line":59,"column":null}},"36":{"start":{"line":61,"column":2},"end":{"line":61,"column":35}},"37":{"start":{"line":71,"column":15},"end":{"line":71,"column":37}},"38":{"start":{"line":72,"column":36},"end":{"line":72,"column":58}},"39":{"start":{"line":73,"column":18},"end":{"line":73,"column":46}},"40":{"start":{"line":74,"column":2},"end":{"line":82,"column":3}},"41":{"start":{"line":75,"column":4},"end":{"line":81,"column":5}},"42":{"start":{"line":76,"column":22},"end":{"line":76,"column":72}},"43":{"start":{"line":77,"column":6},"end":{"line":77,"column":34}},"44":{"start":{"line":80,"column":6},"end":{"line":80,"column":25}},"45":{"start":{"line":83,"column":2},"end":{"line":83,"column":21}},"46":{"start":{"line":86,"column":0},"end":{"line":86,"column":36}}},"fnMap":{"0":{"name":"readJsonFile","decl":{"start":{"line":22,"column":9},"end":{"line":22,"column":21}},"loc":{"start":{"line":22,"column":34},"end":{"line":25,"column":1}}},"1":{"name":"parseTrace","decl":{"start":{"line":27,"column":22},"end":{"line":27,"column":32}},"loc":{"start":{"line":27,"column":42},"end":{"line":41,"column":1}}},"2":{"name":"getTraceSummary","decl":{"start":{"line":43,"column":16},"end":{"line":43,"column":31}},"loc":{"start":{"line":43,"column":48},"end":{"line":47,"column":1}}},"3":{"name":"getInsightText","decl":{"start":{"line":49,"column":16},"end":{"line":49,"column":30}},"loc":{"start":{"line":49,"column":83},"end":{"line":62,"column":1}}},"4":{"name":"analyzeTraceFile","decl":{"start":{"line":64,"column":22},"end":{"line":64,"column":38}},"loc":{"start":{"line":66,"column":22},"end":{"line":84,"column":1}}}},"branchMap":{"0":{"loc":{"start":{"line":32,"column":17},"end":{"line":32,"column":62}},"type":"cond-expr","locations":[{"start":{"line":32,"column":39},"end":{"line":32,"column":43}},{"start":{"line":32,"column":46},"end":{"line":32,"column":62}}]},"1":{"loc":{"start":{"line":33,"column":2},"end":{"line":35,"column":3}},"type":"if","locations":[{"start":{"line":33,"column":2},"end":{"line":35,"column":3}}]},"2":{"loc":{"start":{"line":33,"column":6},"end":{"line":33,"column":39}},"type":"binary-expr","locations":[{"start":{"line":33,"column":6},"end":{"line":33,"column":13}},{"start":{"line":33,"column":17},"end":{"line":33,"column":39}}]},"3":{"loc":{"start":{"line":38,"column":19},"end":{"line":38,"column":48}},"type":"cond-expr","locations":[{"start":{"line":38,"column":40},"end":{"line":38,"column":44}},{"start":{"line":38,"column":44},"end":{"line":38,"column":48}}]},"4":{"loc":{"start":{"line":38,"column":19},"end":{"line":38,"column":44}},"type":"binary-expr","locations":[{"start":{"line":38,"column":19},"end":{"line":38,"column":44}},{"start":{"line":38,"column":40},"end":{"line":38,"column":44}}]},"5":{"loc":{"start":{"line":38,"column":19},"end":{"line":38,"column":40}},"type":"cond-expr","locations":[{"start":{"line":38,"column":30},"end":{"line":38,"column":32}},{"start":{"line":38,"column":19},"end":{"line":38,"column":40}}]},"6":{"loc":{"start":{"line":38,"column":19},"end":{"line":38,"column":32}},"type":"binary-expr","locations":[{"start":{"line":38,"column":19},"end":{"line":38,"column":32}},{"start":{"line":38,"column":19},"end":{"line":38,"column":32}}]},"7":{"loc":{"start":{"line":39,"column":2},"end":{"line":39,"column":74}},"type":"if","locations":[{"start":{"line":39,"column":2},"end":{"line":39,"column":74}}]},"8":{"loc":{"start":{"line":50,"column":2},"end":{"line":50,"column":73}},"type":"if","locations":[{"start":{"line":50,"column":2},"end":{"line":50,"column":73}}]},"9":{"loc":{"start":{"line":51,"column":20},"end":{"line":51,"column":97}},"type":"cond-expr","locations":[{"start":{"line":51,"column":83},"end":{"line":51,"column":85}},{"start":{"line":51,"column":83},"end":{"line":51,"column":97}}]},"10":{"loc":{"start":{"line":51,"column":20},"end":{"line":51,"column":85}},"type":"binary-expr","locations":[{"start":{"line":51,"column":20},"end":{"line":51,"column":85}},{"start":{"line":51,"column":83},"end":{"line":51,"column":85}}]},"11":{"loc":{"start":{"line":51,"column":20},"end":{"line":51,"column":83}},"type":"cond-expr","locations":[{"start":{"line":51,"column":77},"end":{"line":51,"column":79}},{"start":{"line":51,"column":77},"end":{"line":51,"column":83}}]},"12":{"loc":{"start":{"line":51,"column":20},"end":{"line":51,"column":79}},"type":"binary-expr","locations":[{"start":{"line":51,"column":20},"end":{"line":51,"column":79}},{"start":{"line":51,"column":77},"end":{"line":51,"column":79}}]},"13":{"loc":{"start":{"line":51,"column":20},"end":{"line":51,"column":77}},"type":"cond-expr","locations":[{"start":{"line":51,"column":71},"end":{"line":51,"column":73}},{"start":{"line":51,"column":71},"end":{"line":51,"column":77}}]},"14":{"loc":{"start":{"line":51,"column":20},"end":{"line":51,"column":73}},"type":"binary-expr","locations":[{"start":{"line":51,"column":20},"end":{"line":51,"column":73}},{"start":{"line":51,"column":71},"end":{"line":51,"column":73}}]},"15":{"loc":{"start":{"line":51,"column":20},"end":{"line":51,"column":71}},"type":"cond-expr","locations":[{"start":{"line":51,"column":64},"end":{"line":51,"column":66}},{"start":{"line":51,"column":64},"end":{"line":51,"column":71}}]},"16":{"loc":{"start":{"line":51,"column":20},"end":{"line":51,"column":66}},"type":"binary-expr","locations":[{"start":{"line":51,"column":20},"end":{"line":51,"column":66}},{"start":{"line":51,"column":64},"end":{"line":51,"column":66}}]},"17":{"loc":{"start":{"line":51,"column":20},"end":{"line":51,"column":64}},"type":"cond-expr","locations":[{"start":{"line":51,"column":42},"end":{"line":51,"column":44}},{"start":{"line":51,"column":42},"end":{"line":51,"column":64}}]},"18":{"loc":{"start":{"line":51,"column":20},"end":{"line":51,"column":44}},"type":"binary-expr","locations":[{"start":{"line":51,"column":20},"end":{"line":51,"column":44}},{"start":{"line":51,"column":42},"end":{"line":51,"column":44}}]},"19":{"loc":{"start":{"line":51,"column":20},"end":{"line":51,"column":42}},"type":"cond-expr","locations":[{"start":{"line":51,"column":36},"end":{"line":51,"column":38}},{"start":{"line":51,"column":36},"end":{"line":51,"column":42}}]},"20":{"loc":{"start":{"line":51,"column":20},"end":{"line":51,"column":38}},"type":"binary-expr","locations":[{"start":{"line":51,"column":20},"end":{"line":51,"column":38}},{"start":{"line":51,"column":36},"end":{"line":51,"column":38}}]},"21":{"loc":{"start":{"line":53,"column":27},"end":{"line":53,"column":46}},"type":"cond-expr","locations":[{"start":{"line":53,"column":27},"end":{"line":53,"column":36}},{"start":{"line":53,"column":40},"end":{"line":53,"column":46}}]},"22":{"loc":{"start":{"line":53,"column":27},"end":{"line":53,"column":40}},"type":"binary-expr","locations":[{"start":{"line":53,"column":27},"end":{"line":53,"column":40}},{"start":{"line":53,"column":27},"end":{"line":53,"column":40}}]},"23":{"loc":{"start":{"line":54,"column":2},"end":{"line":54,"column":67}},"type":"if","locations":[{"start":{"line":54,"column":2},"end":{"line":54,"column":67}}]},"24":{"loc":{"start":{"line":55,"column":16},"end":{"line":55,"column":31}},"type":"binary-expr","locations":[{"start":{"line":55,"column":16},"end":{"line":55,"column":25}},{"start":{"line":55,"column":29},"end":{"line":55,"column":31}}]},"25":{"loc":{"start":{"line":56,"column":2},"end":{"line":56,"column":84}},"type":"if","locations":[{"start":{"line":56,"column":2},"end":{"line":56,"column":84}}]},"26":{"loc":{"start":{"line":74,"column":2},"end":{"line":82,"column":3}},"type":"if","locations":[{"start":{"line":74,"column":2},"end":{"line":82,"column":3}}]}},"s":{"0":0,"1":0,"2":0,"3":0,"4":0,"5":0,"6":0,"7":0,"8":0,"9":0,"10":0,"11":0,"12":0,"13":0,"14":0,"15":0,"16":0,"17":0,"18":0,"19":0,"20":0,"21":0,"22":0,"23":0,"24":0,"25":0,"26":0,"27":0,"28":0,"29":0,"30":0,"31":0,"32":0,"33":0,"34":0,"35":0,"36":0,"37":0,"38":0,"39":0,"40":0,"41":0,"42":0,"43":0,"44":0,"45":0,"46":0},"f":{"0":0,"1":0,"2":0,"3":0,"4":0},"b":{"0":[0,0],"1":[0],"2":[0,0],"3":[0,0],"4":[0,0],"5":[0,0],"6":[0,0],"7":[0],"8":[0],"9":[0,0],"10":[0,0],"11":[0,0],"12":[0,0],"13":[0,0],"14":[0,0],"15":[0,0],"16":[0,0],"17":[0,0],"18":[0,0],"19":[0,0],"20":[0,0],"21":[0,0],"22":[0,0],"23":[0],"24":[0,0],"25":[0],"26":[0]}}
,"/Users/unadlib/Sites/webpage-mcp/chrome-mcp-react/app/native-server/src/agent/attachment-service.ts": {"path":"/Users/unadlib/Sites/webpage-mcp/chrome-mcp-react/app/native-server/src/agent/attachment-service.ts","statementMap":{"0":{"start":{"line":12,"column":0},"end":{"line":12,"column":34}},"1":{"start":{"line":13,"column":0},"end":{"line":13,"column":29}},"2":{"start":{"line":14,"column":0},"end":{"line":14,"column":41}},"3":{"start":{"line":20,"column":0},"end":{"line":20,"column":44}},"4":{"start":{"line":73,"column":29},"end":{"line":73,"column":42}},"5":{"start":{"line":76,"column":27},"end":{"line":76,"column":90}},"6":{"start":{"line":86,"column":2},"end":{"line":97,"column":3}},"7":{"start":{"line":88,"column":6},"end":{"line":88,"column":19}},"8":{"start":{"line":90,"column":6},"end":{"line":90,"column":19}},"9":{"start":{"line":92,"column":6},"end":{"line":92,"column":19}},"10":{"start":{"line":94,"column":6},"end":{"line":94,"column":20}},"11":{"start":{"line":96,"column":6},"end":{"line":96,"column":19}},"12":{"start":{"line":109,"column":14},"end":{"line":109,"column":44}},"13":{"start":{"line":110,"column":15},"end":{"line":110,"column":39}},"14":{"start":{"line":111,"column":2},"end":{"line":111,"column":62}},"15":{"start":{"line":119,"column":2},"end":{"line":121,"column":3}},"16":{"start":{"line":120,"column":4},"end":{"line":120,"column":17}},"17":{"start":{"line":122,"column":2},"end":{"line":124,"column":3}},"18":{"start":{"line":123,"column":4},"end":{"line":123,"column":17}},"19":{"start":{"line":126,"column":2},"end":{"line":126,"column":57}},"20":{"start":{"line":133,"column":2},"end":{"line":133,"column":31}},"21":{"start":{"line":133,"column":18},"end":{"line":133,"column":31}},"22":{"start":{"line":135,"column":2},"end":{"line":135,"column":44}},"23":{"start":{"line":147,"column":4},"end":{"line":147,"column":62}},"24":{"start":{"line":154,"column":4},"end":{"line":156,"column":5}},"25":{"start":{"line":155,"column":6},"end":{"line":155,"column":57}},"26":{"start":{"line":157,"column":4},"end":{"line":157,"column":62}},"27":{"start":{"line":165,"column":4},"end":{"line":167,"column":5}},"28":{"start":{"line":166,"column":6},"end":{"line":166,"column":57}},"29":{"start":{"line":168,"column":4},"end":{"line":170,"column":5}},"30":{"start":{"line":169,"column":6},"end":{"line":169,"column":55}},"31":{"start":{"line":172,"column":23},"end":{"line":172,"column":63}},"32":{"start":{"line":173,"column":21},"end":{"line":173,"column":52}},"33":{"start":{"line":176,"column":21},"end":{"line":176,"column":43}},"34":{"start":{"line":177,"column":31},"end":{"line":177,"column":55}},"35":{"start":{"line":178,"column":4},"end":{"line":180,"column":5}},"36":{"start":{"line":179,"column":6},"end":{"line":179,"column":57}},"37":{"start":{"line":182,"column":4},"end":{"line":182,"column":20}},"38":{"start":{"line":190,"column":56},"end":{"line":190,"column":61}},"39":{"start":{"line":193,"column":4},"end":{"line":195,"column":5}},"40":{"start":{"line":194,"column":6},"end":{"line":194,"column":57}},"41":{"start":{"line":196,"column":4},"end":{"line":198,"column":5}},"42":{"start":{"line":197,"column":6},"end":{"line":197,"column":73}},"43":{"start":{"line":199,"column":4},"end":{"line":201,"column":5}},"44":{"start":{"line":200,"column":6},"end":{"line":200,"column":71}},"45":{"start":{"line":204,"column":21},"end":{"line":208,"column":6}},"46":{"start":{"line":209,"column":23},"end":{"line":209,"column":63}},"47":{"start":{"line":210,"column":25},"end":{"line":210,"column":56}},"48":{"start":{"line":213,"column":19},"end":{"line":213,"column":63}},"49":{"start":{"line":214,"column":22},"end":{"line":214,"column":35}},"50":{"start":{"line":217,"column":4},"end":{"line":217,"column":52}},"51":{"start":{"line":218,"column":4},"end":{"line":218,"column":45}},"52":{"start":{"line":221,"column":41},"end":{"line":233,"column":6}},"53":{"start":{"line":235,"column":4},"end":{"line":235,"column":96}},"54":{"start":{"line":237,"column":4},"end":{"line":241,"column":6}},"55":{"start":{"line":248,"column":20},"end":{"line":248,"column":48}},"56":{"start":{"line":249,"column":47},"end":{"line":249,"column":49}},"57":{"start":{"line":250,"column":21},"end":{"line":250,"column":22}},"58":{"start":{"line":251,"column":21},"end":{"line":251,"column":22}},"59":{"start":{"line":253,"column":4},"end":{"line":278,"column":5}},"60":{"start":{"line":255,"column":6},"end":{"line":255,"column":31}},"61":{"start":{"line":258,"column":22},"end":{"line":258,"column":72}},"62":{"start":{"line":260,"column":6},"end":{"line":275,"column":7}},"63":{"start":{"line":261,"column":8},"end":{"line":261,"column":43}},"64":{"start":{"line":261,"column":34},"end":{"line":261,"column":43}},"65":{"start":{"line":263,"column":26},"end":{"line":263,"column":36}},"66":{"start":{"line":264,"column":24},"end":{"line":264,"column":53}},"67":{"start":{"line":266,"column":8},"end":{"line":274,"column":9}},"68":{"start":{"line":267,"column":24},"end":{"line":267,"column":70}},"69":{"start":{"line":268,"column":10},"end":{"line":268,"column":31}},"70":{"start":{"line":269,"column":10},"end":{"line":269,"column":40}},"71":{"start":{"line":270,"column":10},"end":{"line":270,"column":41}},"72":{"start":{"line":273,"column":10},"end":{"line":273,"column":91}},"73":{"start":{"line":280,"column":4},"end":{"line":285,"column":6}},"74":{"start":{"line":295,"column":20},"end":{"line":295,"column":21}},"75":{"start":{"line":296,"column":21},"end":{"line":296,"column":22}},"76":{"start":{"line":298,"column":22},"end":{"line":298,"column":23}},"77":{"start":{"line":300,"column":4},"end":{"line":336,"column":5}},"78":{"start":{"line":301,"column":20},"end":{"line":301,"column":45}},"79":{"start":{"line":303,"column":6},"end":{"line":318,"column":7}},"80":{"start":{"line":304,"column":25},"end":{"line":304,"column":49}},"81":{"start":{"line":305,"column":8},"end":{"line":317,"column":9}},"82":{"start":{"line":306,"column":23},"end":{"line":306,"column":46}},"83":{"start":{"line":307,"column":10},"end":{"line":314,"column":11}},"84":{"start":{"line":308,"column":12},"end":{"line":308,"column":24}},"85":{"start":{"line":309,"column":12},"end":{"line":309,"column":36}},"86":{"start":{"line":310,"column":12},"end":{"line":313,"column":13}},"87":{"start":{"line":311,"column":14},"end":{"line":311,"column":41}},"88":{"start":{"line":312,"column":14},"end":{"line":312,"column":56}},"89":{"start":{"line":320,"column":6},"end":{"line":327,"column":8}},"90":{"start":{"line":329,"column":6},"end":{"line":335,"column":8}},"91":{"start":{"line":343,"column":20},"end":{"line":343,"column":48}},"92":{"start":{"line":344,"column":44},"end":{"line":344,"column":46}},"93":{"start":{"line":345,"column":28},"end":{"line":345,"column":29}},"94":{"start":{"line":346,"column":28},"end":{"line":346,"column":29}},"95":{"start":{"line":351,"column":4},"end":{"line":368,"column":5}},"96":{"start":{"line":353,"column":6},"end":{"line":353,"column":36}},"97":{"start":{"line":356,"column":6},"end":{"line":367,"column":7}},"98":{"start":{"line":357,"column":24},"end":{"line":357,"column":74}},"99":{"start":{"line":358,"column":8},"end":{"line":358,"column":79}},"100":{"start":{"line":358,"column":43},"end":{"line":358,"column":58}},"101":{"start":{"line":358,"column":71},"end":{"line":358,"column":77}},"102":{"start":{"line":361,"column":8},"end":{"line":366,"column":10}},"103":{"start":{"line":371,"column":4},"end":{"line":381,"column":5}},"104":{"start":{"line":372,"column":6},"end":{"line":375,"column":7}},"105":{"start":{"line":373,"column":8},"end":{"line":373,"column":86}},"106":{"start":{"line":374,"column":8},"end":{"line":374,"column":17}},"107":{"start":{"line":377,"column":21},"end":{"line":377,"column":57}},"108":{"start":{"line":378,"column":6},"end":{"line":378,"column":27}},"109":{"start":{"line":379,"column":6},"end":{"line":379,"column":47}},"110":{"start":{"line":380,"column":6},"end":{"line":380,"column":47}},"111":{"start":{"line":383,"column":4},"end":{"line":388,"column":6}},"112":{"start":{"line":395,"column":20},"end":{"line":395,"column":60}},"113":{"start":{"line":397,"column":4},"end":{"line":434,"column":5}},"114":{"start":{"line":399,"column":20},"end":{"line":399,"column":66}},"115":{"start":{"line":401,"column":6},"end":{"line":409,"column":7}},"116":{"start":{"line":402,"column":8},"end":{"line":408,"column":10}},"117":{"start":{"line":412,"column":6},"end":{"line":412,"column":61}},"118":{"start":{"line":414,"column":6},"end":{"line":416,"column":8}},"119":{"start":{"line":418,"column":6},"end":{"line":424,"column":8}},"120":{"start":{"line":426,"column":6},"end":{"line":426,"column":90}},"121":{"start":{"line":427,"column":6},"end":{"line":433,"column":8}},"122":{"start":{"line":441,"column":4},"end":{"line":447,"column":5}},"123":{"start":{"line":442,"column":23},"end":{"line":442,"column":66}},"124":{"start":{"line":443,"column":6},"end":{"line":443,"column":32}},"125":{"start":{"line":444,"column":6},"end":{"line":444,"column":18}},"126":{"start":{"line":446,"column":6},"end":{"line":446,"column":19}},"127":{"start":{"line":454,"column":21},"end":{"line":454,"column":64}},"128":{"start":{"line":455,"column":4},"end":{"line":455,"column":33}},"129":{"start":{"line":142,"column":0},"end":{"line":142,"column":13}},"130":{"start":{"line":463,"column":13},"end":{"line":463,"column":57}}},"fnMap":{"0":{"name":"mimeTypeToExt","decl":{"start":{"line":85,"column":9},"end":{"line":85,"column":22}},"loc":{"start":{"line":85,"column":39},"end":{"line":98,"column":1}}},"1":{"name":"buildAttachmentFilename","decl":{"start":{"line":104,"column":9},"end":{"line":104,"column":32}},"loc":{"start":{"line":108,"column":1},"end":{"line":112,"column":1}}},"2":{"name":"isValidFilename","decl":{"start":{"line":117,"column":9},"end":{"line":117,"column":24}},"loc":{"start":{"line":117,"column":41},"end":{"line":127,"column":1}}},"3":{"name":"isValidProjectId","decl":{"start":{"line":132,"column":9},"end":{"line":132,"column":25}},"loc":{"start":{"line":132,"column":43},"end":{"line":136,"column":1}}},"4":{"name":"(anonymous_5)","decl":{"start":{"line":146,"column":2},"end":{"line":146,"column":23}},"loc":{"start":{"line":146,"column":23},"end":{"line":148,"column":3}}},"5":{"name":"(anonymous_6)","decl":{"start":{"line":153,"column":2},"end":{"line":153,"column":26}},"loc":{"start":{"line":153,"column":44},"end":{"line":158,"column":3}}},"6":{"name":"(anonymous_7)","decl":{"start":{"line":164,"column":2},"end":{"line":164,"column":19}},"loc":{"start":{"line":164,"column":55},"end":{"line":183,"column":3}}},"7":{"name":"(anonymous_8)","decl":{"start":{"line":189,"column":2},"end":{"line":189,"column":7}},"loc":{"start":{"line":189,"column":49},"end":{"line":242,"column":3}}},"8":{"name":"(anonymous_9)","decl":{"start":{"line":247,"column":2},"end":{"line":247,"column":7}},"loc":{"start":{"line":247,"column":26},"end":{"line":286,"column":3}}},"9":{"name":"(anonymous_10)","decl":{"start":{"line":291,"column":10},"end":{"line":291,"column":15}},"loc":{"start":{"line":293,"column":19},"end":{"line":337,"column":3}}},"10":{"name":"(anonymous_11)","decl":{"start":{"line":342,"column":2},"end":{"line":342,"column":7}},"loc":{"start":{"line":342,"column":58},"end":{"line":389,"column":3}}},"11":{"name":"(anonymous_12)","decl":{"start":{"line":358,"column":36},"end":{"line":358,"column":37}},"loc":{"start":{"line":358,"column":43},"end":{"line":358,"column":58}}},"12":{"name":"(anonymous_13)","decl":{"start":{"line":358,"column":64},"end":{"line":358,"column":65}},"loc":{"start":{"line":358,"column":71},"end":{"line":358,"column":77}}},"13":{"name":"(anonymous_14)","decl":{"start":{"line":394,"column":10},"end":{"line":394,"column":15}},"loc":{"start":{"line":394,"column":48},"end":{"line":435,"column":3}}},"14":{"name":"(anonymous_15)","decl":{"start":{"line":440,"column":2},"end":{"line":440,"column":7}},"loc":{"start":{"line":440,"column":60},"end":{"line":448,"column":3}}},"15":{"name":"(anonymous_16)","decl":{"start":{"line":453,"column":2},"end":{"line":453,"column":7}},"loc":{"start":{"line":453,"column":58},"end":{"line":456,"column":3}}}},"branchMap":{"0":{"loc":{"start":{"line":86,"column":2},"end":{"line":97,"column":3}},"type":"switch","locations":[{"start":{"line":87,"column":4},"end":{"line":88,"column":19}},{"start":{"line":89,"column":4},"end":{"line":90,"column":19}},{"start":{"line":91,"column":4},"end":{"line":92,"column":19}},{"start":{"line":93,"column":4},"end":{"line":94,"column":20}},{"start":{"line":95,"column":4},"end":{"line":96,"column":19}}]},"1":{"loc":{"start":{"line":119,"column":2},"end":{"line":121,"column":3}},"type":"if","locations":[{"start":{"line":119,"column":2},"end":{"line":121,"column":3}}]},"2":{"loc":{"start":{"line":119,"column":6},"end":{"line":119,"column":68}},"type":"binary-expr","locations":[{"start":{"line":119,"column":6},"end":{"line":119,"column":15}},{"start":{"line":119,"column":19},"end":{"line":119,"column":41}},{"start":{"line":119,"column":45},"end":{"line":119,"column":68}}]},"3":{"loc":{"start":{"line":122,"column":2},"end":{"line":124,"column":3}},"type":"if","locations":[{"start":{"line":122,"column":2},"end":{"line":124,"column":3}}]},"4":{"loc":{"start":{"line":122,"column":6},"end":{"line":122,"column":71}},"type":"binary-expr","locations":[{"start":{"line":122,"column":6},"end":{"line":122,"column":22}},{"start":{"line":122,"column":26},"end":{"line":122,"column":43}},{"start":{"line":122,"column":47},"end":{"line":122,"column":71}}]},"5":{"loc":{"start":{"line":133,"column":2},"end":{"line":133,"column":31}},"type":"if","locations":[{"start":{"line":133,"column":2},"end":{"line":133,"column":31}}]},"6":{"loc":{"start":{"line":154,"column":4},"end":{"line":156,"column":5}},"type":"if","locations":[{"start":{"line":154,"column":4},"end":{"line":156,"column":5}}]},"7":{"loc":{"start":{"line":165,"column":4},"end":{"line":167,"column":5}},"type":"if","locations":[{"start":{"line":165,"column":4},"end":{"line":167,"column":5}}]},"8":{"loc":{"start":{"line":168,"column":4},"end":{"line":170,"column":5}},"type":"if","locations":[{"start":{"line":168,"column":4},"end":{"line":170,"column":5}}]},"9":{"loc":{"start":{"line":178,"column":4},"end":{"line":180,"column":5}},"type":"if","locations":[{"start":{"line":178,"column":4},"end":{"line":180,"column":5}}]},"10":{"loc":{"start":{"line":193,"column":4},"end":{"line":195,"column":5}},"type":"if","locations":[{"start":{"line":193,"column":4},"end":{"line":195,"column":5}}]},"11":{"loc":{"start":{"line":196,"column":4},"end":{"line":198,"column":5}},"type":"if","locations":[{"start":{"line":196,"column":4},"end":{"line":198,"column":5}}]},"12":{"loc":{"start":{"line":199,"column":4},"end":{"line":201,"column":5}},"type":"if","locations":[{"start":{"line":199,"column":4},"end":{"line":201,"column":5}}]},"13":{"loc":{"start":{"line":261,"column":8},"end":{"line":261,"column":43}},"type":"if","locations":[{"start":{"line":261,"column":8},"end":{"line":261,"column":43}}]},"14":{"loc":{"start":{"line":307,"column":10},"end":{"line":314,"column":11}},"type":"if","locations":[{"start":{"line":307,"column":10},"end":{"line":314,"column":11}}]},"15":{"loc":{"start":{"line":310,"column":12},"end":{"line":313,"column":13}},"type":"if","locations":[{"start":{"line":310,"column":12},"end":{"line":313,"column":13}}]},"16":{"loc":{"start":{"line":351,"column":4},"end":{"line":368,"column":5}},"type":"if","locations":[{"start":{"line":351,"column":4},"end":{"line":368,"column":5}},{"start":{"line":354,"column":11},"end":{"line":368,"column":5}}]},"17":{"loc":{"start":{"line":351,"column":8},"end":{"line":351,"column":56}},"type":"binary-expr","locations":[{"start":{"line":351,"column":8},"end":{"line":351,"column":25}},{"start":{"line":351,"column":29},"end":{"line":351,"column":56}}]},"18":{"loc":{"start":{"line":351,"column":8},"end":{"line":351,"column":25}},"type":"cond-expr","locations":[{"start":{"line":351,"column":13},"end":{"line":351,"column":15}},{"start":{"line":351,"column":8},"end":{"line":351,"column":25}}]},"19":{"loc":{"start":{"line":351,"column":8},"end":{"line":351,"column":15}},"type":"binary-expr","locations":[{"start":{"line":351,"column":8},"end":{"line":351,"column":15}},{"start":{"line":351,"column":8},"end":{"line":351,"column":15}}]},"20":{"loc":{"start":{"line":372,"column":6},"end":{"line":375,"column":7}},"type":"if","locations":[{"start":{"line":372,"column":6},"end":{"line":375,"column":7}}]},"21":{"loc":{"start":{"line":401,"column":6},"end":{"line":409,"column":7}},"type":"if","locations":[{"start":{"line":401,"column":6},"end":{"line":409,"column":7}}]}},"s":{"0":1,"1":1,"2":1,"3":1,"4":1,"5":1,"6":0,"7":0,"8":0,"9":0,"10":0,"11":0,"12":0,"13":0,"14":0,"15":0,"16":0,"17":0,"18":0,"19":0,"20":0,"21":0,"22":0,"23":0,"24":0,"25":0,"26":0,"27":0,"28":0,"29":0,"30":0,"31":0,"32":0,"33":0,"34":0,"35":0,"36":0,"37":0,"38":0,"39":0,"40":0,"41":0,"42":0,"43":0,"44":0,"45":0,"46":0,"47":0,"48":0,"49":0,"50":0,"51":0,"52":0,"53":0,"54":0,"55":0,"56":0,"57":0,"58":0,"59":0,"60":0,"61":0,"62":0,"63":0,"64":0,"65":0,"66":0,"67":0,"68":0,"69":0,"70":0,"71":0,"72":0,"73":0,"74":0,"75":0,"76":0,"77":0,"78":0,"79":0,"80":0,"81":0,"82":0,"83":0,"84":0,"85":0,"86":0,"87":0,"88":0,"89":0,"90":0,"91":0,"92":0,"93":0,"94":0,"95":0,"96":0,"97":0,"98":0,"99":0,"100":0,"101":0,"102":0,"103":0,"104":0,"105":0,"106":0,"107":0,"108":0,"109":0,"110":0,"111":0,"112":0,"113":0,"114":0,"115":0,"116":0,"117":0,"118":0,"119":0,"120":0,"121":0,"122":0,"123":0,"124":0,"125":0,"126":0,"127":0,"128":0,"129":1,"130":1},"f":{"0":0,"1":0,"2":0,"3":0,"4":0,"5":0,"6":0,"7":0,"8":0,"9":0,"10":0,"11":0,"12":0,"13":0,"14":0,"15":0},"b":{"0":[0,0,0,0,0],"1":[0],"2":[0,0,0],"3":[0],"4":[0,0,0],"5":[0],"6":[0],"7":[0],"8":[0],"9":[0],"10":[0],"11":[0],"12":[0],"13":[0],"14":[0],"15":[0],"16":[0,0],"17":[0,0],"18":[0,0],"19":[0,0],"20":[0],"21":[0]}}
[...]
{"line":689,"column":7}}]},"98":{"loc":{"start":{"line":690,"column":6},"end":{"line":694,"column":7}},"type":"if","locations":[{"start":{"line":690,"column":6},"end":{"line":694,"column":7}}]},"99":{"loc":{"start":{"line":690,"column":10},"end":{"line":690,"column":47}},"type":"binary-expr","locations":[{"start":{"line":690,"column":10},"end":{"line":690,"column":17}},{"start":{"line":690,"column":21},"end":{"line":690,"column":47}}]},"100":{"loc":{"start":{"line":695,"column":6},"end":{"line":700,"column":7}},"type":"if","locations":[{"start":{"line":695,"column":6},"end":{"line":700,"column":7}}]},"101":{"loc":{"start":{"line":704,"column":8},"end":{"line":708,"column":9}},"type":"if","locations":[{"start":{"line":704,"column":8},"end":{"line":708,"column":9}}]},"102":{"loc":{"start":{"line":712,"column":8},"end":{"line":714,"column":9}},"type":"if","locations":[{"start":{"line":712,"column":8},"end":{"line":714,"column":9}}]},"103":{"loc":{"start":{"line":720,"column":24},"end":{"line":720,"column":78}},"type":"cond-expr","locations":[{"start":{"line":720,"column":49},"end":{"line":720,"column":62}},{"start":{"line":720,"column":65},"end":{"line":720,"column":78}}]},"104":{"loc":{"start":{"line":724,"column":17},"end":{"line":724,"column":64}},"type":"binary-expr","locations":[{"start":{"line":724,"column":17},"end":{"line":724,"column":24}},{"start":{"line":724,"column":28},"end":{"line":724,"column":64}}]},"105":{"loc":{"start":{"line":749,"column":41},"end":{"line":749,"column":59}},"type":"binary-expr","locations":[{"start":{"line":749,"column":41},"end":{"line":749,"column":53}},{"start":{"line":749,"column":57},"end":{"line":749,"column":59}}]},"106":{"loc":{"start":{"line":751,"column":6},"end":{"line":755,"column":7}},"type":"if","locations":[{"start":{"line":751,"column":6},"end":{"line":755,"column":7}}]},"107":{"loc":{"start":{"line":756,"column":6},"end":{"line":760,"column":7}},"type":"if","locations":[{"start":{"line":756,"column":6},"end":{"line":760,"column":7}}]},"108":{"loc":{"start":{"line":756,"column":10},"end":{"line":756,"column":51}},"type":"binary-expr","locations":[{"start":{"line":756,"column":10},"end":{"line":756,"column":19}},{"start":{"line":756,"column":23},"end":{"line":756,"column":51}}]},"109":{"loc":{"start":{"line":764,"column":8},"end":{"line":768,"column":9}},"type":"if","locations":[{"start":{"line":764,"column":8},"end":{"line":768,"column":9}}]},"110":{"loc":{"start":{"line":772,"column":8},"end":{"line":774,"column":9}},"type":"if","locations":[{"start":{"line":772,"column":8},"end":{"line":774,"column":9}}]},"111":{"loc":{"start":{"line":780,"column":24},"end":{"line":780,"column":78}},"type":"cond-expr","locations":[{"start":{"line":780,"column":49},"end":{"line":780,"column":62}},{"start":{"line":780,"column":65},"end":{"line":780,"column":78}}]},"112":{"loc":{"start":{"line":784,"column":17},"end":{"line":784,"column":64}},"type":"binary-expr","locations":[{"start":{"line":784,"column":17},"end":{"line":784,"column":24}},{"start":{"line":784,"column":28},"end":{"line":784,"column":64}}]},"113":{"loc":{"start":{"line":804,"column":6},"end":{"line":807,"column":7}},"type":"if","locations":[{"start":{"line":804,"column":6},"end":{"line":807,"column":7}}]},"114":{"loc":{"start":{"line":811,"column":36},"end":{"line":811,"column":50}},"type":"binary-expr","locations":[{"start":{"line":811,"column":36},"end":{"line":811,"column":44}},{"start":{"line":811,"column":48},"end":{"line":811,"column":50}}]},"115":{"loc":{"start":{"line":812,"column":37},"end":{"line":812,"column":52}},"type":"binary-expr","locations":[{"start":{"line":812,"column":37},"end":{"line":812,"column":46}},{"start":{"line":812,"column":50},"end":{"line":812,"column":52}}]},"116":{"loc":{"start":{"line":813,"column":24},"end":{"line":813,"column":72}},"type":"cond-expr","locations":[{"start":{"line":813,"column":62},"end":{"line":813,"column":67}},{"start":{"line":813,"column":70},"end":{"line":813,"column":72}}]},"117":{"loc":{"start":{"line":813,"column":24},"end":{"line":813,"column":59}},"type":"binary-expr","locations":[{"start":{"line":813,"column":24},"end":{"line":813,"column":46}},{"start":{"line":813,"column":50},"end":{"line":813,"column":59}}]},"118":{"loc":{"start":{"line":814,"column":25},"end":{"line":814,"column":76}},"type":"cond-expr","locations":[{"start":{"line":814,"column":66},"end":{"line":814,"column":72}},{"start":{"line":814,"column":75},"end":{"line":814,"column":76}}]},"119":{"loc":{"start":{"line":814,"column":25},"end":{"line":814,"column":63}},"type":"binary-expr","locations":[{"start":{"line":814,"column":25},"end":{"line":814,"column":48}},{"start":{"line":814,"column":52},"end":{"line":814,"column":63}}]},"120":{"loc":{"start":{"line":834,"column":24},"end":{"line":834,"column":78}},"type":"cond-expr","locations":[{"start":{"line":834,"column":49},"end":{"line":834,"column":62}},{"start":{"line":834,"column":65},"end":{"line":834,"column":78}}]},"121":{"loc":{"start":{"line":839,"column":19},"end":{"line":839,"column":66}},"type":"binary-expr","locations":[{"start":{"line":839,"column":19},"end":{"line":839,"column":26}},{"start":{"line":839,"column":30},"end":{"line":839,"column":66}}]},"122":{"loc":{"start":{"line":866,"column":6},"end":{"line":869,"column":7}},"type":"if","locations":[{"start":{"line":866,"column":6},"end":{"line":869,"column":7}}]},"123":{"loc":{"start":{"line":871,"column":19},"end":{"line":871,"column":37}},"type":"binary-expr","locations":[{"start":{"line":871,"column":19},"end":{"line":871,"column":31}},{"start":{"line":871,"column":35},"end":{"line":871,"column":37}}]},"124":{"loc":{"start":{"line":872,"column":22},"end":{"line":872,"column":81}},"type":"cond-expr","locations":[{"start":{"line":872,"column":57},"end":{"line":872,"column":76}},{"start":{"line":872,"column":79},"end":{"line":872,"column":81}}]},"125":{"loc":{"start":{"line":873,"column":6},"end":{"line":878,"column":7}},"type":"if","locations":[{"start":{"line":873,"column":6},"end":{"line":878,"column":7}}]},"126":{"loc":{"start":{"line":880,"column":22},"end":{"line":880,"column":93}},"type":"cond-expr","locations":[{"start":{"line":880,"column":54},"end":{"line":880,"column":84}},{"start":{"line":880,"column":87},"end":{"line":880,"column":93}}]},"127":{"loc":{"start":{"line":882,"column":8},"end":{"line":884,"column":18}},"type":"cond-expr","locations":[{"start":{"line":883,"column":13},"end":{"line":883,"column":56}},{"start":{"line":884,"column":12},"end":{"line":884,"column":18}}]},"128":{"loc":{"start":{"line":882,"column":8},"end":{"line":882,"column":77}},"type":"binary-expr","locations":[{"start":{"line":882,"column":8},"end":{"line":882,"column":31}},{"start":{"line":882,"column":35},"end":{"line":882,"column":55}},{"start":{"line":882,"column":59},"end":{"line":882,"column":77}}]},"129":{"loc":{"start":{"line":886,"column":22},"end":{"line":886,"column":96}},"type":"cond-expr","locations":[{"start":{"line":886,"column":61},"end":{"line":886,"column":91}},{"start":{"line":886,"column":94},"end":{"line":886,"column":96}}]},"130":{"loc":{"start":{"line":888,"column":58},"end":{"line":888,"column":95}},"type":"cond-expr","locations":[{"start":{"line":888,"column":78},"end":{"line":888,"column":86}},{"start":{"line":888,"column":89},"end":{"line":888,"column":95}}]},"131":{"loc":{"start":{"line":890,"column":9},"end":{"line":892,"column":24}},"type":"cond-expr","locations":[{"start":{"line":891,"column":13},"end":{"line":891,"column":54}},{"start":{"line":892,"column":12},"end":{"line":892,"column":24}}]},"132":{"loc":{"start":{"line":890,"column":9},"end":{"line":890,"column":72}},"type":"binary-expr","locations":[{"start":{"line":890,"column":9},"end":{"line":890,"column":61}},{"start":{"line":890,"column":65},"end":{"line":890,"column":72}}]},"133":{"loc":{"start":{"line":911,"column":24},"end":{"line":911,"column":78}},"type":"cond-expr","locations":[{"start":{"line":911,"column":49},"end":{"line":911,"column":62}},{"start":{"line":911,"column":65},"end":{"line":911,"column":78}}]},"134":{"loc":{"start":{"line":916,"column":19},"end":{"line":916,"column":66}},"type":"binary-expr","locations":[{"start":{"line":916,"column":19},"end":{"line":916,"column":26}},{"start":{"line":916,"column":30},"end":{"line":916,"column":66}}]},"135":{"loc":{"start":{"line":932,"column":6},"end":{"line":935,"column":7}},"type":"if","locations":[{"start":{"line":932,"column":6},"end":{"line":935,"column":7}}]},"136":{"loc":{"start":{"line":940,"column":67},"end":{"line":940,"column":94}},"type":"binary-expr","locations":[{"start":{"line":940,"column":67},"end":{"line":940,"column":81}},{"start":{"line":940,"column":85},"end":{"line":940,"column":94}}]},"137":{"loc":{"start":{"line":943,"column":24},"end":{"line":943,"column":78}},"type":"cond-expr","locations":[{"start":{"line":943,"column":49},"end":{"line":943,"column":62}},{"start":{"line":943,"column":65},"end":{"line":943,"column":78}}]},"138":{"loc":{"start":{"line":948,"column":19},"end":{"line":948,"column":66}},"type":"binary-expr","locations":[{"start":{"line":948,"column":19},"end":{"line":948,"column":26}},{"start":{"line":948,"column":30},"end":{"line":948,"column":66}}]},"139":{"loc":{"start":{"line":962,"column":6},"end":{"line":967,"column":7}},"type":"if","locations":[{"start":{"line":962,"column":6},"end":{"line":967,"column":7}}]},"140":{"loc":{"start":{"line":995,"column":8},"end":{"line":997,"column":9}},"type":"if","locations":[{"start":{"line":995,"column":8},"end":{"line":997,"column":9}}]},"141":{"loc":{"start":{"line":1023,"column":6},"end":{"line":1028,"column":7}},"type":"if","locations":[{"start":{"line":1023,"column":6},"end":{"line":1028,"column":7}}]},"142":{"loc":{"start":{"line":1039,"column":24},"end":{"line":1039,"column":78}},"type":"cond-expr","locations":[{"start":{"line":1039,"column":49},"end":{"line":1039,"column":62}},{"start":{"line":1039,"column":65},"end":{"line":1039,"column":78}}]},"143":{"loc":{"start":{"line":1042,"column":25},"end":{"line":1042,"column":72}},"type":"binary-expr","locations":[{"start":{"line":1042,"column":25},"end":{"line":1042,"column":32}},{"start":{"line":1042,"column":36},"end":{"line":1042,"column":72}}]},"144":{"loc":{"start":{"line":1056,"column":6},"end":{"line":1061,"column":7}},"type":"if","locations":[{"start":{"line":1056,"column":6},"end":{"line":1061,"column":7}}]},"145":{"loc":{"start":{"line":1056,"column":10},"end":{"line":1056,"column":34}},"type":"binary-expr","locations":[{"start":{"line":1056,"column":10},"end":{"line":1056,"column":20}},{"start":{"line":1056,"column":24},"end":{"line":1056,"column":34}}]},"146":{"loc":{"start":{"line":1064,"column":6},"end":{"line":1078,"column":7}},"type":"if","locations":[{"start":{"line":1064,"column":6},"end":{"line":1078,"column":7}},{"start":{"line":1071,"column":13},"end":{"line":1078,"column":7}}]},"147":{"loc":{"start":{"line":1088,"column":6},"end":{"line":1091,"column":7}},"type":"if","locations":[{"start":{"line":1088,"column":6},"end":{"line":1091,"column":7}}]},"148":{"loc":{"start":{"line":1164,"column":20},"end":{"line":1164,"column":60}},"type":"cond-expr","locations":[{"start":{"line":1164,"column":45},"end":{"line":1164,"column":47}},{"start":{"line":1164,"column":45},"end":{"line":1164,"column":60}}]},"149":{"loc":{"start":{"line":1164,"column":20},"end":{"line":1164,"column":47}},"type":"binary-expr","locations":[{"start":{"line":1164,"column":20},"end":{"line":1164,"column":47}},{"start":{"line":1164,"column":45},"end":{"line":1164,"column":47}}]},"150":{"loc":{"start":{"line":1166,"column":8},"end":{"line":1180,"column":9}},"type":"switch","locations":[{"start":{"line":1167,"column":10},"end":{"line":1169,"column":18}},{"start":{"line":1170,"column":10},"end":{"line":1170,"column":21}},{"start":{"line":1171,"column":10},"end":{"line":1173,"column":18}},{"start":{"line":1174,"column":10},"end":{"line":1176,"column":18}},{"start":{"line":1177,"column":10},"end":{"line":1179,"column":18}}]},"151":{"loc":{"start":{"line":1187,"column":24},"end":{"line":1187,"column":78}},"type":"cond-expr","locations":[{"start":{"line":1187,"column":49},"end":{"line":1187,"column":62}},{"start":{"line":1187,"column":65},"end":{"line":1187,"column":78}}]},"152":{"loc":{"start":{"line":1189,"column":8},"end":{"line":1192,"column":9}},"type":"if","locations":[{"start":{"line":1189,"column":8},"end":{"line":1192,"column":9}}]},"153":{"loc":{"start":{"line":1189,"column":12},"end":{"line":1189,"column":72}},"type":"binary-expr","locations":[{"start":{"line":1189,"column":12},"end":{"line":1189,"column":39}},{"start":{"line":1189,"column":43},"end":{"line":1189,"column":72}}]},"154":{"loc":{"start":{"line":1239,"column":27},"end":{"line":1239,"column":43}},"type":"cond-expr","locations":[{"start":{"line":1239,"column":31},"end":{"line":1239,"column":33}},{"start":{"line":1239,"column":27},"end":{"line":1239,"column":43}}]},"155":{"loc":{"start":{"line":1239,"column":27},"end":{"line":1239,"column":33}},"type":"binary-expr","locations":[{"start":{"line":1239,"column":27},"end":{"line":1239,"column":33}},{"start":{"line":1239,"column":27},"end":{"line":1239,"column":33}}]},"156":{"loc":{"start":{"line":1242,"column":10},"end":{"line":1242,"column":49}},"type":"cond-expr","locations":[{"start":{"line":1242,"column":23},"end":{"line":1242,"column":37}},{"start":{"line":1242,"column":40},"end":{"line":1242,"column":49}}]},"157":{"loc":{"start":{"line":1245,"column":22},"end":{"line":1245,"column":78}},"type":"cond-expr","locations":[{"start":{"line":1245,"column":60},"end":{"line":1245,"column":70}},{"start":{"line":1245,"column":73},"end":{"line":1245,"column":78}}]},"158":{"loc":{"start":{"line":1245,"column":22},"end":{"line":1245,"column":57}},"type":"binary-expr","locations":[{"start":{"line":1245,"column":22},"end":{"line":1245,"column":32}},{"start":{"line":1245,"column":36},"end":{"line":1245,"column":57}}]}},"s":{"0":1,"1":1,"2":1,"3":1,"4":1,"5":1,"6":1,"7":1,"8":1,"9":1,"10":1,"11":0,"12":1,"13":0,"14":1,"15":1,"16":0,"17":0,"18":0,"19":0,"20":0,"21":0,"22":1,"23":0,"24":0,"25":0,"26":0,"27":0,"28":1,"29":0,"30":0,"31":0,"32":0,"33":0,"34":0,"35":0,"36":0,"37":0,"38":1,"39":0,"40":0,"41":0,"42":0,"43":0,"44":0,"45":0,"46":0,"47":0,"48":1,"49":0,"50":0,"51":0,"52":0,"53":0,"54":0,"55":0,"56":0,"57":1,"58":0,"59":0,"60":0,"61":0,"62":0,"63":0,"64":0,"65":0,"66":1,"67":0,"68":0,"69":0,"70":0,"71":0,"72":1,"73":0,"74":0,"75":0,"76":0,"77":0,"78":0,"79":0,"80":0,"81":1,"82":0,"83":0,"84":0,"85":0,"86":0,"87":0,"88":0,"89":0,"90":0,"91":1,"92":0,"93":0,"94":0,"95":0,"96":0,"97":0,"98":1,"99":0,"100":0,"101":0,"102":0,"103":0,"104":0,"105":0,"106":0,"107":0,"108":1,"109":0,"110":0,"111":0,"112":0,"113":0,"114":0,"115":0,"116":0,"117":0,"118":0,"119":0,"120":0,"121":0,"122":0,"123":0,"124":0,"125":0,"126":1,"127":0,"128":0,"129":0,"130":0,"131":0,"132":0,"133":0,"134":0,"135":0,"136":0,"137":0,"138":1,"139":0,"140":0,"141":0,"142":0,"143":0,"144":0,"145":0,"146":0,"147":0,"148":0,"149":0,"150":0,"151":0,"152":0,"153":1,"154":0,"155":0,"156":0,"157":0,"158":0,"159":0,"160":0,"161":0,"162":0,"163":1,"164":0,"165":0,"166":0,"167":0,"168":0,"169":0,"170":0,"171":0,"172":0,"173":0,"174":0,"175":0,"176":0,"177":0,"178":0,"179":0,"180":0,"181":0,"182":1,"183":0,"184":0,"185":0,"186":0,"187":0,"188":0,"189":0,"190":0,"191":0,"192":0,"193":0,"194":0,"195":0,"196":0,"197":1,"198":0,"199":0,"200":0,"201":0,"202":0,"203":0,"204":0,"205":0,"206":0,"207":0,"208":0,"209":1,"210":0,"211":0,"212":0,"213":0,"214":0,"215":0,"216":0,"217":0,"218":0,"219":0,"220":0,"221":0,"222":0,"223":0,"224":0,"225":0,"226":0,"227":0,"228":0,"229":0,"230":1,"231":0,"232":0,"233":0,"234":0,"235":0,"236":0,"237":0,"238":0,"239":0,"240":0,"241":0,"242":0,"243":0,"244":0,"245":0,"246":0,"247":0,"248":0,"249":0,"250":0,"251":0,"252":0,"253":1,"254":0,"255":0,"256":0,"257":0,"258":0,"259":0,"260":0,"261":0,"262":0,"263":0,"264":0,"265":0,"266":0,"267":0,"268":0,"269":0,"270":0,"271":0,"272":0,"273":1,"274":0,"275":0,"276":0,"277":0,"278":0,"279":0,"280":0,"281":0,"282":0,"283":0,"284":0,"285":0,"286":0,"287":0,"288":0,"289":0,"290":0,"291":1,"292":0,"293":0,"294":0,"295":0,"296":0,"297":0,"298":0,"299":0,"300":0,"301":0,"302":0,"303":0,"304":0,"305":0,"306":0,"307":0,"308":1,"309":0,"310":0,"311":0,"312":0,"313":0,"314":0,"315":0,"316":0,"317":0,"318":0,"319":0,"320":0,"321":0,"322":0,"323":0,"324":0,"325":0,"326":0,"327":0,"328":0,"329":0,"330":1,"331":0,"332":0,"333":0,"334":0,"335":0,"336":0,"337":0,"338":0,"339":0,"340":0,"341":0,"342":1,"343":0,"344":0,"345":0,"346":0,"347":0,"348":0,"349":0,"350":0,"351":0,"352":0,"353":0,"354":0,"355":0,"356":0,"357":1,"358":0,"359":0,"360":0,"361":0,"362":0,"363":0,"364":0,"365":0,"366":0,"367":0,"368":0,"369":1,"370":0,"371":0,"372":0,"373":0,"374":0,"375":0,"376":0,"377":0,"378":1,"379":0,"380":0,"381":0,"382":0,"383":0,"384":0,"385":1,"386":0,"387":0,"388":0,"389":0,"390":0,"391":0,"392":0,"393":0,"394":0,"395":0,"396":0,"397":0,"398":0,"399":0,"400":0,"401":0,"402":1,"403":0,"404":0,"405":0,"406":0,"407":0,"408":0,"409":0,"410":0,"411":0,"412":0,"413":0,"414":0,"415":0,"416":0,"417":0,"418":0,"419":0,"420":0,"421":0,"422":0,"423":1,"424":0,"425":0,"426":0,"427":0,"428":0,"429":0,"430":0,"431":1,"432":0,"433":0,"434":0,"435":0,"436":0,"437":0,"438":0,"439":0,"440":0},"f":{"0":0,"1":0,"2":1,"3":0,"4":0,"5":0,"6":0,"7":0,"8":0,"9":0,"10":0,"11":0,"12":0,"13":0,"14":0,"15":0,"16":0,"17":0,"18":0,"19":0,"20":0,"21":0,"22":0,"23":0,"24":0,"25":0,"26":0,"27":0,"28":0,"29":0,"30":0,"31":0,"32":0,"33":0,"34":0,"35":0,"36":0,"37":0,"38":0,"39":0,"40":0,"41":0,"42":0,"43":0},"b":{"0":[0],"1":[0],"2":[0],"3":[0,0,0],"4":[0,0],"5":[0,0],"6":[0],"7":[0],"8":[0,0],"9":[0],"10":[0,0],"11":[0,0],"12":[0,0],"13":[0],"14":[0,0],"15":[0,0],"16":[0,0],"17":[0,0],"18":[0],"19":[0,0],"20":[0,0],"21":[0,0],"22":[0,0],"23":[0,0],"24":[0,0],"25":[0,0],"26":[0,0],"27":[0,0],"28":[0],"29":[0,0],"30":[0,0],"31":[0,0],"32":[0],"33":[0],"34":[0],"35":[0],"36":[0,0],"37":[0,0],"38":[0],"39":[0],"40":[0,0],"41":[0,0],"42":[0,0],"43":[0],"44":[0],"45":[0,0],"46":[0,0],"47":[0],"48":[0,0],"49":[0,0],"50":[0],"51":[0,0],"52":[0,0],"53":[0,0],"54":[0,0],"55":[0,0],"56":[0,0],"57":[0],"58":[0,0],"59":[0,0],"60":[0,0],"61":[0],"62":[0],"63":[0,0],"64":[0,0],"65":[0,0],"66":[0],"67":[0],"68":[0,0],"69":[0,0],"70":[0,0],"71":[0],"72":[0],"73":[0,0,0],"74":[0,0],"75":[0,0],"76":[0,0,0],"77":[0,0],"78":[0,0],"79":[0,0],"80":[0,0],"81":[0,0],"82":[0,0],"83":[0,0],"84":[0,0],"85":[0,0],"86":[0,0],"87":[0],"88":[0],"89":[0,0],"90":[0],"91":[0],"92":[0],"93":[0],"94":[0,0],"95":[0,0],"96":[0,0],"97":[0],"98":[0],"99":[0,0],"100":[0],"101":[0],"102":[0],"103":[0,0],"104":[0,0],"105":[0,0],"106":[0],"107":[0],"108":[0,0],"109":[0],"110":[0],"111":[0,0],"112":[0,0],"113":[0],"114":[0,0],"115":[0,0],"116":[0,0],"117":[0,0],"118":[0,0],"119":[0,0],"120":[0,0],"121":[0,0],"122":[0],"123":[0,0],"124":[0,0],"125":[0],"126":[0,0],"127":[0,0],"128":[0,0,0],"129":[0,0],"130":[0,0],"131":[0,0],"132":[0,0],"133":[0,0],"134":[0,0],"135":[0],"136":[0,0],"137":[0,0],"138":[0,0],"139":[0],"140":[0],"141":[0],"142":[0,0],"143":[0,0],"144":[0],"145":[0,0],"146":[0,0],"147":[0],"148":[0,0],"149":[0,0],"150":[0,0,0,0,0],"151":[0,0],"152":[0],"153":[0,0],"154":[0,0],"155":[0,0],"156":[0,0],"157":[0,0],"158":[0,0]}}
,"/Users/unadlib/Sites/webpage-mcp/chrome-mcp-react/app/native-server/src/server/routes/index.ts": {"path":"/Users/unadlib/Sites/webpage-mcp/chrome-mcp-react/app/native-server/src/server/routes/index.ts","statementMap":{"0":{"start":{"line":4,"column":0},"end":{"line":4,"column":9}},"1":{"start":{"line":4,"column":9},"end":{"line":4,"column":71}}},"fnMap":{"0":{"name":"(anonymous_0)","decl":{"start":{"line":4,"column":9},"end":{"line":4,"column":28}},"loc":{"start":{"line":4,"column":9},"end":{"line":4,"column":71}}}},"branchMap":{},"s":{"0":1,"1":2},"f":{"0":1},"b":{}}
}
