TN:
SF:src/cli.ts
FN:29,(anonymous_9)
FN:133,(anonymous_10)
FN:148,(anonymous_11)
FN:187,(anonymous_12)
FN:212,(anonymous_13)
FNF:5
FNH:0
FNDA:0,(anonymous_9)
FNDA:0,(anonymous_10)
FNDA:0,(anonymous_11)
FNDA:0,(anonymous_12)
FNDA:0,(anonymous_13)
DA:3,0
DA:4,0
DA:5,0
DA:6,0
DA:13,0
DA:14,0
DA:15,0
DA:17,0
DA:22,0
DA:30,0
DA:32,0
DA:37,0
DA:38,0
DA:39,0
DA:40,0
DA:42,0
DA:43,0
DA:44,0
DA:50,0
DA:52,0
DA:54,0
DA:55,0
DA:56,0
DA:57,0
DA:63,0
DA:69,0
DA:71,0
DA:72,0
DA:73,0
DA:74,0
DA:76,0
DA:79,0
DA:83,0
DA:86,0
DA:88,0
DA:89,0
DA:92,0
DA:100,0
DA:101,0
DA:103,0
DA:104,0
DA:105,0
DA:112,0
DA:118,0
DA:119,0
DA:120,0
DA:124,0
DA:125,0
DA:130,0
DA:134,0
DA:135,0
DA:136,0
DA:137,0
DA:139,0
DA:140,0
DA:145,0
DA:149,0
DA:150,0
DA:151,0
DA:152,0
DA:153,0
DA:156,0
DA:158,0
DA:159,0
DA:160,0
DA:163,0
DA:164,0
DA:166,0
DA:167,0
DA:168,0
DA:170,0
DA:172,0
DA:173,0
DA:175,0
DA:176,0
DA:181,0
DA:188,0
DA:189,0
DA:194,0
DA:196,0
DA:197,0
DA:202,0
DA:213,0
DA:214,0
DA:223,0
DA:225,0
DA:226,0
DA:230,0
DA:233,0
DA:234,0
LF:90
LH:0
BRDA:37,0,0,0
BRDA:37,0,1,0
BRDA:38,1,0,0
BRDA:38,1,1,0
BRDA:43,2,0,0
BRDA:54,3,0,0
BRDA:56,4,0,0
BRDA:69,5,0,0
BRDA:69,5,1,0
BRDA:72,6,0,0
BRDA:83,7,0,0
BRDA:83,7,1,0
BRDA:86,8,0,0
BRDA:86,8,1,0
BRDA:86,9,0,0
BRDA:86,9,1,0
BRDA:103,10,0,0
BRDA:103,10,1,0
BRDA:151,11,0,0
BRDA:151,12,0,0
BRDA:151,12,1,0
BRDA:151,12,2,0
BRDA:158,13,0,0
BRDA:220,14,0,0
BRDA:220,14,1,0
BRDA:233,15,0,0
BRF:26
BRH:0
end_of_record
TN:
SF:src/file-handler.ts
FN:13,(anonymous_10)
FN:24,(anonymous_11)
FN:54,(anonymous_12)
FN:79,(anonymous_13)
FN:110,(anonymous_14)
FN:139,(anonymous_15)
FN:171,(anonymous_16)
FN:200,(anonymous_17)
FN:229,(anonymous_18)
FN:254,(anonymous_19)
FNF:10
FNH:1
FNDA:1,(anonymous_10)
FNDA:0,(anonymous_11)
FNDA:0,(anonymous_12)
FNDA:0,(anonymous_13)
FNDA:0,(anonymous_14)
FNDA:0,(anonymous_15)
FNDA:0,(anonymous_16)
FNDA:0,(anonymous_17)
FNDA:0,(anonymous_18)
FNDA:0,(anonymous_19)
DA:1,1
DA:2,1
DA:3,1
DA:4,1
DA:5,1
DA:10,1
DA:15,1
DA:16,1
DA:17,0
DA:25,0
DA:27,0
DA:28,0
DA:30,0
DA:31,0
DA:32,0
DA:33,0
DA:34,0
DA:35,0
DA:37,0
DA:40,0
DA:41,0
DA:45,0
DA:48,0
DA:49,0
DA:50,0
DA:52,0
DA:54,0
DA:55,0
DA:56,0
DA:58,0
DA:63,0
DA:69,0
DA:80,0
DA:81,0
DA:82,0
DA:83,0
DA:87,0
DA:88,0
DA:91,0
DA:94,0
DA:96,0
DA:103,0
DA:111,0
DA:113,0
DA:116,0
DA:119,0
DA:120,0
DA:123,0
DA:125,0
DA:132,0
DA:140,0
DA:142,0
DA:143,0
DA:147,0
DA:150,0
DA:151,0
DA:155,0
DA:157,0
DA:164,0
DA:172,0
DA:173,0
DA:174,0
DA:176,0
DA:177,0
DA:178,0
DA:180,0
DA:181,0
DA:182,0
DA:190,0
DA:201,0
DA:203,0
DA:204,0
DA:210,0
DA:211,0
DA:214,0
DA:219,0
DA:230,0
DA:231,0
DA:232,0
DA:233,0
DA:234,0
DA:235,0
DA:237,0
DA:238,0
DA:239,0
DA:240,0
DA:248,0
DA:255,0
DA:256,0
DA:257,0
DA:259,0
DA:260,0
DA:261,0
DA:262,0
DA:263,0
DA:264,0
DA:266,0
DA:270,0
DA:275,1
LF:99
LH:9
BRDA:16,0,0,0
BRDA:28,1,0,0
BRDA:28,1,1,0
BRDA:28,1,2,0
BRDA:28,1,3,0
BRDA:28,1,4,0
BRDA:30,2,0,0
BRDA:30,2,1,0
BRDA:32,3,0,0
BRDA:32,3,1,0
BRDA:34,4,0,0
BRDA:40,5,0,0
BRDA:48,6,0,0
BRDA:48,6,1,0
BRDA:49,7,0,0
BRDA:58,8,0,0
BRDA:58,8,1,0
BRDA:58,9,0,0
BRDA:58,9,1,0
BRDA:58,10,0,0
BRDA:58,10,1,0
BRDA:71,11,0,0
BRDA:71,11,1,0
BRDA:82,12,0,0
BRDA:87,13,0,0
BRDA:87,13,1,0
BRDA:119,14,0,0
BRDA:119,14,1,0
BRDA:142,15,0,0
BRDA:150,16,0,0
BRDA:173,17,0,0
BRDA:177,18,0,0
BRDA:192,19,0,0
BRDA:192,19,1,0
BRDA:203,20,0,0
BRDA:210,21,0,0
BRDA:230,22,0,0
BRDA:235,23,0,0
BRDA:235,24,0,0
BRDA:235,24,1,0
BRDA:263,25,0,0
BRF:41
BRH:0
end_of_record
TN:
SF:src/index.ts
FN:13,(anonymous_1)
FN:18,(anonymous_2)
FN:22,(anonymous_3)
FN:26,(anonymous_4)
FN:29,(anonymous_5)
FN:33,(anonymous_6)
FNF:6
FNH:0
FNDA:0,(anonymous_1)
FNDA:0,(anonymous_2)
FNDA:0,(anonymous_3)
FNDA:0,(anonymous_4)
FNDA:0,(anonymous_5)
FNDA:0,(anonymous_6)
DA:2,0
DA:3,0
DA:5,0
DA:6,0
DA:7,0
DA:8,0
DA:10,0
DA:13,0
DA:14,0
DA:18,0
DA:19,0
DA:22,0
DA:23,0
DA:26,0
DA:29,0
DA:30,0
DA:33,0
LF:17
LH:0
BRF:0
BRH:0
end_of_record
TN:
SF:src/native-messaging-host.ts
FN:14,(anonymous_1)
FN:18,(anonymous_2)
FN:23,(anonymous_3)
FN:31,(anonymous_4)
FN:37,(anonymous_5)
FN:78,(anonymous_6)
FN:86,(anonymous_7)
FN:90,(anonymous_8)
FN:95,(anonymous_9)
FN:151,(anonymous_10)
FN:193,(anonymous_11)
FN:198,(anonymous_12)
FN:201,(anonymous_13)
FN:221,(anonymous_14)
FN:249,(anonymous_15)
FN:276,(anonymous_16)
FN:283,(anonymous_17)
FN:300,(anonymous_18)
FN:310,(anonymous_19)
FN:312,(anonymous_20)
FN:321,(anonymous_21)
FN:324,(anonymous_22)
FNF:22
FNH:1
FNDA:1,(anonymous_1)
FNDA:0,(anonymous_2)
FNDA:0,(anonymous_3)
FNDA:0,(anonymous_4)
FNDA:0,(anonymous_5)
FNDA:0,(anonymous_6)
FNDA:0,(anonymous_7)
FNDA:0,(anonymous_8)
FNDA:0,(anonymous_9)
FNDA:0,(anonymous_10)
FNDA:0,(anonymous_11)
FNDA:0,(anonymous_12)
FNDA:0,(anonymous_13)
FNDA:0,(anonymous_14)
FNDA:0,(anonymous_15)
FNDA:0,(anonymous_16)
FNDA:0,(anonymous_17)
FNDA:0,(anonymous_18)
FNDA:0,(anonymous_19)
FNDA:0,(anonymous_20)
FNDA:0,(anonymous_21)
FNDA:0,(anonymous_22)
DA:1,1
DA:3,1
DA:4,1
DA:5,1
DA:6,1
DA:14,1
DA:15,1
DA:16,1
DA:19,0
DA:24,0
DA:25,0
DA:27,0
DA:32,0
DA:33,0
DA:34,0
DA:35,0
DA:37,0
DA:38,0
DA:39,0
DA:41,0
DA:42,0
DA:43,0
DA:44,0
DA:47,0
DA:48,0
DA:50,0
DA:51,0
DA:52,0
DA:57,0
DA:59,0
DA:60,0
DA:61,0
DA:62,0
DA:64,0
DA:65,0
DA:66,0
DA:68,0
DA:73,0
DA:74,0
DA:78,0
DA:80,0
DA:81,0
DA:82,0
DA:86,0
DA:87,0
DA:90,0
DA:91,0
DA:96,0
DA:97,0
DA:98,0
DA:101,0
DA:102,0
DA:103,0
DA:105,0
DA:106,0
DA:107,0
DA:108,0
DA:110,0
DA:112,0
DA:116,0
DA:120,0
DA:121,0
DA:123,0
DA:124,0
DA:126,0
DA:127,0
DA:130,0
DA:131,0
DA:133,0
DA:134,0
DA:137,0
DA:138,0
DA:144,0
DA:152,0
DA:153,0
DA:155,0
DA:157,0
DA:164,0
DA:170,0
DA:175,0
DA:176,0
DA:182,0
DA:198,0
DA:199,0
DA:201,0
DA:202,0
DA:203,0
DA:207,0
DA:210,0
DA:222,0
DA:223,0
DA:224,0
DA:226,0
DA:227,0
DA:228,0
DA:232,0
DA:235,0
DA:237,0
DA:242,0
DA:250,0
DA:251,0
DA:252,0
DA:254,0
DA:256,0
DA:257,0
DA:261,0
DA:264,0
DA:267,0
DA:269,0
DA:277,0
DA:278,0
DA:279,0
DA:280,0
DA:281,0
DA:283,0
DA:284,0
DA:301,0
DA:312,0
DA:313,0
DA:314,0
DA:316,0
DA:318,0
DA:319,0
DA:322,0
DA:325,0
DA:328,0
DA:333,1
DA:334,1
LF:128
LH:10
BRDA:41,0,0,0
BRDA:42,1,0,0
BRDA:47,2,0,0
BRDA:47,3,0,0
BRDA:47,3,1,0
BRDA:57,4,0,0
BRDA:73,5,0,0
BRDA:96,6,0,0
BRDA:96,7,0,0
BRDA:96,7,1,0
BRDA:101,8,0,0
BRDA:105,9,0,0
BRDA:105,9,1,0
BRDA:107,10,0,0
BRDA:107,10,1,0
BRDA:121,11,0,0
BRDA:121,11,1,0
BRDA:121,11,2,0
BRDA:121,11,3,0
BRDA:121,11,4,0
BRDA:123,12,0,0
BRDA:123,12,1,0
BRDA:123,13,0,0
BRDA:123,13,1,0
BRDA:123,14,0,0
BRDA:123,14,1,0
BRDA:137,15,0,0
BRDA:139,16,0,0
BRDA:139,16,1,0
BRDA:155,17,0,0
BRDA:155,17,1,0
BRDA:172,18,0,0
BRDA:172,18,1,0
BRDA:175,19,0,0
BRDA:175,19,1,0
BRDA:195,20,0,0
BRDA:196,21,0,0
BRDA:222,22,0,0
BRDA:227,23,0,0
BRDA:250,24,0,0
BRDA:256,25,0,0
BRDA:284,26,0,0
BRDA:284,26,1,0
BRDA:318,27,0,0
BRDA:318,27,1,0
BRDA:318,28,0,0
BRDA:318,28,1,0
BRF:47
BRH:0
end_of_record
TN:
SF:src/trace-analyzer.ts
FN:22,readJsonFile
FN:27,parseTrace
FN:43,getTraceSummary
FN:49,getInsightText
FN:64,analyzeTraceFile
FNF:5
FNH:0
FNDA:0,readJsonFile
FNDA:0,parseTrace
FNDA:0,getTraceSummary
FNDA:0,getInsightText
FNDA:0,analyzeTraceFile
DA:1,0
DA:9,0
DA:12,0
DA:15,0
DA:18,0
DA:20,0
DA:23,0
DA:24,0
DA:27,0
DA:31,0
DA:32,0
DA:33,0
DA:34,0
DA:36,0
DA:37,0
DA:38,0
DA:39,0
DA:40,0
DA:43,0
DA:44,0
DA:45,0
DA:46,0
DA:49,0
DA:50,0
DA:51,0
DA:52,0
DA:53,0
DA:54,0
DA:55,0
DA:56,0
DA:57,0
DA:61,0
DA:64,0
DA:71,0
DA:72,0
DA:73,0
DA:74,0
DA:75,0
DA:76,0
DA:77,0
DA:80,0
DA:83,0
DA:86,0
LF:43
LH:0
BRDA:32,0,0,0
BRDA:32,0,1,0
BRDA:33,1,0,0
BRDA:33,2,0,0
BRDA:33,2,1,0
BRDA:38,3,0,0
BRDA:38,3,1,0
BRDA:38,4,0,0
BRDA:38,4,1,0
BRDA:38,5,0,0
BRDA:38,5,1,0
BRDA:38,6,0,0
BRDA:38,6,1,0
BRDA:39,7,0,0
BRDA:50,8,0,0
BRDA:51,9,0,0
BRDA:51,9,1,0
BRDA:51,10,0,0
BRDA:51,10,1,0
BRDA:51,11,0,0
BRDA:51,11,1,0
BRDA:51,12,0,0
BRDA:51,12,1,0
BRDA:51,13,0,0
BRDA:51,13,1,0
BRDA:51,14,0,0
BRDA:51,14,1,0
BRDA:51,15,0,0
BRDA:51,15,1,0
BRDA:51,16,0,0
BRDA:51,16,1,0
BRDA:51,17,0,0
BRDA:51,17,1,0
BRDA:51,18,0,0
BRDA:51,18,1,0
BRDA:51,19,0,0
BRDA:51,19,1,0
BRDA:51,20,0,0
BRDA:51,20,1,0
BRDA:53,21,0,0
BRDA:53,21,1,0
BRDA:53,22,0,0
BRDA:53,22,1,0
BRDA:54,23,0,0
BRDA:55,24,0,0
BRDA:55,24,1,0
BRDA:56,25,0,0
BRDA:74,26,0,0
BRF:48
BRH:0
end_of_record
TN:
SF:src/agent/attachment-service.ts
FN:85,mimeTypeToExt
FN:104,buildAttachmentFilename
FN:117,isValidFilename
FN:132,isValidProjectId
FN:146,(anonymous_5)
FN:153,(anonymous_6)
FN:164,(anonymous_7)
FN:189,(anonymous_8)
FN:247,(anonymous_9)
FN:291,(anonymous_10)
FN:342,(anonymous_11)
FN:358,(anonymous_12)
FN:358,(anonymous_13)
FN:394,(anonymous_14)
FN:440,(anonymous_15)
FN:453,(anonymous_16)
FNF:16
FNH:0
FNDA:0,mimeTypeToExt
FNDA:0,buildAttachmentFilename
FNDA:0,isValidFilename
FNDA:0,isValidProjectId
FNDA:0,(anonymous_5)
FNDA:0,(anonymous_6)
FNDA:0,(anonymous_7)
FNDA:0,(anonymous_8)
FNDA:0,(anonymous_9)
FNDA:0,(anonymous_10)
FNDA:0,(anonymous_11)
FNDA:0,(anonymous_12)
FNDA:0,(anonymous_13)
FNDA:0,(anonymous_14)
FNDA:0,(anonymous_15)
FNDA:0,(anonymous_16)
DA:12,1
DA:13,1
DA:14,1
DA:20,1
DA:73,1
DA:76,1
DA:86,0
DA:88,0
DA:90,0
DA:92,0
DA:94,0
DA:96,0
DA:109,0
DA:110,0
DA:111,0
DA:119,0
DA:120,0
DA:122,0
DA:123,0
DA:126,0
DA:133,0
DA:135,0
DA:142,1
DA:147,0
DA:154,0
DA:155,0
DA:157,0
DA:165,0
DA:166,0
DA:168,0
DA:169,0
DA:172,0
DA:173,0
DA:176,0
DA:177,0
DA:178,0
DA:179,0
DA:182,0
DA:190,0
DA:193,0
DA:194,0
DA:196,0
DA:197,0
DA:199,0
DA:200,0
DA:204,0
DA:209,0
DA:210,0
DA:213,0
DA:214,0
DA:217,0
DA:218,0
DA:221,0
DA:235,0
DA:237,0
DA:248,0
DA:249,0
DA:250,0
DA:251,0
DA:253,0
DA:255,0
DA:258,0
DA:260,0
DA:261,0
DA:263,0
DA:264,0
DA:266,0
DA:267,0
DA:268,0
DA:269,0
DA:270,0
DA:273,0
DA:280,0
DA:295,0
DA:296,0
DA:298,0
DA:300,0
DA:301,0
DA:303,0
DA:304,0
DA:305,0
DA:306,0
DA:307,0
DA:308,0
DA:309,0
DA:310,0
DA:311,0
DA:312,0
DA:320,0
DA:329,0
DA:343,0
DA:344,0
DA:345,0
DA:346,0
DA:351,0
DA:353,0
DA:356,0
DA:357,0
DA:358,0
DA:361,0
DA:371,0
DA:372,0
DA:373,0
DA:374,0
DA:377,0
DA:378,0
DA:379,0
DA:380,0
DA:383,0
DA:395,0
DA:397,0
DA:399,0
DA:401,0
DA:402,0
DA:412,0
DA:414,0
DA:418,0
DA:426,0
DA:427,0
DA:441,0
DA:442,0
DA:443,0
DA:444,0
DA:446,0
DA:454,0
DA:455,0
DA:463,1
LF:127
LH:8
BRDA:86,0,0,0
BRDA:86,0,1,0
BRDA:86,0,2,0
BRDA:86,0,3,0
BRDA:86,0,4,0
BRDA:119,1,0,0
BRDA:119,2,0,0
BRDA:119,2,1,0
BRDA:119,2,2,0
BRDA:122,3,0,0
BRDA:122,4,0,0
BRDA:122,4,1,0
BRDA:122,4,2,0
BRDA:133,5,0,0
BRDA:154,6,0,0
BRDA:165,7,0,0
BRDA:168,8,0,0
BRDA:178,9,0,0
BRDA:193,10,0,0
BRDA:196,11,0,0
BRDA:199,12,0,0
BRDA:261,13,0,0
BRDA:307,14,0,0
BRDA:310,15,0,0
BRDA:351,16,0,0
BRDA:351,16,1,0
BRDA:351,17,0,0
BRDA:351,17,1,0
BRDA:351,18,0,0
BRDA:351,18,1,0
BRDA:351,19,0,0
BRDA:351,19,1,0
BRDA:372,20,0,0
BRDA:401,21,0,0
BRF:34
BRH:0
end_of_record
TN:
SF:src/agent/ccr-detector.ts
FN:125,detectCcr
FN:211,readCcrConfig
FN:238,parseJson5Config
FN:247,(anonymous_4)
FN:265,checkCcrHealth
FN:269,(anonymous_6)
FN:291,clearCcrCache
FN:308,validateCcrConfig
FN:378,inferSuggestedRouterDefault
FN:388,(anonymous_10)
FNF:10
FNH:0
FNDA:0,detectCcr
FNDA:0,readCcrConfig
FNDA:0,parseJson5Config
FNDA:0,(anonymous_4)
FNDA:0,checkCcrHealth
FNDA:0,(anonymous_6)
FNDA:0,clearCcrCache
FNDA:0,validateCcrConfig
FNDA:0,inferSuggestedRouterDefault
FNDA:0,(anonymous_10)
DA:17,1
DA:18,1
DA:19,1
DA:94,1
DA:99,1
DA:104,1
DA:110,1
DA:111,1
DA:112,1
DA:125,1
DA:127,0
DA:128,0
DA:129,0
DA:132,0
DA:134,0
DA:135,0
DA:137,0
DA:139,0
DA:140,0
DA:141,0
DA:147,0
DA:148,0
DA:154,0
DA:155,0
DA:156,0
DA:160,0
DA:161,0
DA:163,0
DA:166,0
DA:167,0
DA:168,0
DA:170,0
DA:171,0
DA:174,0
DA:175,0
DA:176,0
DA:180,0
DA:181,0
DA:184,0
DA:190,0
DA:191,0
DA:193,0
DA:194,0
DA:195,0
DA:196,0
DA:212,0
DA:213,0
DA:214,0
DA:215,0
DA:216,0
DA:218,0
DA:220,0
DA:221,0
DA:223,0
DA:225,0
DA:239,0
DA:242,0
DA:246,0
DA:247,0
DA:248,0
DA:249,0
DA:253,0
DA:254,0
DA:257,0
DA:258,0
DA:266,0
DA:267,0
DA:268,0
DA:269,0
DA:271,0
DA:272,0
DA:276,0
DA:277,0
DA:279,0
DA:280,0
DA:283,0
DA:291,1
DA:292,0
DA:293,0
DA:308,1
DA:309,0
DA:312,0
DA:313,0
DA:321,0
DA:322,0
DA:323,0
DA:326,0
DA:327,0
DA:337,0
DA:338,0
DA:339,0
DA:341,0
DA:353,0
DA:354,0
DA:355,0
DA:356,0
DA:367,0
DA:383,0
DA:384,0
DA:387,0
DA:388,0
DA:390,0
DA:391,0
DA:395,0
DA:396,0
DA:397,0
DA:399,0
DA:400,0
DA:401,0
DA:405,0
LF:110
LH:12
BRDA:128,0,0,0
BRDA:128,1,0,0
BRDA:128,1,1,0
BRDA:137,2,0,0
BRDA:137,3,0,0
BRDA:137,3,1,0
BRDA:140,4,0,0
BRDA:155,5,0,0
BRDA:158,6,0,0
BRDA:158,6,1,0
BRDA:166,7,0,0
BRDA:166,7,1,0
BRDA:166,8,0,0
BRDA:166,8,1,0
BRDA:166,9,0,0
BRDA:166,9,1,0
BRDA:166,10,0,0
BRDA:166,10,1,0
BRDA:167,11,0,0
BRDA:167,11,1,0
BRDA:167,12,0,0
BRDA:167,12,1,0
BRDA:167,13,0,0
BRDA:167,13,1,0
BRDA:167,14,0,0
BRDA:167,14,1,0
BRDA:170,15,0,0
BRDA:170,15,1,0
BRDA:170,16,0,0
BRDA:170,16,1,0
BRDA:171,17,0,0
BRDA:171,17,1,0
BRDA:171,18,0,0
BRDA:171,18,1,0
BRDA:175,19,0,0
BRDA:193,20,0,0
BRDA:193,20,1,0
BRDA:215,21,0,0
BRDA:221,22,0,0
BRDA:246,23,0,0
BRDA:249,24,0,0
BRDA:249,24,1,0
BRDA:312,25,0,0
BRDA:322,26,0,0
BRDA:322,26,1,0
BRDA:322,27,0,0
BRDA:322,27,1,0
BRDA:323,28,0,0
BRDA:323,28,1,0
BRDA:323,29,0,0
BRDA:323,29,1,0
BRDA:323,30,0,0
BRDA:323,30,1,0
BRDA:323,31,0,0
BRDA:323,31,1,0
BRDA:326,32,0,0
BRDA:337,33,0,0
BRDA:339,34,0,0
BRDA:339,34,1,0
BRDA:339,35,0,0
BRDA:339,35,1,0
BRDA:354,36,0,0
BRDA:354,37,0,0
BRDA:354,37,1,0
BRDA:354,38,0,0
BRDA:354,38,1,0
BRDA:354,39,0,0
BRDA:354,39,1,0
BRDA:354,40,0,0
BRDA:354,40,1,0
BRDA:354,41,0,0
BRDA:354,41,1,0
BRDA:355,42,0,0
BRDA:355,42,1,0
BRDA:355,43,0,0
BRDA:355,43,1,0
BRDA:355,44,0,0
BRDA:355,44,1,0
BRDA:355,45,0,0
BRDA:355,45,1,0
BRDA:384,46,0,0
BRDA:387,47,0,0
BRDA:387,47,1,0
BRDA:387,48,0,0
BRDA:387,48,1,0
BRDA:387,49,0,0
BRDA:387,49,1,0
BRDA:387,50,0,0
BRDA:387,50,1,0
BRDA:388,51,0,0
BRDA:388,51,1,0
BRDA:388,52,0,0
BRDA:388,52,1,0
BRDA:390,53,0,0
BRDA:390,54,0,0
BRDA:390,54,1,0
BRDA:390,55,0,0
BRDA:390,55,1,0
BRDA:390,56,0,0
BRDA:390,56,1,0
BRDA:390,57,0,0
BRDA:390,57,1,0
BRDA:390,58,0,0
BRDA:390,58,1,0
BRDA:395,59,0,0
BRDA:395,59,1,0
BRDA:395,60,0,0
BRDA:395,60,1,0
BRDA:395,61,0,0
BRDA:395,61,1,0
BRDA:395,62,0,0
BRDA:395,62,1,0
BRDA:395,63,0,0
BRDA:395,63,1,0
BRDA:395,64,0,0
BRDA:395,64,1,0
BRDA:397,65,0,0
BRDA:397,66,0,0
BRDA:397,66,1,0
BRDA:400,67,0,0
BRDA:400,68,0,0
BRDA:400,68,1,0
BRDA:400,69,0,0
BRDA:400,69,1,0
BRDA:400,70,0,0
BRDA:400,70,1,0
BRDA:400,71,0,0
BRDA:400,71,1,0
BRDA:400,72,0,0
BRDA:400,72,1,0
BRF:130
BRH:0
end_of_record
TN:
SF:src/agent/chat-service.ts
FN:46,(anonymous_0)
FN:65,(anonymous_1)
FN:155,(anonymous_2)
FN:175,(anonymous_3)
FN:177,(anonymous_4)
FN:262,(anonymous_5)
FN:300,(anonymous_6)
FN:308,(anonymous_7)
FN:312,(anonymous_8)
FN:319,(anonymous_9)
FN:371,(anonymous_10)
FN:401,(anonymous_11)
FN:428,(anonymous_12)
FN:432,(anonymous_13)
FN:442,(anonymous_14)
FN:517,(anonymous_15)
FNF:16
FNH:1
FNDA:1,(anonymous_0)
FNDA:0,(anonymous_1)
FNDA:0,(anonymous_2)
FNDA:0,(anonymous_3)
FNDA:0,(anonymous_4)
FNDA:0,(anonymous_5)
FNDA:0,(anonymous_6)
FNDA:0,(anonymous_7)
FNDA:0,(anonymous_8)
FNDA:0,(anonymous_9)
FNDA:0,(anonymous_10)
FNDA:0,(anonymous_11)
FNDA:0,(anonymous_12)
FNDA:0,(anonymous_13)
FNDA:0,(anonymous_14)
FNDA:0,(anonymous_15)
DA:1,1
DA:13,1
DA:14,1
DA:15,1
DA:22,1
DA:36,1
DA:37,1
DA:44,1
DA:47,1
DA:49,1
DA:50,2
DA:53,1
DA:54,0
DA:57,1
DA:58,1
DA:59,0
DA:61,1
DA:66,0
DA:67,0
DA:68,0
DA:71,0
DA:72,0
DA:75,0
DA:76,0
DA:80,0
DA:81,0
DA:82,0
DA:83,0
DA:86,0
DA:87,0
DA:90,0
DA:91,0
DA:96,0
DA:97,0
DA:100,0
DA:101,0
DA:102,0
DA:105,0
DA:106,0
DA:107,0
DA:108,0
DA:112,0
DA:113,0
DA:118,0
DA:119,0
DA:121,0
DA:122,0
DA:127,0
DA:133,0
DA:134,0
DA:135,0
DA:139,0
DA:142,0
DA:143,0
DA:146,0
DA:147,0
DA:150,0
DA:154,0
DA:155,0
DA:157,0
DA:158,0
DA:159,0
DA:163,0
DA:164,0
DA:165,0
DA:171,0
DA:175,0
DA:177,0
DA:179,0
DA:183,0
DA:192,0
DA:193,0
DA:194,0
DA:196,0
DA:197,0
DA:198,0
DA:199,0
DA:201,0
DA:202,0
DA:204,0
DA:205,0
DA:210,0
DA:224,0
DA:226,0
DA:228,0
DA:229,0
DA:231,0
DA:232,0
DA:234,0
DA:247,0
DA:251,0
DA:261,0
DA:263,0
DA:265,0
DA:266,0
DA:269,0
DA:270,0
DA:271,0
DA:274,0
DA:275,0
DA:279,0
DA:280,0
DA:283,0
DA:284,0
DA:285,0
DA:288,0
DA:301,0
DA:309,0
DA:313,0
DA:320,0
DA:325,0
DA:350,0
DA:353,0
DA:362,0
DA:364,0
DA:372,0
DA:373,0
DA:374,0
DA:378,0
DA:381,0
DA:392,0
DA:394,0
DA:402,0
DA:403,0
DA:404,0
DA:405,0
DA:406,0
DA:407,0
DA:411,0
DA:412,0
DA:422,0
DA:429,0
DA:433,0
DA:434,0
DA:436,0
DA:437,0
DA:439,0
DA:450,0
DA:452,0
DA:453,0
DA:456,0
DA:466,0
DA:471,0
DA:474,0
DA:475,0
DA:486,0
DA:488,0
DA:491,0
DA:493,0
DA:499,0
DA:510,0
DA:518,0
DA:519,0
DA:520,0
DA:525,0
LF:155
LH:15
BRDA:53,0,0,0
BRDA:53,0,1,1
BRDA:53,1,0,1
BRDA:53,1,1,0
BRDA:58,2,0,0
BRDA:66,3,0,0
BRDA:66,3,1,0
BRDA:66,4,0,0
BRDA:66,4,1,0
BRDA:67,5,0,0
BRDA:71,6,0,0
BRDA:71,6,1,0
BRDA:75,7,0,0
BRDA:75,7,1,0
BRDA:76,8,0,0
BRDA:76,8,1,0
BRDA:80,9,0,0
BRDA:82,10,0,0
BRDA:86,11,0,0
BRDA:86,12,0,0
BRDA:86,12,1,0
BRDA:90,13,0,0
BRDA:96,14,0,0
BRDA:101,15,0,0
BRDA:112,16,0,0
BRDA:118,17,0,0
BRDA:118,17,1,0
BRDA:121,18,0,0
BRDA:121,19,0,0
BRDA:121,19,1,0
BRDA:134,20,0,0
BRDA:139,21,0,0
BRDA:139,21,1,0
BRDA:139,21,2,0
BRDA:139,22,0,0
BRDA:139,22,1,0
BRDA:139,23,0,0
BRDA:139,23,1,0
BRDA:139,24,0,0
BRDA:139,24,1,0
BRDA:139,25,0,0
BRDA:139,25,1,0
BRDA:142,26,0,0
BRDA:142,27,0,0
BRDA:142,27,1,0
BRDA:154,28,0,0
BRDA:154,29,0,0
BRDA:154,29,1,0
BRDA:154,29,2,0
BRDA:157,30,0,0
BRDA:192,31,0,0
BRDA:192,31,1,0
BRDA:196,32,0,0
BRDA:196,33,0,0
BRDA:196,33,1,0
BRDA:196,33,2,0
BRDA:198,34,0,0
BRDA:201,35,0,0
BRDA:204,36,0,0
BRDA:226,37,0,0
BRDA:231,38,0,0
BRDA:265,39,0,0
BRDA:269,40,0,0
BRDA:271,41,0,0
BRDA:274,42,0,0
BRDA:274,43,0,0
BRDA:274,43,1,0
BRDA:279,44,0,0
BRDA:283,45,0,0
BRDA:283,45,1,0
BRDA:283,46,0,0
BRDA:283,46,1,0
BRDA:284,47,0,0
BRDA:307,48,0,0
BRDA:307,48,1,0
BRDA:311,49,0,0
BRDA:311,49,1,0
BRDA:318,50,0,0
BRDA:318,50,1,0
BRDA:337,51,0,0
BRDA:337,51,1,0
BRDA:337,52,0,0
BRDA:337,52,1,0
BRDA:338,53,0,0
BRDA:338,53,1,0
BRDA:338,54,0,0
BRDA:338,54,1,0
BRDA:339,55,0,0
BRDA:339,55,1,0
BRDA:339,56,0,0
BRDA:339,56,1,0
BRDA:340,57,0,0
BRDA:340,57,1,0
BRDA:340,58,0,0
BRDA:340,58,1,0
BRDA:342,59,0,0
BRDA:342,59,1,0
BRDA:344,60,0,0
BRDA:344,60,1,0
BRDA:346,61,0,0
BRDA:346,61,1,0
BRDA:346,62,0,0
BRDA:346,62,1,0
BRDA:346,63,0,0
BRDA:346,63,1,0
BRDA:346,64,0,0
BRDA:346,64,1,0
BRDA:346,65,0,0
BRDA:346,65,1,0
BRDA:373,66,0,0
BRDA:404,67,0,0
BRDA:411,68,0,0
BRDA:433,69,0,0
BRDA:433,70,0,0
BRDA:433,70,1,0
BRDA:436,71,0,0
BRDA:436,72,0,0
BRDA:436,72,1,0
BRDA:452,73,0,0
BRDA:474,74,0,0
BRDA:486,75,0,0
BRDA:491,76,0,0
BRDA:491,76,1,0
BRF:123
BRH:2
end_of_record
TN:
SF:src/agent/directory-picker.ts
FN:27,openDirectoryPicker
FN:57,openMacOSPicker
FN:83,openWindowsPicker
FN:120,openLinuxPicker
FNF:4
FNH:0
FNDA:0,openDirectoryPicker
FNDA:0,openMacOSPicker
FNDA:0,openWindowsPicker
FNDA:0,openLinuxPicker
DA:10,1
DA:11,1
DA:12,1
DA:14,1
DA:27,1
DA:30,0
DA:32,0
DA:33,0
DA:35,0
DA:37,0
DA:39,0
DA:41,0
DA:47,0
DA:58,0
DA:63,0
DA:64,0
DA:65,0
DA:66,0
DA:67,0
DA:69,0
DA:72,0
DA:73,0
DA:74,0
DA:76,0
DA:84,0
DA:96,0
DA:98,0
DA:99,0
DA:103,0
DA:104,0
DA:105,0
DA:107,0
DA:109,0
DA:110,0
DA:111,0
DA:113,0
DA:122,0
DA:123,0
DA:126,0
DA:127,0
DA:128,0
DA:130,0
DA:133,0
DA:134,0
DA:135,0
DA:139,0
DA:140,0
DA:143,0
DA:144,0
DA:145,0
DA:147,0
DA:149,0
DA:150,0
DA:151,0
DA:154,0
LF:55
LH:5
BRDA:28,0,0,0
BRDA:33,1,0,0
BRDA:33,1,1,0
BRDA:33,1,2,0
BRDA:33,1,3,0
BRDA:49,2,0,0
BRDA:49,2,1,0
BRDA:66,3,0,0
BRDA:73,4,0,0
BRDA:104,5,0,0
BRDA:110,6,0,0
BRDA:127,7,0,0
BRDA:134,8,0,0
BRDA:144,9,0,0
BRDA:150,10,0,0
BRF:15
BRH:0
end_of_record
TN:
SF:src/agent/message-service.ts
FN:41,rowToMessage
FN:65,getMessagesByProjectId
FN:93,getMessagesCountByProjectId
FN:105,createMessage
FN:150,deleteMessagesByProjectId
FN:180,getMessagesBySessionId
FN:207,getMessagesCountBySessionId
FN:220,deleteMessagesBySessionId
FN:233,getMessagesByRequestId
FNF:9
FNH:0
FNDA:0,rowToMessage
FNDA:0,getMessagesByProjectId
FNDA:0,getMessagesCountByProjectId
FNDA:0,createMessage
FNDA:0,deleteMessagesByProjectId
FNDA:0,getMessagesBySessionId
FNDA:0,getMessagesCountBySessionId
FNDA:0,deleteMessagesBySessionId
FNDA:0,getMessagesByRequestId
DA:9,1
DA:10,1
DA:12,1
DA:42,0
DA:65,1
DA:70,0
DA:72,0
DA:79,0
DA:80,0
DA:82,0
DA:83,0
DA:86,0
DA:87,0
DA:93,1
DA:94,0
DA:95,0
DA:99,0
DA:105,1
DA:108,0
DA:109,0
DA:111,0
DA:125,0
DA:142,0
DA:150,1
DA:154,0
DA:157,0
DA:159,0
DA:160,0
DA:164,0
DA:168,0
DA:169,0
DA:180,1
DA:185,0
DA:187,0
DA:193,0
DA:194,0
DA:196,0
DA:197,0
DA:200,0
DA:201,0
DA:207,1
DA:208,0
DA:209,0
DA:213,0
DA:220,1
DA:221,0
DA:223,0
DA:224,0
DA:225,0
DA:227,0
DA:233,1
DA:234,0
DA:235,0
DA:240,0
LF:54
LH:11
BRDA:50,0,0,0
BRDA:50,0,1,0
BRDA:52,1,0,0
BRDA:52,1,1,0
BRDA:52,2,0,0
BRDA:52,2,1,0
BRDA:67,3,0,0
BRDA:68,4,0,0
BRDA:79,5,0,0
BRDA:82,6,0,0
BRDA:99,7,0,0
BRDA:99,7,1,0
BRDA:99,8,0,0
BRDA:99,8,1,0
BRDA:99,9,0,0
BRDA:99,9,1,0
BRDA:99,10,0,0
BRDA:99,10,1,0
BRDA:112,11,0,0
BRDA:112,11,1,0
BRDA:112,12,0,0
BRDA:112,12,1,0
BRDA:112,13,0,0
BRDA:112,13,1,0
BRDA:114,14,0,0
BRDA:114,14,1,0
BRDA:115,15,0,0
BRDA:115,15,1,0
BRDA:115,16,0,0
BRDA:115,16,1,0
BRDA:119,17,0,0
BRDA:119,17,1,0
BRDA:120,18,0,0
BRDA:120,18,1,0
BRDA:120,19,0,0
BRDA:120,19,1,0
BRDA:121,20,0,0
BRDA:121,20,1,0
BRDA:121,21,0,0
BRDA:121,21,1,0
BRDA:122,22,0,0
BRDA:122,22,1,0
BRDA:159,23,0,0
BRDA:159,23,1,0
BRDA:182,24,0,0
BRDA:183,25,0,0
BRDA:193,26,0,0
BRDA:196,27,0,0
BRDA:213,28,0,0
BRDA:213,28,1,0
BRDA:213,29,0,0
BRDA:213,29,1,0
BRDA:213,30,0,0
BRDA:213,30,1,0
BRDA:213,31,0,0
BRDA:213,31,1,0
BRF:56
BRH:0
end_of_record
TN:
SF:src/agent/open-project.ts
FN:53,formatSpawnError
FN:67,formatExitFailure
FN:91,tryLaunch
FN:95,(anonymous_4)
FN:99,(anonymous_5)
FN:119,(anonymous_6)
FN:126,(anonymous_7)
FN:139,(anonymous_8)
FN:151,runFallbackSequence
FN:162,(anonymous_10)
FN:177,openInVSCode
FN:227,openFileInVSCode
FN:384,openInTerminal
FN:402,openTerminalDarwin
FN:416,openTerminalWindows
FN:439,openTerminalLinux
FN:487,openProjectDirectory
FNF:17
FNH:0
FNDA:0,formatSpawnError
FNDA:0,formatExitFailure
FNDA:0,tryLaunch
FNDA:0,(anonymous_4)
FNDA:0,(anonymous_5)
FNDA:0,(anonymous_6)
FNDA:0,(anonymous_7)
FNDA:0,(anonymous_8)
FNDA:0,runFallbackSequence
FNDA:0,(anonymous_10)
FNDA:0,openInVSCode
FNDA:0,openFileInVSCode
FNDA:0,openInTerminal
FNDA:0,openTerminalDarwin
FNDA:0,openTerminalWindows
FNDA:0,openTerminalLinux
FNDA:0,openProjectDirectory
DA:17,1
DA:18,1
DA:19,1
DA:20,1
DA:22,1
DA:54,0
DA:55,0
DA:56,0
DA:57,0
DA:59,0
DA:61,0
DA:68,0
DA:69,0
DA:71,0
DA:72,0
DA:74,0
DA:92,0
DA:93,0
DA:95,0
DA:96,0
DA:97,0
DA:99,0
DA:100,0
DA:101,0
DA:102,0
DA:104,0
DA:105,0
DA:108,0
DA:114,0
DA:116,0
DA:119,0
DA:120,0
DA:121,0
DA:122,0
DA:123,0
DA:126,0
DA:127,0
DA:128,0
DA:129,0
DA:131,0
DA:132,0
DA:134,0
DA:139,0
DA:140,0
DA:141,0
DA:142,0
DA:143,0
DA:152,0
DA:154,0
DA:155,0
DA:156,0
DA:157,0
DA:159,0
DA:162,0
DA:178,0
DA:180,0
DA:190,0
DA:191,0
DA:200,0
DA:201,0
DA:209,0
DA:227,1
DA:233,0
DA:235,0
DA:236,0
DA:237,0
DA:242,0
DA:243,0
DA:249,0
DA:252,0
DA:253,0
DA:254,0
DA:263,0
DA:264,0
DA:266,0
DA:268,0
DA:269,0
DA:270,0
DA:271,0
DA:272,0
DA:273,0
DA:280,0
DA:281,0
DA:282,0
DA:283,0
DA:284,0
DA:285,0
DA:286,0
DA:287,0
DA:295,0
DA:296,0
DA:300,0
DA:304,0
DA:305,0
DA:306,0
DA:310,0
DA:311,0
DA:312,0
DA:313,0
DA:314,0
DA:317,0
DA:323,0
DA:325,0
DA:330,0
DA:331,0
DA:332,0
DA:333,0
DA:334,0
DA:338,0
DA:342,0
DA:351,0
DA:352,0
DA:360,0
DA:362,0
DA:370,0
DA:371,0
DA:373,0
DA:385,0
DA:387,0
DA:389,0
DA:391,0
DA:393,0
DA:395,0
DA:403,0
DA:417,0
DA:440,0
DA:487,1
DA:491,0
DA:493,0
DA:495,0
DA:496,0
DA:502,0
DA:503,0
DA:509,0
DA:512,0
DA:514,0
DA:515,0
DA:518,0
DA:519,0
DA:523,0
DA:524,0
DA:531,0
LF:142
LH:7
BRDA:54,0,0,0
BRDA:56,1,0,0
BRDA:68,2,0,0
BRDA:71,3,0,0
BRDA:92,4,0,0
BRDA:92,4,1,0
BRDA:92,5,0,0
BRDA:92,5,1,0
BRDA:100,6,0,0
BRDA:114,7,0,0
BRDA:120,8,0,0
BRDA:127,9,0,0
BRDA:131,10,0,0
BRDA:131,10,1,0
BRDA:140,11,0,0
BRDA:156,12,0,0
BRDA:190,13,0,0
BRDA:200,14,0,0
BRDA:236,15,0,0
BRDA:239,16,0,0
BRDA:239,16,1,0
BRDA:239,17,0,0
BRDA:239,17,1,0
BRDA:242,18,0,0
BRDA:252,19,0,0
BRDA:252,19,1,0
BRDA:252,20,0,0
BRDA:252,20,1,0
BRDA:253,21,0,0
BRDA:266,22,0,0
BRDA:266,22,1,0
BRDA:271,23,0,0
BRDA:280,24,0,0
BRDA:280,25,0,0
BRDA:280,25,1,0
BRDA:285,26,0,0
BRDA:295,27,0,0
BRDA:305,28,0,0
BRDA:305,29,0,0
BRDA:305,29,1,0
BRDA:310,30,0,0
BRDA:313,31,0,0
BRDA:323,32,0,0
BRDA:323,32,1,0
BRDA:323,33,0,0
BRDA:323,33,1,0
BRDA:323,33,2,0
BRDA:325,34,0,0
BRDA:325,34,1,0
BRDA:325,35,0,0
BRDA:325,35,1,0
BRDA:325,35,2,0
BRDA:331,36,0,0
BRDA:333,37,0,0
BRDA:351,38,0,0
BRDA:360,39,0,0
BRDA:387,40,0,0
BRDA:387,40,1,0
BRDA:387,40,2,0
BRDA:387,40,3,0
BRDA:495,41,0,0
BRDA:498,42,0,0
BRDA:498,42,1,0
BRDA:498,43,0,0
BRDA:498,43,1,0
BRDA:502,44,0,0
BRDA:512,45,0,0
BRDA:512,45,1,0
BRDA:512,45,2,0
BRF:69
BRH:0
end_of_record
TN:
SF:src/agent/project-service.ts
FN:30,(anonymous_1)
FN:51,validateRootPath
FN:68,(anonymous_3)
FN:113,createProjectDirectory
FN:130,normalizeRootPath
FN:157,rowToProject
FN:181,listProjects
FN:190,getProject
FN:199,upsertProject
FN:251,deleteProject
FN:259,touchProjectActivity
FN:270,updateProjectClaudeSessionId
FNF:12
FNH:1
FNDA:3,(anonymous_1)
FNDA:0,validateRootPath
FNDA:0,(anonymous_3)
FNDA:0,createProjectDirectory
FNDA:0,normalizeRootPath
FNDA:0,rowToProject
FNDA:0,listProjects
FNDA:0,getProject
FNDA:0,upsertProject
FNDA:0,deleteProject
FNDA:0,touchProjectActivity
FNDA:0,updateProjectClaudeSessionId
DA:9,1
DA:10,1
DA:11,1
DA:12,1
DA:13,1
DA:16,1
DA:26,1
DA:30,3
DA:51,1
DA:52,0
DA:53,0
DA:54,0
DA:63,0
DA:68,0
DA:70,0
DA:71,0
DA:81,0
DA:82,0
DA:83,0
DA:84,0
DA:92,0
DA:94,0
DA:95,0
DA:97,0
DA:99,0
DA:113,1
DA:115,0
DA:116,0
DA:117,0
DA:119,0
DA:120,0
DA:122,0
DA:131,0
DA:133,0
DA:134,0
DA:137,0
DA:138,0
DA:139,0
DA:141,0
DA:147,0
DA:158,0
DA:181,1
DA:182,0
DA:183,0
DA:184,0
DA:190,1
DA:191,0
DA:192,0
DA:193,0
DA:199,1
DA:200,0
DA:201,0
DA:202,0
DA:204,0
DA:205,0
DA:211,0
DA:214,0
DA:215,0
DA:217,0
DA:220,0
DA:236,0
DA:238,0
DA:241,0
DA:244,0
DA:251,1
DA:252,0
DA:253,0
DA:259,1
DA:260,0
DA:261,0
DA:262,0
DA:270,1
DA:274,0
DA:275,0
DA:276,0
LF:75
LH:16
BRDA:30,0,0,3
BRDA:30,0,1,1
BRDA:53,1,0,0
BRDA:63,2,0,0
BRDA:63,2,1,0
BRDA:70,3,0,0
BRDA:83,4,0,0
BRDA:95,5,0,0
BRDA:104,6,0,0
BRDA:104,6,1,0
BRDA:116,7,0,0
BRDA:117,8,0,0
BRDA:117,8,1,0
BRDA:119,9,0,0
BRDA:130,10,0,0
BRDA:133,11,0,0
BRDA:134,12,0,0
BRDA:134,12,1,0
BRDA:137,13,0,0
BRDA:138,14,0,0
BRDA:138,14,1,0
BRDA:161,15,0,0
BRDA:161,15,1,0
BRDA:161,16,0,0
BRDA:161,16,1,0
BRDA:164,17,0,0
BRDA:164,17,1,0
BRDA:164,18,0,0
BRDA:164,18,1,0
BRDA:165,19,0,0
BRDA:165,19,1,0
BRDA:165,20,0,0
BRDA:165,20,1,0
BRDA:170,21,0,0
BRDA:170,21,1,0
BRDA:170,22,0,0
BRDA:170,22,1,0
BRDA:193,23,0,0
BRDA:193,23,1,0
BRDA:202,24,0,0
BRDA:202,24,1,0
BRDA:202,25,0,0
BRDA:202,25,1,0
BRDA:204,26,0,0
BRDA:204,26,1,0
BRDA:204,27,0,0
BRDA:204,27,1,0
BRDA:204,28,0,0
BRDA:204,28,1,0
BRDA:211,29,0,0
BRDA:211,29,1,0
BRDA:211,30,0,0
BRDA:211,30,1,0
BRDA:211,31,0,0
BRDA:211,31,1,0
BRDA:211,32,0,0
BRDA:211,32,1,0
BRDA:211,33,0,0
BRDA:211,33,1,0
BRDA:214,34,0,0
BRDA:214,34,1,0
BRDA:215,35,0,0
BRDA:215,35,1,0
BRDA:217,36,0,0
BRDA:217,36,1,0
BRDA:217,37,0,0
BRDA:217,37,1,0
BRDA:217,38,0,0
BRDA:217,38,1,0
BRDA:223,39,0,0
BRDA:223,39,1,0
BRDA:223,39,2,0
BRDA:223,40,0,0
BRDA:223,40,1,0
BRDA:223,41,0,0
BRDA:223,41,1,0
BRDA:223,42,0,0
BRDA:223,42,1,0
BRDA:223,43,0,0
BRDA:223,43,1,0
BRDA:225,44,0,0
BRDA:225,44,1,0
BRDA:225,45,0,0
BRDA:225,45,1,0
BRDA:225,46,0,0
BRDA:225,46,1,0
BRDA:225,47,0,0
BRDA:225,47,1,0
BRDA:225,48,0,0
BRDA:225,48,1,0
BRDA:225,49,0,0
BRDA:225,49,1,0
BRDA:226,50,0,0
BRDA:226,50,1,0
BRDA:226,51,0,0
BRDA:226,51,1,0
BRDA:226,52,0,0
BRDA:226,52,1,0
BRDA:226,53,0,0
BRDA:226,53,1,0
BRDA:226,54,0,0
BRDA:226,54,1,0
BRDA:226,55,0,0
BRDA:226,55,1,0
BRDA:228,56,0,0
BRDA:228,56,1,0
BRDA:228,57,0,0
BRDA:228,57,1,0
BRDA:228,58,0,0
BRDA:228,58,1,0
BRDA:228,59,0,0
BRDA:228,59,1,0
BRDA:231,60,0,0
BRDA:231,60,1,0
BRDA:231,61,0,0
BRDA:231,61,1,0
BRDA:231,62,0,0
BRDA:231,62,1,0
BRDA:236,63,0,0
BRDA:236,63,1,0
BRDA:280,64,0,0
BRDA:280,64,1,0
BRDA:280,65,0,0
BRDA:280,65,1,0
BRDA:280,66,0,0
BRDA:280,66,1,0
BRF:126
BRH:2
end_of_record
TN:
SF:src/agent/session-service.ts
FN:151,parseJson
FN:160,stringifyJson
FN:169,rowToSession
FN:194,createSession
FN:235,getSession
FN:247,truncatePreview
FN:257,addPreviewsToSessions
FN:261,(anonymous_7)
FN:324,getSessionsByProject
FN:339,getAllSessions
FN:349,getSessionsByProjectAndEngine
FN:365,updateSession
FN:415,deleteSession
FN:423,updateEngineSessionId
FN:434,touchSessionActivity
FN:443,updateManagementInfo
FN:456,getOrCreateDefaultSession
FNF:17
FNH:0
FNDA:0,parseJson
FNDA:0,stringifyJson
FNDA:0,rowToSession
FNDA:0,createSession
FNDA:0,getSession
FNDA:0,truncatePreview
FNDA:0,addPreviewsToSessions
FNDA:0,(anonymous_7)
FNDA:0,getSessionsByProject
FNDA:0,getAllSessions
FNDA:0,getSessionsByProjectAndEngine
FNDA:0,updateSession
FNDA:0,deleteSession
FNDA:0,updateEngineSessionId
FNDA:0,touchSessionActivity
FNDA:0,updateManagementInfo
FNDA:0,getOrCreateDefaultSession
DA:9,1
DA:10,1
DA:11,1
DA:152,0
DA:153,0
DA:154,0
DA:156,0
DA:161,0
DA:162,0
DA:170,0
DA:194,1
DA:199,0
DA:200,0
DA:203,0
DA:208,0
DA:212,0
DA:228,0
DA:229,0
DA:235,1
DA:236,0
DA:237,0
DA:238,0
DA:242,1
DA:248,0
DA:249,0
DA:250,0
DA:258,0
DA:260,0
DA:262,0
DA:265,0
DA:272,0
DA:273,0
DA:274,0
DA:276,0
DA:279,0
DA:280,0
DA:281,0
DA:284,0
DA:285,0
DA:288,0
DA:292,0
DA:301,0
DA:302,0
DA:315,0
DA:324,1
DA:325,0
DA:326,0
DA:332,0
DA:339,1
DA:340,0
DA:341,0
DA:343,0
DA:349,1
DA:353,0
DA:354,0
DA:359,0
DA:365,1
DA:366,0
DA:367,0
DA:369,0
DA:373,0
DA:374,0
DA:377,0
DA:378,0
DA:381,0
DA:382,0
DA:385,0
DA:386,0
DA:389,0
DA:390,0
DA:395,0
DA:396,0
DA:399,0
DA:400,0
DA:403,0
DA:404,0
DA:407,0
DA:415,1
DA:416,0
DA:417,0
DA:423,1
DA:427,0
DA:434,1
DA:435,0
DA:436,0
DA:437,0
DA:443,1
DA:448,0
DA:449,0
DA:456,1
DA:461,0
DA:463,0
DA:465,0
DA:469,0
LF:94
LH:15
BRDA:152,0,0,0
BRDA:161,1,0,0
BRDA:161,2,0,0
BRDA:161,2,1,0
BRDA:174,3,0,0
BRDA:174,3,1,0
BRDA:174,4,0,0
BRDA:174,4,1,0
BRDA:175,5,0,0
BRDA:175,5,1,0
BRDA:175,6,0,0
BRDA:175,6,1,0
BRDA:176,7,0,0
BRDA:176,7,1,0
BRDA:176,8,0,0
BRDA:176,8,1,0
BRDA:197,9,0,0
BRDA:203,10,0,0
BRDA:203,10,1,0
BRDA:203,11,0,0
BRDA:203,11,1,0
BRDA:203,12,0,0
BRDA:203,12,1,0
BRDA:208,13,0,0
BRDA:208,13,1,0
BRDA:213,14,0,0
BRDA:213,14,1,0
BRDA:213,15,0,0
BRDA:213,15,1,0
BRDA:213,16,0,0
BRDA:213,16,1,0
BRDA:216,17,0,0
BRDA:216,17,1,0
BRDA:216,18,0,0
BRDA:216,18,1,0
BRDA:216,19,0,0
BRDA:216,19,1,0
BRDA:217,20,0,0
BRDA:217,20,1,0
BRDA:217,21,0,0
BRDA:217,21,1,0
BRDA:217,22,0,0
BRDA:217,22,1,0
BRDA:218,23,0,0
BRDA:218,23,1,0
BRDA:218,24,0,0
BRDA:218,24,1,0
BRDA:218,25,0,0
BRDA:218,25,1,0
BRDA:220,26,0,0
BRDA:220,26,1,0
BRDA:238,27,0,0
BRDA:238,27,1,0
BRDA:247,28,0,0
BRDA:249,29,0,0
BRDA:272,30,0,0
BRDA:272,31,0,0
BRDA:272,31,1,0
BRDA:279,32,0,0
BRDA:288,33,0,0
BRDA:288,33,1,0
BRDA:292,34,0,0
BRDA:292,34,1,0
BRDA:292,35,0,0
BRDA:292,35,1,0
BRDA:292,35,2,0
BRDA:292,35,3,0
BRDA:292,35,4,0
BRDA:301,36,0,0
BRDA:301,37,0,0
BRDA:301,37,1,0
BRDA:303,38,0,0
BRDA:303,38,1,0
BRDA:373,39,0,0
BRDA:374,40,0,0
BRDA:374,40,1,0
BRDA:374,41,0,0
BRDA:374,41,1,0
BRDA:374,42,0,0
BRDA:374,42,1,0
BRDA:377,43,0,0
BRDA:378,44,0,0
BRDA:378,44,1,0
BRDA:378,45,0,0
BRDA:378,45,1,0
BRDA:378,46,0,0
BRDA:378,46,1,0
BRDA:381,47,0,0
BRDA:382,48,0,0
BRDA:382,48,1,0
BRDA:382,49,0,0
BRDA:382,49,1,0
BRDA:382,50,0,0
BRDA:382,50,1,0
BRDA:385,51,0,0
BRDA:386,52,0,0
BRDA:386,52,1,0
BRDA:386,53,0,0
BRDA:386,53,1,0
BRDA:386,54,0,0
BRDA:386,54,1,0
BRDA:389,55,0,0
BRDA:390,56,0,0
BRDA:390,56,1,0
BRDA:395,57,0,0
BRDA:399,58,0,0
BRDA:403,59,0,0
BRDA:448,60,0,0
BRDA:448,60,1,0
BRDA:459,61,0,0
BRDA:463,62,0,0
BRDA:471,63,0,0
BRDA:471,63,1,0
BRF:113
BRH:0
end_of_record
TN:
SF:src/agent/storage.ts
FN:22,getAgentDataDir
FN:36,getDatabasePath
FN:52,getDefaultWorkspaceDir
FN:59,getDefaultProjectRoot
FNF:4
FNH:0
FNDA:0,getAgentDataDir
FNDA:0,getDatabasePath
FNDA:0,getDefaultWorkspaceDir
FNDA:0,getDefaultProjectRoot
DA:11,1
DA:12,1
DA:14,1
DA:22,1
DA:23,0
DA:24,0
DA:25,0
DA:27,0
DA:36,1
DA:37,0
DA:38,0
DA:39,0
DA:41,0
DA:52,1
DA:53,0
DA:59,1
DA:61,0
DA:67,0
LF:18
LH:7
BRDA:24,0,0,0
BRDA:24,1,0,0
BRDA:24,1,1,0
BRDA:38,2,0,0
BRDA:38,3,0,0
BRDA:38,3,1,0
BRDA:67,4,0,0
BRDA:67,4,1,0
BRF:8
BRH:0
end_of_record
TN:
SF:src/agent/stream-manager.ts
FN:18,(anonymous_0)
FN:23,(anonymous_1)
FN:31,(anonymous_2)
FN:45,(anonymous_3)
FN:53,(anonymous_4)
FN:67,(anonymous_5)
FN:93,(anonymous_6)
FN:115,(anonymous_7)
FN:160,(anonymous_8)
FN:198,(anonymous_9)
FN:202,(anonymous_10)
FN:206,(anonymous_11)
FN:232,(anonymous_12)
FN:237,(anonymous_13)
FN:254,(anonymous_14)
FN:260,(anonymous_15)
FNF:16
FNH:1
FNDA:1,(anonymous_0)
FNDA:0,(anonymous_1)
FNDA:0,(anonymous_2)
FNDA:0,(anonymous_3)
FNDA:0,(anonymous_4)
FNDA:0,(anonymous_5)
FNDA:0,(anonymous_6)
FNDA:0,(anonymous_7)
FNDA:0,(anonymous_8)
FNDA:0,(anonymous_9)
FNDA:0,(anonymous_10)
FNDA:0,(anonymous_11)
FNDA:0,(anonymous_12)
FNDA:0,(anonymous_13)
FNDA:0,(anonymous_14)
FNDA:0,(anonymous_15)
DA:10,1
DA:18,1
DA:19,1
DA:20,1
DA:21,1
DA:24,0
DA:25,0
DA:27,0
DA:28,0
DA:32,0
DA:33,0
DA:34,0
DA:37,0
DA:38,0
DA:39,0
DA:42,0
DA:46,0
DA:47,0
DA:49,0
DA:50,0
DA:54,0
DA:55,0
DA:56,0
DA:59,0
DA:60,0
DA:61,0
DA:64,0
DA:68,0
DA:69,0
DA:72,0
DA:73,0
DA:74,0
DA:78,0
DA:79,0
DA:82,0
DA:83,0
DA:87,0
DA:94,0
DA:96,0
DA:98,0
DA:100,0
DA:102,0
DA:104,0
DA:106,0
DA:108,0
DA:117,0
DA:118,0
DA:119,0
DA:120,0
DA:121,0
DA:122,0
DA:123,0
DA:125,0
DA:126,0
DA:128,0
DA:131,0
DA:132,0
DA:137,0
DA:138,0
DA:139,0
DA:140,0
DA:141,0
DA:142,0
DA:143,0
DA:145,0
DA:146,0
DA:148,0
DA:151,0
DA:152,0
DA:161,0
DA:162,0
DA:163,0
DA:164,0
DA:165,0
DA:166,0
DA:168,0
DA:169,0
DA:171,0
DA:175,0
DA:176,0
DA:179,0
DA:180,0
DA:181,0
DA:182,0
DA:183,0
DA:184,0
DA:186,0
DA:187,0
DA:189,0
DA:193,0
DA:194,0
DA:199,0
DA:203,0
DA:207,0
DA:208,0
DA:209,0
DA:210,0
DA:215,0
DA:218,0
DA:219,0
DA:220,0
DA:221,0
DA:226,0
DA:229,0
DA:233,0
DA:234,0
DA:237,0
DA:238,0
DA:239,0
DA:240,0
DA:243,0
DA:247,0
DA:251,0
DA:255,0
DA:256,0
DA:261,0
DA:262,0
DA:263,0
LF:118
LH:5
BRDA:24,0,0,0
BRDA:33,1,0,0
BRDA:38,2,0,0
BRDA:46,3,0,0
BRDA:55,4,0,0
BRDA:60,5,0,0
BRDA:72,6,0,0
BRDA:79,7,0,0
BRDA:94,8,0,0
BRDA:94,8,1,0
BRDA:94,8,2,0
BRDA:94,8,3,0
BRDA:94,8,4,0
BRDA:94,8,5,0
BRDA:94,8,6,0
BRDA:96,9,0,0
BRDA:96,9,1,0
BRDA:96,10,0,0
BRDA:96,10,1,0
BRDA:98,11,0,0
BRDA:98,11,1,0
BRDA:98,12,0,0
BRDA:98,12,1,0
BRDA:100,13,0,0
BRDA:100,13,1,0
BRDA:100,14,0,0
BRDA:100,14,1,0
BRDA:102,15,0,0
BRDA:102,15,1,0
BRDA:102,16,0,0
BRDA:102,16,1,0
BRDA:104,17,0,0
BRDA:104,17,1,0
BRDA:104,18,0,0
BRDA:104,18,1,0
BRDA:118,19,0,0
BRDA:121,20,0,0
BRDA:138,21,0,0
BRDA:141,22,0,0
BRDA:164,23,0,0
BRDA:182,24,0,0
BRDA:199,25,0,0
BRDA:199,25,1,0
BRDA:203,26,0,0
BRDA:203,26,1,0
BRDA:221,27,0,0
BRDA:221,27,1,0
BRDA:221,28,0,0
BRDA:221,28,1,0
BRDA:233,29,0,0
BRDA:238,30,0,0
BRDA:238,31,0,0
BRDA:238,31,1,0
BRDA:251,32,0,0
BRDA:251,32,1,0
BRDA:251,33,0,0
BRDA:251,33,1,0
BRDA:255,34,0,0
BRDA:255,35,0,0
BRDA:255,35,1,0
BRDA:261,36,0,0
BRF:61
BRH:0
end_of_record
TN:
SF:src/agent/tool-bridge.ts
FN:41,(anonymous_0)
FN:58,(anonymous_1)
FN:70,(anonymous_2)
FNF:3
FNH:1
FNDA:1,(anonymous_0)
FNDA:0,(anonymous_1)
FNDA:0,(anonymous_2)
DA:1,1
DA:2,1
DA:4,1
DA:37,1
DA:43,1
DA:45,1
DA:46,1
DA:60,0
DA:61,0
DA:63,0
DA:71,0
DA:73,0
DA:74,0
DA:80,0
LF:14
LH:7
BRDA:41,0,0,1
BRDA:43,1,0,1
BRDA:43,1,1,1
BRDA:43,2,0,1
BRDA:43,2,1,1
BRDA:60,3,0,0
BRDA:73,4,0,0
BRDA:73,4,1,0
BRDA:73,5,0,0
BRDA:73,5,1,0
BRF:10
BRH:5
end_of_record
TN:
SF:src/agent/db/client.ts
FN:39,getDatabasePath
FN:128,columnExists
FN:130,(anonymous_12)
FN:137,runMigrations
FN:159,initializeSchema
FN:167,ensureDataDir
FN:182,getDb
FN:209,closeDb
FN:220,isDbInitialized
FN:227,execRawSql
FNF:10
FNH:0
FNDA:0,getDatabasePath
FNDA:0,columnExists
FNDA:0,(anonymous_12)
FNDA:0,runMigrations
FNDA:0,initializeSchema
FNDA:0,ensureDataDir
FNDA:0,getDb
FNDA:0,closeDb
FNDA:0,isDbInitialized
FNDA:0,execRawSql
DA:10,1
DA:11,1
DA:13,1
DA:14,1
DA:15,1
DA:16,1
DA:28,1
DA:29,1
DA:39,1
DA:40,0
DA:41,0
DA:42,0
DA:44,0
DA:51,1
DA:116,1
DA:129,0
DA:130,0
DA:139,0
DA:140,0
DA:144,0
DA:145,0
DA:149,0
DA:150,0
DA:160,0
DA:161,0
DA:168,0
DA:169,0
DA:170,0
DA:182,1
DA:183,0
DA:184,0
DA:187,0
DA:188,0
DA:191,0
DA:194,0
DA:197,0
DA:200,0
DA:202,0
DA:209,1
DA:210,0
DA:211,0
DA:212,0
DA:213,0
DA:220,1
DA:221,0
DA:227,1
DA:228,0
DA:229,0
DA:231,0
LF:49
LH:15
BRDA:41,0,0,0
BRDA:41,1,0,0
BRDA:41,1,1,0
BRDA:139,2,0,0
BRDA:144,3,0,0
BRDA:149,4,0,0
BRDA:169,5,0,0
BRDA:183,6,0,0
BRDA:210,7,0,0
BRDA:228,8,0,0
BRF:10
BRH:0
end_of_record
TN:
SF:src/agent/db/index.ts
FNF:0
FNH:0
DA:4,1
DA:5,1
LF:2
LH:2
BRF:0
BRH:0
end_of_record
TN:
SF:src/agent/db/schema.ts
FN:44,(anonymous_0)
FN:59,(anonymous_1)
FN:102,(anonymous_2)
FN:118,(anonymous_3)
FN:129,(anonymous_4)
FNF:5
FNH:0
FNDA:0,(anonymous_0)
FNDA:0,(anonymous_1)
FNDA:0,(anonymous_2)
FNDA:0,(anonymous_3)
FNDA:0,(anonymous_4)
DA:10,1
DA:16,1
DA:44,0
DA:53,1
DA:59,0
DA:102,0
DA:112,1
DA:118,0
DA:129,0
LF:9
LH:4
BRF:0
BRH:0
end_of_record
TN:
SF:src/agent/engines/claude.ts
FN:50,(anonymous_10)
FN:59,(anonymous_11)
FN:133,(anonymous_12)
FN:173,(anonymous_13)
FN:208,(anonymous_14)
FN:265,(anonymous_15)
FN:366,(anonymous_16)
FN:370,(anonymous_17)
FN:395,(anonymous_18)
FN:429,(anonymous_19)
FN:483,(anonymous_20)
FN:510,(anonymous_21)
FN:527,(anonymous_22)
FN:556,(anonymous_23)
FN:595,(anonymous_24)
FN:624,(anonymous_25)
FN:637,(anonymous_26)
FN:638,(anonymous_27)
FN:1061,(anonymous_28)
FN:1064,(anonymous_29)
FN:1069,(anonymous_30)
FN:1070,(anonymous_31)
FN:1076,(anonymous_32)
FN:1080,(anonymous_33)
FN:1081,(anonymous_34)
FN:1087,(anonymous_35)
FN:1094,(anonymous_36)
FN:1116,(anonymous_37)
FN:1220,(anonymous_38)
FN:1264,(anonymous_39)
FN:1313,(anonymous_40)
FN:1322,(anonymous_41)
FN:1351,(anonymous_42)
FN:1396,(anonymous_43)
FN:1400,(anonymous_44)
FN:1415,(anonymous_45)
FN:1472,(anonymous_46)
FN:1511,(anonymous_47)
FN:1526,(anonymous_48)
FN:1531,(anonymous_49)
FN:1532,(anonymous_50)
FN:1544,(anonymous_51)
FN:1551,(anonymous_52)
FN:1557,(anonymous_53)
FN:1558,(anonymous_54)
FNF:45
FNH:1
FNDA:1,(anonymous_10)
FNDA:0,(anonymous_11)
FNDA:0,(anonymous_12)
FNDA:0,(anonymous_13)
FNDA:0,(anonymous_14)
FNDA:0,(anonymous_15)
FNDA:0,(anonymous_16)
FNDA:0,(anonymous_17)
FNDA:0,(anonymous_18)
FNDA:0,(anonymous_19)
FNDA:0,(anonymous_20)
FNDA:0,(anonymous_21)
FNDA:0,(anonymous_22)
FNDA:0,(anonymous_23)
FNDA:0,(anonymous_24)
FNDA:0,(anonymous_25)
FNDA:0,(anonymous_26)
FNDA:0,(anonymous_27)
FNDA:0,(anonymous_28)
FNDA:0,(anonymous_29)
FNDA:0,(anonymous_30)
FNDA:0,(anonymous_31)
FNDA:0,(anonymous_32)
FNDA:0,(anonymous_33)
FNDA:0,(anonymous_34)
FNDA:0,(anonymous_35)
FNDA:0,(anonymous_36)
FNDA:0,(anonymous_37)
FNDA:0,(anonymous_38)
FNDA:0,(anonymous_39)
FNDA:0,(anonymous_40)
FNDA:0,(anonymous_41)
FNDA:0,(anonymous_42)
FNDA:0,(anonymous_43)
FNDA:0,(anonymous_44)
FNDA:0,(anonymous_45)
FNDA:0,(anonymous_46)
FNDA:0,(anonymous_47)
FNDA:0,(anonymous_48)
FNDA:0,(anonymous_49)
FNDA:0,(anonymous_50)
FNDA:0,(anonymous_51)
FNDA:0,(anonymous_52)
FNDA:0,(anonymous_53)
FNDA:0,(anonymous_54)
DA:1,1
DA:2,1
DA:5,1
DA:6,1
DA:7,1
DA:20,1
DA:50,1
DA:51,1
DA:52,1
DA:57,1
DA:76,0
DA:77,0
DA:80,0
DA:81,0
DA:84,0
DA:85,0
DA:86,0
DA:92,0
DA:95,0
DA:97,0
DA:101,0
DA:103,0
DA:104,0
DA:111,0
DA:114,0
DA:115,0
DA:116,0
DA:117,0
DA:118,0
DA:119,0
DA:123,0
DA:127,0
DA:133,0
DA:134,0
DA:135,0
DA:138,0
DA:143,0
DA:145,0
DA:147,0
DA:148,0
DA:150,0
DA:151,0
DA:154,0
DA:167,0
DA:173,0
DA:179,0
DA:180,0
DA:182,0
DA:185,0
DA:186,0
DA:188,0
DA:202,0
DA:208,0
DA:209,0
DA:210,0
DA:211,0
DA:213,0
DA:214,0
DA:218,0
DA:219,0
DA:220,0
DA:224,0
DA:229,0
DA:231,0
DA:232,0
DA:234,0
DA:235,0
DA:237,0
DA:238,0
DA:240,0
DA:246,0
DA:248,0
DA:253,0
DA:255,0
DA:256,0
DA:259,0
DA:265,0
DA:266,0
DA:267,0
DA:268,0
DA:269,0
DA:271,0
DA:278,0
DA:279,0
DA:283,0
DA:286,0
DA:287,0
DA:291,0
DA:296,0
DA:297,0
DA:298,0
DA:300,0
DA:301,0
DA:302,0
DA:304,0
DA:305,0
DA:310,0
DA:311,0
DA:312,0
DA:313,0
DA:318,0
DA:319,0
DA:320,0
DA:324,0
DA:329,0
DA:330,0
DA:332,0
DA:333,0
DA:338,0
DA:339,0
DA:340,0
DA:341,0
DA:342,0
DA:345,0
DA:346,0
DA:347,0
DA:351,0
DA:352,0
DA:353,0
DA:354,0
DA:359,0
DA:361,0
DA:365,0
DA:366,0
DA:367,0
DA:369,0
DA:370,0
DA:371,0
DA:372,0
DA:373,0
DA:374,0
DA:377,0
DA:381,0
DA:386,0
DA:388,0
DA:390,0
DA:391,0
DA:394,0
DA:395,0
DA:396,0
DA:398,0
DA:400,0
DA:404,0
DA:406,0
DA:408,0
DA:411,0
DA:412,0
DA:416,0
DA:419,0
DA:420,0
DA:421,0
DA:422,0
DA:423,0
DA:428,0
DA:429,0
DA:433,0
DA:446,0
DA:450,0
DA:451,0
DA:456,0
DA:464,0
DA:467,0
DA:469,0
DA:470,0
DA:472,0
DA:475,0
DA:478,0
DA:483,0
DA:485,0
DA:489,0
DA:491,0
DA:492,0
DA:496,0
DA:500,0
DA:505,0
DA:510,0
DA:511,0
DA:512,0
DA:513,0
DA:514,0
DA:516,0
DA:517,0
DA:520,0
DA:527,0
DA:528,0
DA:529,0
DA:532,0
DA:533,0
DA:534,0
DA:538,0
DA:539,0
DA:540,0
DA:541,0
DA:542,0
DA:546,0
DA:547,0
DA:552,0
DA:556,0
DA:557,0
DA:558,0
DA:559,0
DA:561,0
DA:566,0
DA:568,0
DA:569,0
DA:570,0
DA:571,0
DA:572,0
DA:574,0
DA:576,0
DA:577,0
DA:578,0
DA:582,0
DA:587,0
DA:588,0
DA:590,0
DA:591,0
DA:593,0
DA:596,0
DA:603,0
DA:625,0
DA:626,0
DA:627,0
DA:628,0
DA:630,0
DA:631,0
DA:636,0
DA:637,0
DA:638,0
DA:640,0
DA:641,0
DA:643,0
DA:644,0
DA:647,0
DA:648,0
DA:649,0
DA:650,0
DA:651,0
DA:652,0
DA:653,0
DA:657,0
DA:658,0
DA:661,0
DA:665,0
DA:667,0
DA:668,0
DA:670,0
DA:674,0
DA:677,0
DA:682,0
DA:684,0
DA:689,0
DA:691,0
DA:692,0
DA:694,0
DA:699,0
DA:704,0
DA:709,0
DA:710,0
DA:711,0
DA:712,0
DA:713,0
DA:718,0
DA:719,0
DA:720,0
DA:721,0
DA:723,0
DA:729,0
DA:730,0
DA:732,0
DA:738,0
DA:745,0
DA:746,0
DA:752,0
DA:753,0
DA:754,0
DA:755,0
DA:756,0
DA:758,0
DA:761,0
DA:765,0
DA:766,0
DA:767,0
DA:770,0
DA:776,0
DA:778,0
DA:779,0
DA:780,0
DA:783,0
DA:785,0
DA:786,0
DA:787,0
DA:789,0
DA:792,0
DA:793,0
DA:794,0
DA:795,0
DA:796,0
DA:800,0
DA:802,0
DA:803,0
DA:805,0
DA:806,0
DA:807,0
DA:811,0
DA:816,0
DA:818,0
DA:819,0
DA:820,0
DA:822,0
DA:831,0
DA:836,0
DA:839,0
DA:840,0
DA:841,0
DA:844,0
DA:845,0
DA:846,0
DA:847,0
DA:848,0
DA:851,0
DA:854,0
DA:859,0
DA:866,0
DA:867,0
DA:868,0
DA:869,0
DA:870,0
DA:873,0
DA:877,0
DA:878,0
DA:879,0
DA:880,0
DA:881,0
DA:883,0
DA:892,0
DA:896,0
DA:898,0
DA:901,0
DA:902,0
DA:903,0
DA:904,0
DA:906,0
DA:910,0
DA:912,0
DA:913,0
DA:914,0
DA:915,0
DA:916,0
DA:917,0
DA:918,0
DA:919,0
DA:920,0
DA:924,0
DA:925,0
DA:926,0
DA:928,0
DA:934,0
DA:939,0
DA:940,0
DA:945,0
DA:947,0
DA:949,0
DA:950,0
DA:951,0
DA:952,0
DA:954,0
DA:956,0
DA:959,0
DA:962,0
DA:964,0
DA:966,0
DA:967,0
DA:969,0
DA:970,0
DA:994,0
DA:995,0
DA:996,0
DA:997,0
DA:1000,0
DA:1004,0
DA:1008,0
DA:1010,0
DA:1011,0
DA:1013,0
DA:1014,0
DA:1019,0
DA:1024,0
DA:1028,0
DA:1029,0
DA:1030,0
DA:1031,0
DA:1033,0
DA:1035,0
DA:1036,0
DA:1038,0
DA:1040,0
DA:1042,0
DA:1043,0
DA:1046,0
DA:1047,0
DA:1048,0
DA:1049,0
DA:1051,0
DA:1057,0
DA:1058,0
DA:1059,0
DA:1061,0
DA:1064,0
DA:1069,0
DA:1070,0
DA:1076,0
DA:1080,0
DA:1081,0
DA:1087,0
DA:1094,0
DA:1100,0
DA:1101,0
DA:1103,0
DA:1106,0
DA:1108,0
DA:1109,0
DA:1111,0
DA:1113,0
DA:1114,0
DA:1115,0
DA:1116,0
DA:1118,0
DA:1120,0
DA:1125,0
DA:1129,0
DA:1131,0
DA:1138,0
DA:1159,0
DA:1160,0
DA:1162,0
DA:1163,0
DA:1164,0
DA:1165,0
DA:1167,0
DA:1171,0
DA:1172,0
DA:1174,0
DA:1175,0
DA:1178,0
DA:1181,0
DA:1202,0
DA:1208,0
DA:1209,0
DA:1212,0
DA:1214,0
DA:1217,0
DA:1218,0
DA:1219,0
DA:1220,0
DA:1224,0
DA:1226,0
DA:1231,0
DA:1233,0
DA:1234,0
DA:1235,0
DA:1242,0
DA:1245,0
DA:1246,0
DA:1249,0
DA:1265,0
DA:1268,0
DA:1269,0
DA:1270,0
DA:1271,0
DA:1275,0
DA:1276,0
DA:1277,0
DA:1278,0
DA:1279,0
DA:1280,0
DA:1281,0
DA:1282,0
DA:1283,0
DA:1285,0
DA:1291,0
DA:1296,0
DA:1297,0
DA:1298,0
DA:1299,0
DA:1301,0
DA:1303,0
DA:1304,0
DA:1307,0
DA:1315,0
DA:1316,0
DA:1323,0
DA:1324,0
DA:1325,0
DA:1327,0
DA:1328,0
DA:1330,0
DA:1331,0
DA:1332,0
DA:1333,0
DA:1335,0
DA:1337,0
DA:1353,0
DA:1354,0
DA:1357,0
DA:1358,0
DA:1362,0
DA:1363,0
DA:1364,0
DA:1368,0
DA:1369,0
DA:1371,0
DA:1372,0
DA:1374,0
DA:1375,0
DA:1376,0
DA:1377,0
DA:1378,0
DA:1379,0
DA:1380,0
DA:1384,0
DA:1385,0
DA:1389,0
DA:1399,0
DA:1400,0
DA:1403,0
DA:1404,0
DA:1405,0
DA:1408,0
DA:1420,0
DA:1421,0
DA:1423,0
DA:1424,0
DA:1428,0
DA:1435,0
DA:1436,0
DA:1439,0
DA:1440,0
DA:1442,0
DA:1461,0
DA:1464,0
DA:1473,0
DA:1477,0
DA:1480,0
DA:1481,0
DA:1486,0
DA:1488,0
DA:1489,0
DA:1490,0
DA:1491,0
DA:1497,0
DA:1512,0
DA:1513,0
DA:1515,0
DA:1527,0
DA:1528,0
DA:1529,0
DA:1530,0
DA:1531,0
DA:1532,0
DA:1534,0
DA:1535,0
DA:1538,0
DA:1545,0
DA:1557,0
DA:1558,0
DA:1560,0
DA:1561,0
DA:1562,0
DA:1563,0
DA:1564,0
DA:1566,0
DA:1567,0
DA:1569,0
LF:574
LH:10
BRDA:80,0,0,0
BRDA:80,1,0,0
BRDA:80,1,1,0
BRDA:80,2,0,0
BRDA:80,2,1,0
BRDA:85,3,0,0
BRDA:103,4,0,0
BRDA:103,4,1,0
BRDA:111,5,0,0
BRDA:111,5,1,0
BRDA:111,5,2,0
BRDA:111,6,0,0
BRDA:111,6,1,0
BRDA:111,7,0,0
BRDA:111,7,1,0
BRDA:135,8,0,0
BRDA:138,9,0,0
BRDA:139,10,0,0
BRDA:139,10,1,0
BRDA:139,10,2,0
BRDA:147,11,0,0
BRDA:150,12,0,0
BRDA:180,13,0,0
BRDA:183,14,0,0
BRDA:183,14,1,0
BRDA:185,15,0,0
BRDA:209,16,0,0
BRDA:211,17,0,0
BRDA:213,18,0,0
BRDA:218,19,0,0
BRDA:218,19,1,0
BRDA:218,20,0,0
BRDA:218,20,1,0
BRDA:219,21,0,0
BRDA:219,22,0,0
BRDA:219,22,1,0
BRDA:224,23,0,0
BRDA:225,24,0,0
BRDA:225,24,1,0
BRDA:225,24,2,0
BRDA:231,25,0,0
BRDA:231,26,0,0
BRDA:231,26,1,0
BRDA:234,27,0,0
BRDA:234,28,0,0
BRDA:234,28,1,0
BRDA:237,29,0,0
BRDA:237,30,0,0
BRDA:237,30,1,0
BRDA:240,31,0,0
BRDA:241,32,0,0
BRDA:241,32,1,0
BRDA:241,32,2,0
BRDA:241,32,3,0
BRDA:248,33,0,0
BRDA:249,34,0,0
BRDA:249,34,1,0
BRDA:249,34,2,0
BRDA:255,35,0,0
BRDA:255,36,0,0
BRDA:255,36,1,0
BRDA:266,37,0,0
BRDA:266,37,1,0
BRDA:278,38,0,0
BRDA:286,39,0,0
BRDA:291,40,0,0
BRDA:292,41,0,0
BRDA:292,41,1,0
BRDA:292,41,2,0
BRDA:296,42,0,0
BRDA:300,43,0,0
BRDA:304,44,0,0
BRDA:310,45,0,0
BRDA:310,46,0,0
BRDA:310,46,1,0
BRDA:311,47,0,0
BRDA:318,48,0,0
BRDA:319,49,0,0
BRDA:320,50,0,0
BRDA:324,51,0,0
BRDA:325,52,0,0
BRDA:325,52,1,0
BRDA:325,52,2,0
BRDA:329,53,0,0
BRDA:332,54,0,0
BRDA:338,55,0,0
BRDA:338,56,0,0
BRDA:338,56,1,0
BRDA:339,57,0,0
BRDA:340,58,0,0
BRDA:341,59,0,0
BRDA:342,60,0,0
BRDA:345,61,0,0
BRDA:345,62,0,0
BRDA:345,62,1,0
BRDA:346,63,0,0
BRDA:347,64,0,0
BRDA:351,65,0,0
BRDA:351,66,0,0
BRDA:351,66,1,0
BRDA:352,67,0,0
BRDA:367,68,0,0
BRDA:394,69,0,0
BRDA:394,69,1,0
BRDA:395,70,0,0
BRDA:395,70,1,0
BRDA:395,71,0,0
BRDA:395,71,1,0
BRDA:396,72,0,0
BRDA:396,72,1,0
BRDA:398,73,0,0
BRDA:406,74,0,0
BRDA:406,74,1,0
BRDA:429,75,0,0
BRDA:429,75,1,0
BRDA:450,76,0,0
BRDA:464,77,0,0
BRDA:464,77,1,0
BRDA:467,78,0,0
BRDA:467,78,1,0
BRDA:470,79,0,0
BRDA:470,79,1,0
BRDA:485,80,0,0
BRDA:485,80,1,0
BRDA:489,81,0,0
BRDA:491,82,0,0
BRDA:500,83,0,0
BRDA:500,83,1,0
BRDA:500,84,0,0
BRDA:500,84,1,0
BRDA:505,85,0,0
BRDA:505,85,1,0
BRDA:505,86,0,0
BRDA:505,86,1,0
BRDA:505,86,2,0
BRDA:511,87,0,0
BRDA:514,88,0,0
BRDA:514,88,1,0
BRDA:514,89,0,0
BRDA:514,89,1,0
BRDA:516,90,0,0
BRDA:516,90,1,0
BRDA:529,91,0,0
BRDA:529,91,1,0
BRDA:529,92,0,0
BRDA:529,92,1,0
BRDA:532,93,0,0
BRDA:532,94,0,0
BRDA:532,94,1,0
BRDA:538,95,0,0
BRDA:541,96,0,0
BRDA:541,97,0,0
BRDA:541,97,1,0
BRDA:546,98,0,0
BRDA:557,99,0,0
BRDA:559,100,0,0
BRDA:559,100,1,0
BRDA:561,101,0,0
BRDA:562,102,0,0
BRDA:562,102,1,0
BRDA:562,102,2,0
BRDA:570,103,0,0
BRDA:570,104,0,0
BRDA:570,104,1,0
BRDA:572,105,0,0
BRDA:572,105,1,0
BRDA:574,106,0,0
BRDA:574,107,0,0
BRDA:574,107,1,0
BRDA:576,108,0,0
BRDA:576,108,1,0
BRDA:577,109,0,0
BRDA:577,109,1,0
BRDA:578,110,0,0
BRDA:578,110,1,0
BRDA:588,111,0,0
BRDA:590,112,0,0
BRDA:590,112,1,0
BRDA:626,113,0,0
BRDA:627,114,0,0
BRDA:636,115,0,0
BRDA:638,116,0,0
BRDA:638,116,1,0
BRDA:640,117,0,0
BRDA:643,118,0,0
BRDA:648,119,0,0
BRDA:648,119,1,0
BRDA:650,120,0,0
BRDA:650,121,0,0
BRDA:650,121,1,0
BRDA:650,121,2,0
BRDA:652,122,0,0
BRDA:652,123,0,0
BRDA:652,123,1,0
BRDA:657,124,0,0
BRDA:661,125,0,0
BRDA:662,126,0,0
BRDA:662,126,1,0
BRDA:667,127,0,0
BRDA:667,128,0,0
BRDA:667,128,1,0
BRDA:670,129,0,0
BRDA:671,130,0,0
BRDA:671,130,1,0
BRDA:677,131,0,0
BRDA:678,132,0,0
BRDA:678,132,1,0
BRDA:678,132,2,0
BRDA:684,133,0,0
BRDA:685,134,0,0
BRDA:685,134,1,0
BRDA:685,134,2,0
BRDA:691,135,0,0
BRDA:694,136,0,0
BRDA:695,137,0,0
BRDA:695,137,1,0
BRDA:695,137,2,0
BRDA:704,138,0,0
BRDA:705,139,0,0
BRDA:705,139,1,0
BRDA:705,139,2,0
BRDA:712,140,0,0
BRDA:719,141,0,0
BRDA:719,141,1,0
BRDA:719,141,2,0
BRDA:720,142,0,0
BRDA:730,143,0,0
BRDA:730,143,1,0
BRDA:732,144,0,0
BRDA:732,144,1,0
BRDA:732,145,0,0
BRDA:732,145,1,0
BRDA:732,145,2,0
BRDA:746,146,0,0
BRDA:747,147,0,0
BRDA:747,147,1,0
BRDA:747,147,2,0
BRDA:753,148,0,0
BRDA:755,149,0,0
BRDA:755,149,1,0
BRDA:765,150,0,0
BRDA:778,151,0,0
BRDA:778,152,0,0
BRDA:778,152,1,0
BRDA:778,153,0,0
BRDA:778,153,1,0
BRDA:785,154,0,0
BRDA:785,154,1,0
BRDA:786,155,0,0
BRDA:786,155,1,0
BRDA:786,156,0,0
BRDA:786,156,1,0
BRDA:789,157,0,0
BRDA:789,157,1,0
BRDA:789,157,2,0
BRDA:789,157,3,0
BRDA:789,157,4,0
BRDA:789,157,5,0
BRDA:789,157,6,0
BRDA:802,158,0,0
BRDA:802,158,1,0
BRDA:805,159,0,0
BRDA:805,159,1,0
BRDA:805,160,0,0
BRDA:805,160,1,0
BRDA:806,161,0,0
BRDA:806,161,1,0
BRDA:807,162,0,0
BRDA:807,162,1,0
BRDA:816,163,0,0
BRDA:816,164,0,0
BRDA:816,164,1,0
BRDA:823,165,0,0
BRDA:823,165,1,0
BRDA:824,166,0,0
BRDA:824,166,1,0
BRDA:825,167,0,0
BRDA:825,167,1,0
BRDA:836,168,0,0
BRDA:836,168,1,0
BRDA:839,169,0,0
BRDA:847,170,0,0
BRDA:867,171,0,0
BRDA:867,171,1,0
BRDA:868,172,0,0
BRDA:868,172,1,0
BRDA:869,173,0,0
BRDA:869,173,1,0
BRDA:870,174,0,0
BRDA:878,175,0,0
BRDA:878,176,0,0
BRDA:878,176,1,0
BRDA:884,177,0,0
BRDA:884,177,1,0
BRDA:885,178,0,0
BRDA:885,178,1,0
BRDA:886,179,0,0
BRDA:886,179,1,0
BRDA:898,180,0,0
BRDA:898,180,1,0
BRDA:901,181,0,0
BRDA:901,182,0,0
BRDA:901,182,1,0
BRDA:901,182,2,0
BRDA:903,183,0,0
BRDA:903,184,0,0
BRDA:903,184,1,0
BRDA:912,185,0,0
BRDA:912,185,1,0
BRDA:914,186,0,0
BRDA:914,187,0,0
BRDA:914,187,1,0
BRDA:915,188,0,0
BRDA:915,188,1,0
BRDA:917,189,0,0
BRDA:917,189,1,0
BRDA:919,190,0,0
BRDA:924,191,0,0
BRDA:947,192,0,0
BRDA:947,192,1,0
BRDA:950,193,0,0
BRDA:954,194,0,0
BRDA:954,194,1,0
BRDA:964,195,0,0
BRDA:964,195,1,0
BRDA:966,196,0,0
BRDA:966,196,1,0
BRDA:967,197,0,0
BRDA:967,197,1,0
BRDA:969,198,0,0
BRDA:969,199,0,0
BRDA:969,199,1,0
BRDA:975,200,0,0
BRDA:975,200,1,0
BRDA:975,201,0,0
BRDA:975,201,1,0
BRDA:975,202,0,0
BRDA:975,202,1,0
BRDA:976,203,0,0
BRDA:976,203,1,0
BRDA:976,204,0,0
BRDA:976,204,1,0
BRDA:976,205,0,0
BRDA:976,205,1,0
BRDA:978,206,0,0
BRDA:978,206,1,0
BRDA:978,207,0,0
BRDA:978,207,1,0
BRDA:978,208,0,0
BRDA:978,208,1,0
BRDA:982,209,0,0
BRDA:982,209,1,0
BRDA:982,210,0,0
BRDA:982,210,1,0
BRDA:982,211,0,0
BRDA:982,211,1,0
BRDA:994,212,0,0
BRDA:997,213,0,0
BRDA:997,213,1,0
BRDA:997,214,0,0
BRDA:997,214,1,0
BRDA:997,215,0,0
BRDA:997,215,1,0
BRDA:999,216,0,0
BRDA:999,216,1,0
BRDA:1004,217,0,0
BRDA:1004,217,1,0
BRDA:1004,217,2,0
BRDA:1008,218,0,0
BRDA:1008,219,0,0
BRDA:1008,219,1,0
BRDA:1010,220,0,0
BRDA:1010,221,0,0
BRDA:1010,221,1,0
BRDA:1029,222,0,0
BRDA:1029,223,0,0
BRDA:1029,223,1,0
BRDA:1033,224,0,0
BRDA:1033,224,1,0
BRDA:1038,225,0,0
BRDA:1038,225,1,0
BRDA:1040,226,0,0
BRDA:1040,226,1,0
BRDA:1042,227,0,0
BRDA:1046,228,0,0
BRDA:1046,229,0,0
BRDA:1046,229,1,0
BRDA:1057,230,0,0
BRDA:1060,231,0,0
BRDA:1060,231,1,0
BRDA:1063,232,0,0
BRDA:1063,232,1,0
BRDA:1067,233,0,0
BRDA:1067,233,1,0
BRDA:1069,234,0,0
BRDA:1069,234,1,0
BRDA:1072,235,0,0
BRDA:1072,235,1,0
BRDA:1075,236,0,0
BRDA:1075,236,1,0
BRDA:1078,237,0,0
BRDA:1078,237,1,0
BRDA:1080,238,0,0
BRDA:1080,238,1,0
BRDA:1083,239,0,0
BRDA:1083,239,1,0
BRDA:1086,240,0,0
BRDA:1086,240,1,0
BRDA:1093,241,0,0
BRDA:1093,241,1,0
BRDA:1106,242,0,0
BRDA:1109,243,0,0
BRDA:1109,243,1,0
BRDA:1111,244,0,0
BRDA:1111,244,1,0
BRDA:1115,245,0,0
BRDA:1115,245,1,0
BRDA:1125,246,0,0
BRDA:1125,246,1,0
BRDA:1125,246,2,0
BRDA:1131,247,0,0
BRDA:1131,247,1,0
BRDA:1131,247,2,0
BRDA:1131,247,3,0
BRDA:1131,247,4,0
BRDA:1160,248,0,0
BRDA:1167,249,0,0
BRDA:1167,249,1,0
BRDA:1171,250,0,0
BRDA:1171,251,0,0
BRDA:1171,251,1,0
BRDA:1172,252,0,0
BRDA:1172,252,1,0
BRDA:1172,252,2,0
BRDA:1174,253,0,0
BRDA:1174,253,1,0
BRDA:1178,254,0,0
BRDA:1178,254,1,0
BRDA:1208,255,0,0
BRDA:1214,256,0,0
BRDA:1214,256,1,0
BRDA:1218,257,0,0
BRDA:1226,258,0,0
BRDA:1226,258,1,0
BRDA:1226,258,2,0
BRDA:1226,258,3,0
BRDA:1231,259,0,0
BRDA:1231,260,0,0
BRDA:1231,260,1,0
BRDA:1231,260,2,0
BRDA:1231,260,3,0
BRDA:1269,261,0,0
BRDA:1269,261,1,0
BRDA:1269,261,2,0
BRDA:1270,262,0,0
BRDA:1275,263,0,0
BRDA:1275,264,0,0
BRDA:1275,264,1,0
BRDA:1278,265,0,0
BRDA:1278,265,1,0
BRDA:1278,266,0,0
BRDA:1278,266,1,0
BRDA:1278,266,2,0
BRDA:1282,267,0,0
BRDA:1282,267,1,0
BRDA:1298,268,0,0
BRDA:1301,269,0,0
BRDA:1303,270,0,0
BRDA:1303,270,1,0
BRDA:1315,271,0,0
BRDA:1315,271,1,0
BRDA:1315,271,2,0
BRDA:1315,271,3,0
BRDA:1323,272,0,0
BRDA:1325,273,0,0
BRDA:1325,273,1,0
BRDA:1327,274,0,0
BRDA:1327,275,0,0
BRDA:1327,275,1,0
BRDA:1330,276,0,0
BRDA:1333,277,0,0
BRDA:1351,278,0,0
BRDA:1353,279,0,0
BRDA:1353,280,0,0
BRDA:1353,280,1,0
BRDA:1353,280,2,0
BRDA:1357,281,0,0
BRDA:1362,282,0,0
BRDA:1362,283,0,0
BRDA:1362,283,1,0
BRDA:1364,284,0,0
BRDA:1368,285,0,0
BRDA:1371,286,0,0
BRDA:1374,287,0,0
BRDA:1377,288,0,0
BRDA:1377,289,0,0
BRDA:1377,289,1,0
BRDA:1377,289,2,0
BRDA:1379,290,0,0
BRDA:1384,291,0,0
BRDA:1400,292,0,0
BRDA:1400,292,1,0
BRDA:1403,293,0,0
BRDA:1423,294,0,0
BRDA:1423,295,0,0
BRDA:1423,295,1,0
BRDA:1430,296,0,0
BRDA:1430,296,1,0
BRDA:1430,297,0,0
BRDA:1430,297,1,0
BRDA:1432,298,0,0
BRDA:1432,298,1,0
BRDA:1432,299,0,0
BRDA:1432,299,1,0
BRDA:1435,300,0,0
BRDA:1477,301,0,0
BRDA:1477,301,1,0
BRDA:1477,301,2,0
BRDA:1480,302,0,0
BRDA:1490,303,0,0
BRDA:1490,304,0,0
BRDA:1490,304,1,0
BRDA:1490,304,2,0
BRDA:1518,305,0,0
BRDA:1518,305,1,0
BRDA:1528,306,0,0
BRDA:1529,307,0,0
BRDA:1531,308,0,0
BRDA:1531,308,1,0
BRDA:1531,308,2,0
BRDA:1534,309,0,0
BRDA:1561,310,0,0
BRDA:1561,310,1,0
BRF:533
BRH:0
end_of_record
TN:
SF:src/agent/engines/codex.ts
FN:41,(anonymous_10)
FN:50,(anonymous_11)
FN:87,(anonymous_12)
FN:165,(anonymous_13)
FN:193,(anonymous_14)
FN:196,(anonymous_15)
FN:212,(anonymous_16)
FN:252,(anonymous_17)
FN:262,(anonymous_18)
FN:273,(anonymous_19)
FN:291,(anonymous_20)
FN:294,(anonymous_21)
FN:295,(anonymous_22)
FN:296,(anonymous_23)
FN:312,(anonymous_24)
FN:320,(anonymous_25)
FN:348,(anonymous_26)
FN:381,(anonymous_27)
FN:398,(anonymous_28)
FN:431,(anonymous_29)
FN:448,(anonymous_30)
FN:469,(anonymous_31)
FN:480,(anonymous_32)
FN:502,(anonymous_33)
FN:546,(anonymous_34)
FN:565,(anonymous_35)
FN:594,(anonymous_36)
FN:676,(anonymous_37)
FN:686,(anonymous_38)
FN:688,(anonymous_39)
FN:691,(anonymous_40)
FN:692,(anonymous_41)
FN:718,(anonymous_42)
FN:721,(anonymous_43)
FN:741,(anonymous_44)
FN:747,(anonymous_45)
FN:748,(anonymous_46)
FN:762,(anonymous_47)
FN:787,(anonymous_48)
FN:816,(anonymous_49)
FN:856,(anonymous_50)
FN:879,(anonymous_51)
FN:886,(anonymous_52)
FN:903,(anonymous_53)
FN:922,(anonymous_54)
FN:931,(anonymous_55)
FN:937,(anonymous_56)
FN:945,(anonymous_57)
FN:954,(anonymous_58)
FNF:49
FNH:1
FNDA:1,(anonymous_10)
FNDA:0,(anonymous_11)
FNDA:0,(anonymous_12)
FNDA:0,(anonymous_13)
FNDA:0,(anonymous_14)
FNDA:0,(anonymous_15)
FNDA:0,(anonymous_16)
FNDA:0,(anonymous_17)
FNDA:0,(anonymous_18)
FNDA:0,(anonymous_19)
FNDA:0,(anonymous_20)
FNDA:0,(anonymous_21)
FNDA:0,(anonymous_22)
FNDA:0,(anonymous_23)
FNDA:0,(anonymous_24)
FNDA:0,(anonymous_25)
FNDA:0,(anonymous_26)
FNDA:0,(anonymous_27)
FNDA:0,(anonymous_28)
FNDA:0,(anonymous_29)
FNDA:0,(anonymous_30)
FNDA:0,(anonymous_31)
FNDA:0,(anonymous_32)
FNDA:0,(anonymous_33)
FNDA:0,(anonymous_34)
FNDA:0,(anonymous_35)
FNDA:0,(anonymous_36)
FNDA:0,(anonymous_37)
FNDA:0,(anonymous_38)
FNDA:0,(anonymous_39)
FNDA:0,(anonymous_40)
FNDA:0,(anonymous_41)
FNDA:0,(anonymous_42)
FNDA:0,(anonymous_43)
FNDA:0,(anonymous_44)
FNDA:0,(anonymous_45)
FNDA:0,(anonymous_46)
FNDA:0,(anonymous_47)
FNDA:0,(anonymous_48)
FNDA:0,(anonymous_49)
FNDA:0,(anonymous_50)
FNDA:0,(anonymous_51)
FNDA:0,(anonymous_52)
FNDA:0,(anonymous_53)
FNDA:0,(anonymous_54)
FNDA:0,(anonymous_55)
FNDA:0,(anonymous_56)
FNDA:0,(anonymous_57)
FNDA:0,(anonymous_58)
DA:1,1
DA:2,1
DA:3,1
DA:4,1
DA:5,1
DA:12,1
DA:13,1
DA:14,1
DA:36,1
DA:37,1
DA:38,1
DA:42,1
DA:48,1
DA:62,0
DA:63,0
DA:66,0
DA:67,0
DA:70,0
DA:71,0
DA:72,0
DA:76,0
DA:82,0
DA:83,0
DA:87,0
DA:88,0
DA:89,0
DA:90,0
DA:91,0
DA:93,0
DA:94,0
DA:97,0
DA:102,0
DA:106,0
DA:107,0
DA:119,0
DA:123,0
DA:124,0
DA:126,0
DA:127,0
DA:128,0
DA:130,0
DA:133,0
DA:134,0
DA:138,0
DA:139,0
DA:141,0
DA:143,0
DA:144,0
DA:145,0
DA:147,0
DA:149,0
DA:150,0
DA:151,0
DA:152,0
DA:153,0
DA:154,0
DA:156,0
DA:162,0
DA:165,0
DA:166,0
DA:173,0
DA:174,0
DA:175,0
DA:176,0
DA:177,0
DA:180,0
DA:183,0
DA:184,0
DA:185,0
DA:186,0
DA:187,0
DA:188,0
DA:193,0
DA:194,0
DA:196,0
DA:197,0
DA:198,0
DA:199,0
DA:200,0
DA:203,0
DA:212,0
DA:213,0
DA:214,0
DA:217,0
DA:218,0
DA:219,0
DA:223,0
DA:224,0
DA:225,0
DA:232,0
DA:233,0
DA:234,0
DA:241,0
DA:244,0
DA:245,0
DA:247,0
DA:252,0
DA:254,0
DA:257,0
DA:261,0
DA:263,0
DA:264,0
DA:268,0
DA:269,0
DA:273,0
DA:274,0
DA:275,0
DA:277,0
DA:279,0
DA:280,0
DA:283,0
DA:286,0
DA:291,0
DA:292,0
DA:293,0
DA:294,0
DA:295,0
DA:296,0
DA:299,0
DA:300,0
DA:301,0
DA:303,0
DA:304,0
DA:306,0
DA:312,0
DA:313,0
DA:314,0
DA:315,0
DA:316,0
DA:320,0
DA:321,0
DA:322,0
DA:324,0
DA:325,0
DA:327,0
DA:328,0
DA:331,0
DA:344,0
DA:348,0
DA:354,0
DA:355,0
DA:357,0
DA:360,0
DA:361,0
DA:363,0
DA:377,0
DA:381,0
DA:382,0
DA:383,0
DA:384,0
DA:385,0
DA:398,0
DA:399,0
DA:400,0
DA:401,0
DA:402,0
DA:404,0
DA:405,0
DA:406,0
DA:407,0
DA:408,0
DA:410,0
DA:411,0
DA:412,0
DA:413,0
DA:415,0
DA:431,0
DA:432,0
DA:435,0
DA:436,0
DA:438,0
DA:440,0
DA:448,0
DA:449,0
DA:450,0
DA:451,0
DA:453,0
DA:455,0
DA:460,0
DA:469,0
DA:470,0
DA:471,0
DA:472,0
DA:473,0
DA:474,0
DA:475,0
DA:476,0
DA:480,0
DA:481,0
DA:482,0
DA:483,0
DA:485,0
DA:486,0
DA:487,0
DA:488,0
DA:489,0
DA:491,0
DA:492,0
DA:493,0
DA:494,0
DA:495,0
DA:497,0
DA:498,0
DA:502,0
DA:503,0
DA:504,0
DA:505,0
DA:507,0
DA:509,0
DA:510,0
DA:512,0
DA:513,0
DA:515,0
DA:516,0
DA:518,0
DA:519,0
DA:520,0
DA:521,0
DA:522,0
DA:525,0
DA:526,0
DA:527,0
DA:528,0
DA:530,0
DA:533,0
DA:534,0
DA:535,0
DA:536,0
DA:538,0
DA:545,0
DA:546,0
DA:547,0
DA:549,0
DA:550,0
DA:554,0
DA:555,0
DA:556,0
DA:562,0
DA:565,0
DA:566,0
DA:567,0
DA:568,0
DA:572,0
DA:573,0
DA:577,0
DA:578,0
DA:579,0
DA:581,0
DA:582,0
DA:584,0
DA:587,0
DA:588,0
DA:589,0
DA:590,0
DA:594,0
DA:595,0
DA:596,0
DA:597,0
DA:598,0
DA:601,0
DA:602,0
DA:604,0
DA:605,0
DA:608,0
DA:609,0
DA:611,0
DA:612,0
DA:614,0
DA:615,0
DA:617,0
DA:618,0
DA:620,0
DA:621,0
DA:623,0
DA:624,0
DA:626,0
DA:630,0
DA:631,0
DA:635,0
DA:636,0
DA:638,0
DA:642,0
DA:643,0
DA:646,0
DA:647,0
DA:648,0
DA:649,0
DA:652,0
DA:657,0
DA:658,0
DA:662,0
DA:663,0
DA:664,0
DA:665,0
DA:668,0
DA:670,0
DA:678,0
DA:679,0
DA:687,0
DA:688,0
DA:689,0
DA:690,0
DA:691,0
DA:692,0
DA:694,0
DA:695,0
DA:702,0
DA:709,0
DA:710,0
DA:719,0
DA:721,0
DA:722,0
DA:725,0
DA:726,0
DA:727,0
DA:728,0
DA:729,0
DA:730,0
DA:731,0
DA:732,0
DA:733,0
DA:735,0
DA:747,0
DA:748,0
DA:750,0
DA:751,0
DA:752,0
DA:753,0
DA:754,0
DA:756,0
DA:757,0
DA:759,0
DA:763,0
DA:764,0
DA:765,0
DA:766,0
DA:767,0
DA:770,0
DA:771,0
DA:772,0
DA:773,0
DA:774,0
DA:776,0
DA:777,0
DA:780,0
DA:781,0
DA:782,0
DA:784,0
DA:788,0
DA:789,0
DA:790,0
DA:792,0
DA:793,0
DA:795,0
DA:796,0
DA:797,0
DA:798,0
DA:799,0
DA:802,0
DA:804,0
DA:805,0
DA:806,0
DA:807,0
DA:808,0
DA:809,0
DA:813,0
DA:819,0
DA:820,0
DA:821,0
DA:822,0
DA:824,0
DA:828,0
DA:829,0
DA:832,0
DA:833,0
DA:834,0
DA:838,0
DA:840,0
DA:848,0
DA:857,0
DA:858,0
DA:860,0
DA:861,0
DA:866,0
DA:868,0
DA:869,0
DA:874,0
DA:876,0
DA:880,0
DA:881,0
DA:884,0
DA:886,0
DA:887,0
DA:888,0
DA:890,0
DA:891,0
DA:892,0
DA:893,0
DA:900,0
DA:904,0
DA:905,0
DA:907,0
DA:909,0
DA:911,0
DA:916,0
DA:922,0
DA:923,0
DA:924,0
DA:925,0
DA:928,0
DA:936,0
DA:937,0
DA:938,0
DA:945,0
DA:955,0
LF:415
LH:13
BRDA:42,0,0,0
BRDA:42,0,1,1
BRDA:42,1,0,1
BRDA:42,1,1,1
BRDA:66,2,0,0
BRDA:66,3,0,0
BRDA:66,3,1,0
BRDA:66,4,0,0
BRDA:66,4,1,0
BRDA:71,5,0,0
BRDA:78,6,0,0
BRDA:78,6,1,0
BRDA:78,7,0,0
BRDA:78,7,1,0
BRDA:82,8,0,0
BRDA:82,9,0,0
BRDA:82,9,1,0
BRDA:82,10,0,0
BRDA:82,10,1,0
BRDA:88,11,0,0
BRDA:91,12,0,0
BRDA:91,12,1,0
BRDA:91,13,0,0
BRDA:91,13,1,0
BRDA:93,14,0,0
BRDA:93,14,1,0
BRDA:102,15,0,0
BRDA:102,15,1,0
BRDA:106,16,0,0
BRDA:106,16,1,0
BRDA:123,17,0,0
BRDA:123,17,1,0
BRDA:133,18,0,0
BRDA:133,19,0,0
BRDA:133,19,1,0
BRDA:139,20,0,0
BRDA:139,20,1,0
BRDA:141,21,0,0
BRDA:141,21,1,0
BRDA:147,22,0,0
BRDA:147,23,0,0
BRDA:147,23,1,0
BRDA:150,24,0,0
BRDA:194,25,0,0
BRDA:213,26,0,0
BRDA:217,27,0,0
BRDA:223,28,0,0
BRDA:232,29,0,0
BRDA:244,30,0,0
BRDA:244,30,1,0
BRDA:245,31,0,0
BRDA:245,31,1,0
BRDA:254,32,0,0
BRDA:254,32,1,0
BRDA:256,33,0,0
BRDA:256,33,1,0
BRDA:261,34,0,0
BRDA:261,34,1,0
BRDA:268,35,0,0
BRDA:268,36,0,0
BRDA:268,36,1,0
BRDA:273,37,0,0
BRDA:273,37,1,0
BRDA:273,38,0,0
BRDA:273,38,1,0
BRDA:275,39,0,0
BRDA:279,40,0,0
BRDA:300,41,0,0
BRDA:303,42,0,0
BRDA:322,43,0,0
BRDA:324,44,0,0
BRDA:327,45,0,0
BRDA:355,46,0,0
BRDA:358,47,0,0
BRDA:358,47,1,0
BRDA:360,48,0,0
BRDA:382,49,0,0
BRDA:382,49,1,0
BRDA:382,50,0,0
BRDA:382,50,1,0
BRDA:386,51,0,0
BRDA:386,51,1,0
BRDA:391,52,0,0
BRDA:391,52,1,0
BRDA:391,53,0,0
BRDA:391,53,1,0
BRDA:400,54,0,0
BRDA:400,54,1,0
BRDA:401,55,0,0
BRDA:404,56,0,0
BRDA:404,56,1,0
BRDA:404,57,0,0
BRDA:404,57,1,0
BRDA:404,58,0,0
BRDA:404,58,1,0
BRDA:404,59,0,0
BRDA:404,59,1,0
BRDA:405,60,0,0
BRDA:405,60,1,0
BRDA:405,61,0,0
BRDA:405,61,1,0
BRDA:406,62,0,0
BRDA:406,62,1,0
BRDA:408,63,0,0
BRDA:408,63,1,0
BRDA:408,63,2,0
BRDA:410,64,0,0
BRDA:410,64,1,0
BRDA:411,65,0,0
BRDA:411,65,1,0
BRDA:413,66,0,0
BRDA:413,66,1,0
BRDA:424,67,0,0
BRDA:424,67,1,0
BRDA:435,68,0,0
BRDA:435,68,1,0
BRDA:435,69,0,0
BRDA:435,69,1,0
BRDA:438,70,0,0
BRDA:438,70,1,0
BRDA:438,70,2,0
BRDA:438,71,0,0
BRDA:438,71,1,0
BRDA:438,72,0,0
BRDA:438,72,1,0
BRDA:438,73,0,0
BRDA:438,73,1,0
BRDA:438,74,0,0
BRDA:438,74,1,0
BRDA:441,75,0,0
BRDA:441,75,1,0
BRDA:442,76,0,0
BRDA:442,76,1,0
BRDA:453,77,0,0
BRDA:453,77,1,0
BRDA:453,78,0,0
BRDA:453,78,1,0
BRDA:454,79,0,0
BRDA:454,79,1,0
BRDA:463,80,0,0
BRDA:463,80,1,0
BRDA:470,81,0,0
BRDA:470,82,0,0
BRDA:470,82,1,0
BRDA:473,83,0,0
BRDA:473,83,1,0
BRDA:475,84,0,0
BRDA:481,85,0,0
BRDA:481,86,0,0
BRDA:481,86,1,0
BRDA:485,87,0,0
BRDA:485,87,1,0
BRDA:487,88,0,0
BRDA:491,89,0,0
BRDA:491,89,1,0
BRDA:493,90,0,0
BRDA:497,91,0,0
BRDA:503,92,0,0
BRDA:503,93,0,0
BRDA:503,93,1,0
BRDA:507,94,0,0
BRDA:507,94,1,0
BRDA:507,94,2,0
BRDA:507,94,3,0
BRDA:507,94,4,0
BRDA:507,94,5,0
BRDA:519,95,0,0
BRDA:526,96,0,0
BRDA:534,97,0,0
BRDA:545,98,0,0
BRDA:545,98,1,0
BRDA:545,99,0,0
BRDA:545,99,1,0
BRDA:554,100,0,0
BRDA:562,101,0,0
BRDA:562,101,1,0
BRDA:562,102,0,0
BRDA:562,102,1,0
BRDA:566,103,0,0
BRDA:572,104,0,0
BRDA:572,105,0,0
BRDA:572,105,1,0
BRDA:572,105,2,0
BRDA:578,106,0,0
BRDA:581,107,0,0
BRDA:584,108,0,0
BRDA:584,108,1,0
BRDA:598,109,0,0
BRDA:609,110,0,0
BRDA:609,110,1,0
BRDA:609,110,2,0
BRDA:609,110,3,0
BRDA:609,110,4,0
BRDA:609,110,5,0
BRDA:609,110,6,0
BRDA:611,111,0,0
BRDA:611,111,1,0
BRDA:611,112,0,0
BRDA:611,112,1,0
BRDA:614,113,0,0
BRDA:614,113,1,0
BRDA:614,114,0,0
BRDA:614,114,1,0
BRDA:617,115,0,0
BRDA:617,115,1,0
BRDA:617,116,0,0
BRDA:617,116,1,0
BRDA:620,117,0,0
BRDA:620,117,1,0
BRDA:620,118,0,0
BRDA:620,118,1,0
BRDA:626,119,0,0
BRDA:626,119,1,0
BRDA:626,119,2,0
BRDA:626,119,3,0
BRDA:638,120,0,0
BRDA:638,120,1,0
BRDA:638,120,2,0
BRDA:638,120,3,0
BRDA:657,121,0,0
BRDA:662,122,0,0
BRDA:678,123,0,0
BRDA:678,123,1,0
BRDA:678,123,2,0
BRDA:678,123,3,0
BRDA:691,124,0,0
BRDA:691,124,1,0
BRDA:694,125,0,0
BRDA:751,126,0,0
BRDA:751,126,1,0
BRDA:766,127,0,0
BRDA:770,128,0,0
BRDA:773,129,0,0
BRDA:776,130,0,0
BRDA:780,131,0,0
BRDA:781,132,0,0
BRDA:781,132,1,0
BRDA:781,132,2,0
BRDA:788,133,0,0
BRDA:790,134,0,0
BRDA:790,134,1,0
BRDA:792,135,0,0
BRDA:792,136,0,0
BRDA:792,136,1,0
BRDA:795,137,0,0
BRDA:798,138,0,0
BRDA:804,139,0,0
BRDA:804,140,0,0
BRDA:804,140,1,0
BRDA:808,141,0,0
BRDA:819,142,0,0
BRDA:819,142,1,0
BRDA:819,143,0,0
BRDA:819,143,1,0
BRDA:821,144,0,0
BRDA:821,144,1,0
BRDA:824,145,0,0
BRDA:824,145,1,0
BRDA:824,146,0,0
BRDA:824,146,1,0
BRDA:825,147,0,0
BRDA:825,147,1,0
BRDA:828,148,0,0
BRDA:828,149,0,0
BRDA:828,149,1,0
BRDA:832,150,0,0
BRDA:832,151,0,0
BRDA:832,151,1,0
BRDA:840,152,0,0
BRDA:840,152,1,0
BRDA:842,153,0,0
BRDA:842,153,1,0
BRDA:846,154,0,0
BRDA:846,154,1,0
BRDA:857,155,0,0
BRDA:861,156,0,0
BRDA:862,157,0,0
BRDA:862,157,1,0
BRDA:862,157,2,0
BRDA:869,158,0,0
BRDA:870,159,0,0
BRDA:870,159,1,0
BRDA:870,159,2,0
BRDA:880,160,0,0
BRDA:887,161,0,0
BRDA:887,162,0,0
BRDA:887,162,1,0
BRDA:891,163,0,0
BRDA:891,163,1,0
BRDA:891,164,0,0
BRDA:891,164,1,0
BRDA:892,165,0,0
BRDA:892,165,1,0
BRDA:904,166,0,0
BRDA:905,167,0,0
BRDA:905,167,1,0
BRDA:905,167,2,0
BRDA:916,168,0,0
BRDA:916,168,1,0
BRDA:918,169,0,0
BRDA:918,169,1,0
BRDA:923,170,0,0
BRDA:923,170,1,0
BRDA:942,171,0,0
BRDA:942,171,1,0
BRDA:950,172,0,0
BRDA:950,172,1,0
BRDA:950,173,0,0
BRDA:950,173,1,0
BRF:309
BRH:3
end_of_record
TN:
SF:src/constant/index.ts
FN:1,(anonymous_0)
FN:70,getWebpageMcpPort
FN:80,getWebpageMcpUrl
FNF:3
FNH:1
FNDA:1,(anonymous_0)
FNDA:0,getWebpageMcpPort
FNDA:0,getWebpageMcpUrl
DA:1,1
DA:2,1
DA:3,1
DA:4,1
DA:5,1
DA:6,1
DA:7,1
DA:8,1
DA:11,1
DA:14,1
DA:21,1
DA:32,1
DA:43,1
DA:63,1
DA:64,1
DA:70,1
DA:71,0
DA:72,0
DA:73,0
DA:80,1
DA:81,0
LF:21
LH:17
BRDA:1,0,0,1
BRDA:1,0,1,1
BRDA:71,1,0,0
BRDA:71,1,1,0
BRDA:72,2,0,0
BRDA:72,2,1,0
BRDA:73,3,0,0
BRDA:73,3,1,0
BRDA:73,4,0,0
BRDA:73,4,1,0
BRDA:73,4,2,0
BRF:11
BRH:2
end_of_record
TN:
SF:src/mcp/mcp-server-stdio.ts
FN:22,(anonymous_9)
FN:33,(anonymous_10)
FN:55,(anonymous_11)
FN:76,(anonymous_12)
FN:78,(anonymous_13)
FN:81,(anonymous_14)
FN:86,(anonymous_15)
FN:89,(anonymous_16)
FN:92,(anonymous_17)
FN:117,main
FN:122,(anonymous_19)
FNF:11
FNH:0
FNDA:0,(anonymous_9)
FNDA:0,(anonymous_10)
FNDA:0,(anonymous_11)
FNDA:0,(anonymous_12)
FNDA:0,(anonymous_13)
FNDA:0,(anonymous_14)
FNDA:0,(anonymous_15)
FNDA:0,(anonymous_16)
FNDA:0,(anonymous_17)
FNDA:0,main
FNDA:0,(anonymous_19)
DA:3,0
DA:4,0
DA:5,0
DA:12,0
DA:13,0
DA:14,0
DA:15,0
DA:16,0
DA:18,0
DA:19,0
DA:22,0
DA:23,0
DA:24,0
DA:25,0
DA:26,0
DA:28,0
DA:29,0
DA:33,0
DA:34,0
DA:35,0
DA:37,0
DA:51,0
DA:52,0
DA:55,0
DA:56,0
DA:57,0
DA:58,0
DA:59,0
DA:60,0
DA:64,0
DA:65,0
DA:66,0
DA:67,0
DA:68,0
DA:70,0
DA:71,0
DA:72,0
DA:76,0
DA:78,0
DA:81,0
DA:82,0
DA:86,0
DA:89,0
DA:92,0
DA:93,0
DA:94,0
DA:95,0
DA:96,0
DA:99,0
DA:100,0
DA:103,0
DA:105,0
DA:118,0
DA:119,0
DA:122,0
DA:123,0
DA:124,0
LF:57
LH:0
BRDA:34,0,0,0
BRDA:57,1,0,0
BRDA:59,2,0,0
BRDA:70,3,0,0
BRDA:70,3,1,0
BRDA:70,4,0,0
BRDA:70,4,1,0
BRDA:82,5,0,0
BRDA:82,5,1,0
BRDA:95,6,0,0
BRF:10
BRH:0
end_of_record
TN:
SF:src/mcp/mcp-server.ts
FN:6,(anonymous_0)
FNF:1
FNH:0
FNDA:0,(anonymous_0)
DA:1,1
DA:2,1
DA:4,1
DA:6,1
DA:7,0
DA:8,0
DA:10,0
DA:22,0
DA:23,0
LF:9
LH:4
BRDA:7,0,0,0
BRF:1
BRH:0
end_of_record
TN:
SF:src/mcp/register-tools.ts
FN:11,listDynamicFlowTools
FN:69,(anonymous_2)
FN:71,(anonymous_3)
FN:77,(anonymous_4)
FN:82,(anonymous_5)
FN:95,(anonymous_6)
FNF:6
FNH:0
FNDA:0,listDynamicFlowTools
FNDA:0,(anonymous_2)
FNDA:0,(anonymous_3)
FNDA:0,(anonymous_4)
FNDA:0,(anonymous_5)
FNDA:0,(anonymous_6)
DA:2,1
DA:7,1
DA:8,1
DA:12,0
DA:13,0
DA:18,0
DA:19,0
DA:20,0
DA:21,0
DA:23,0
DA:26,0
DA:27,0
DA:28,0
DA:29,0
DA:30,0
DA:31,0
DA:32,0
DA:33,0
DA:34,0
DA:35,0
DA:36,0
DA:37,0
DA:39,0
DA:40,0
DA:42,0
DA:44,0
DA:45,0
DA:46,0
DA:49,0
DA:50,0
DA:51,0
DA:52,0
DA:53,0
DA:54,0
DA:59,0
DA:61,0
DA:63,0
DA:65,0
DA:69,1
DA:71,0
DA:72,0
DA:73,0
DA:77,0
DA:78,0
DA:82,1
DA:83,0
DA:85,0
DA:87,0
DA:88,0
DA:93,0
DA:94,0
DA:95,0
DA:96,0
DA:97,0
DA:98,0
DA:103,0
DA:104,0
DA:109,0
DA:121,0
DA:129,0
DA:130,0
DA:132,0
DA:143,0
LF:63
LH:5
BRDA:18,0,0,0
BRDA:18,1,0,0
BRDA:18,1,1,0
BRDA:18,1,2,0
BRDA:23,2,0,0
BRDA:23,2,1,0
BRDA:23,2,2,0
BRDA:23,2,3,0
BRDA:23,2,4,0
BRDA:28,3,0,0
BRDA:28,3,1,0
BRDA:29,4,0,0
BRDA:29,4,1,0
BRDA:30,5,0,0
BRDA:30,5,1,0
BRDA:32,6,0,0
BRDA:32,6,1,0
BRDA:33,7,0,0
BRDA:33,7,1,0
BRDA:34,8,0,0
BRDA:34,8,1,0
BRDA:36,9,0,0
BRDA:36,10,0,0
BRDA:36,10,1,0
BRDA:37,11,0,0
BRDA:37,11,1,0
BRDA:44,12,0,0
BRDA:45,13,0,0
BRDA:45,14,0,0
BRDA:45,14,1,0
BRDA:78,15,0,0
BRDA:78,15,1,0
BRDA:85,16,0,0
BRDA:85,17,0,0
BRDA:85,17,1,0
BRDA:93,18,0,0
BRDA:93,18,1,0
BRDA:93,18,2,0
BRDA:96,19,0,0
BRDA:103,20,0,0
BRDA:113,21,0,0
BRDA:113,21,1,0
BRDA:113,22,0,0
BRDA:113,22,1,0
BRDA:113,23,0,0
BRDA:113,23,1,0
BRDA:129,24,0,0
BRDA:129,24,1,0
BRF:48
BRH:0
end_of_record
TN:
SF:src/server/index.ts
FN:54,(anonymous_1)
FN:68,(anonymous_2)
FN:72,(anonymous_3)
FN:74,(anonymous_4)
FN:80,(anonymous_5)
FN:90,(anonymous_6)
FN:111,(anonymous_7)
FN:112,(anonymous_8)
FN:124,(anonymous_9)
FN:127,(anonymous_10)
FN:167,(anonymous_11)
FN:169,(anonymous_12)
FN:180,(anonymous_13)
FN:196,(anonymous_14)
FN:214,(anonymous_15)
FN:225,(anonymous_16)
FN:226,(anonymous_17)
FN:233,(anonymous_18)
FN:256,(anonymous_19)
FN:283,(anonymous_20)
FN:289,(anonymous_21)
FN:319,(anonymous_22)
FN:344,(anonymous_23)
FN:360,(anonymous_24)
FNF:24
FNH:10
FNDA:1,(anonymous_1)
FNDA:0,(anonymous_2)
FNDA:1,(anonymous_3)
FNDA:1,(anonymous_4)
FNDA:0,(anonymous_5)
FNDA:1,(anonymous_6)
FNDA:1,(anonymous_7)
FNDA:1,(anonymous_8)
FNDA:1,(anonymous_9)
FNDA:0,(anonymous_10)
FNDA:1,(anonymous_11)
FNDA:0,(anonymous_12)
FNDA:0,(anonymous_13)
FNDA:0,(anonymous_14)
FNDA:0,(anonymous_15)
FNDA:0,(anonymous_16)
FNDA:0,(anonymous_17)
FNDA:0,(anonymous_18)
FNDA:0,(anonymous_19)
FNDA:0,(anonymous_20)
FNDA:0,(anonymous_21)
FNDA:0,(anonymous_22)
FNDA:1,(anonymous_23)
FNDA:2,(anonymous_24)
DA:11,1
DA:12,1
DA:13,1
DA:21,1
DA:22,1
DA:23,1
DA:24,1
DA:25,1
DA:26,1
DA:27,1
DA:28,1
DA:29,1
DA:30,1
DA:31,1
DA:45,1
DA:47,1
DA:48,1
DA:49,1
DA:55,1
DA:56,1
DA:57,1
DA:61,1
DA:62,1
DA:69,0
DA:73,1
DA:76,1
DA:77,1
DA:80,0
DA:81,0
DA:83,0
DA:92,1
DA:95,1
DA:98,1
DA:104,1
DA:112,1
DA:113,1
DA:125,1
DA:128,0
DA:129,0
DA:133,0
DA:134,0
DA:139,0
DA:140,0
DA:145,0
DA:147,0
DA:148,0
DA:149,0
DA:153,0
DA:169,1
DA:170,0
DA:171,0
DA:177,0
DA:178,0
DA:180,0
DA:181,0
DA:184,0
DA:185,0
DA:187,0
DA:189,0
DA:190,0
DA:196,1
DA:197,0
DA:198,0
DA:199,0
DA:200,0
DA:201,0
DA:202,0
DA:205,0
DA:207,0
DA:208,0
DA:214,1
DA:215,0
DA:216,0
DA:220,0
DA:222,0
DA:223,0
DA:224,0
DA:225,0
DA:227,0
DA:228,0
DA:233,0
DA:234,0
DA:235,0
DA:238,0
DA:240,0
DA:241,0
DA:244,0
DA:245,0
DA:247,0
DA:248,0
DA:256,1
DA:257,0
DA:258,0
DA:262,0
DA:263,0
DA:264,0
DA:267,0
DA:268,0
DA:269,0
DA:270,0
DA:272,0
DA:273,0
DA:274,0
DA:275,0
DA:278,0
DA:279,0
DA:283,0
DA:284,0
DA:289,1
DA:290,0
DA:291,0
DA:295,0
DA:296,0
DA:297,0
DA:300,0
DA:301,0
DA:302,0
DA:303,0
DA:306,0
DA:307,0
DA:320,0
DA:321,0
DA:322,0
DA:323,0
DA:326,0
DA:327,0
DA:330,0
DA:331,0
DA:334,0
DA:335,0
DA:337,0
DA:339,0
DA:340,0
DA:345,1
DA:346,1
DA:349,0
DA:350,0
DA:351,0
DA:352,0
DA:354,0
DA:355,0
DA:356,0
DA:361,2
DA:365,1
DA:366,1
LF:145
LH:43
BRDA:76,0,0,1
BRDA:81,1,0,0
BRDA:81,1,1,0
BRDA:128,2,0,0
BRDA:133,3,0,0
BRDA:148,4,0,0
BRDA:148,4,1,0
BRDA:189,5,0,0
BRDA:199,6,0,0
BRDA:199,6,1,0
BRDA:200,7,0,0
BRDA:200,8,0,0
BRDA:200,8,1,0
BRDA:207,9,0,0
BRDA:217,10,0,0
BRDA:217,10,1,0
BRDA:220,11,0,0
BRDA:220,11,1,0
BRDA:222,12,0,0
BRDA:222,12,1,0
BRDA:222,13,0,0
BRDA:222,13,1,0
BRDA:227,14,0,0
BRDA:227,15,0,0
BRDA:227,15,1,0
BRDA:234,16,0,0
BRDA:234,17,0,0
BRDA:234,17,1,0
BRDA:234,18,0,0
BRDA:234,18,1,0
BRDA:234,19,0,0
BRDA:234,19,1,0
BRDA:247,20,0,0
BRDA:258,21,0,0
BRDA:258,21,1,0
BRDA:262,22,0,0
BRDA:274,23,0,0
BRDA:278,24,0,0
BRDA:291,25,0,0
BRDA:291,25,1,0
BRDA:295,26,0,0
BRDA:302,27,0,0
BRDA:306,28,0,0
BRDA:319,29,0,0
BRDA:320,30,0,0
BRDA:320,30,1,0
BRDA:322,31,0,0
BRDA:326,32,0,0
BRDA:345,33,0,1
BRF:49
BRH:2
end_of_record
TN:
SF:src/server/routes/agent.ts
FN:61,isValidEngineName
FN:68,isValidOpenTarget
FN:88,registerAgentRoutes
FN:95,(anonymous_3)
FN:113,(anonymous_4)
FN:128,(anonymous_5)
FN:150,(anonymous_6)
FN:172,(anonymous_7)
FN:190,(anonymous_8)
FN:206,(anonymous_9)
FN:219,(anonymous_10)
FN:235,(anonymous_11)
FN:259,(anonymous_12)
FN:275,(anonymous_13)
FN:297,(anonymous_14)
FN:348,(anonymous_15)
FN:373,(anonymous_16)
FN:409,(anonymous_17)
FN:431,(anonymous_18)
FN:486,(anonymous_19)
FN:523,(anonymous_20)
FN:554,(anonymous_21)
FN:568,(anonymous_22)
FN:571,(anonymous_23)
FN:606,(anonymous_24)
FN:675,(anonymous_25)
FN:741,(anonymous_26)
FN:796,(anonymous_27)
FN:847,(anonymous_28)
FN:924,(anonymous_29)
FN:960,(anonymous_30)
FN:991,(anonymous_31)
FN:1016,(anonymous_32)
FN:1050,(anonymous_33)
FN:1085,(anonymous_34)
FN:1110,(anonymous_35)
FN:1116,(anonymous_36)
FN:1117,(anonymous_37)
FN:1119,(anonymous_38)
FN:1126,(anonymous_39)
FN:1127,(anonymous_40)
FN:1153,(anonymous_41)
FN:1206,(anonymous_42)
FN:1236,(anonymous_43)
FNF:44
FNH:1
FNDA:0,isValidEngineName
FNDA:0,isValidOpenTarget
FNDA:1,registerAgentRoutes
FNDA:0,(anonymous_3)
FNDA:0,(anonymous_4)
FNDA:0,(anonymous_5)
FNDA:0,(anonymous_6)
FNDA:0,(anonymous_7)
FNDA:0,(anonymous_8)
FNDA:0,(anonymous_9)
FNDA:0,(anonymous_10)
FNDA:0,(anonymous_11)
FNDA:0,(anonymous_12)
FNDA:0,(anonymous_13)
FNDA:0,(anonymous_14)
FNDA:0,(anonymous_15)
FNDA:0,(anonymous_16)
FNDA:0,(anonymous_17)
FNDA:0,(anonymous_18)
FNDA:0,(anonymous_19)
FNDA:0,(anonymous_20)
FNDA:0,(anonymous_21)
FNDA:0,(anonymous_22)
FNDA:0,(anonymous_23)
FNDA:0,(anonymous_24)
FNDA:0,(anonymous_25)
FNDA:0,(anonymous_26)
FNDA:0,(anonymous_27)
FNDA:0,(anonymous_28)
FNDA:0,(anonymous_29)
FNDA:0,(anonymous_30)
FNDA:0,(anonymous_31)
FNDA:0,(anonymous_32)
FNDA:0,(anonymous_33)
FNDA:0,(anonymous_34)
FNDA:0,(anonymous_35)
FNDA:0,(anonymous_36)
FNDA:0,(anonymous_37)
FNDA:0,(anonymous_38)
FNDA:0,(anonymous_39)
FNDA:0,(anonymous_40)
FNDA:0,(anonymous_41)
FNDA:0,(anonymous_42)
FNDA:0,(anonymous_43)
DA:12,1
DA:17,1
DA:24,1
DA:33,1
DA:44,1
DA:45,1
DA:46,1
DA:48,1
DA:49,1
DA:59,1
DA:62,0
DA:66,1
DA:69,0
DA:88,1
DA:89,1
DA:95,1
DA:96,0
DA:97,0
DA:98,0
DA:100,0
DA:101,0
DA:102,0
DA:113,1
DA:114,0
DA:115,0
DA:116,0
DA:118,0
DA:119,0
DA:126,1
DA:129,0
DA:130,0
DA:131,0
DA:132,0
DA:135,0
DA:137,0
DA:138,0
DA:140,0
DA:141,0
DA:148,1
DA:151,0
DA:152,0
DA:153,0
DA:154,0
DA:156,0
DA:157,0
DA:158,0
DA:160,0
DA:161,0
DA:170,1
DA:173,0
DA:174,0
DA:175,0
DA:177,0
DA:178,0
DA:179,0
DA:181,0
DA:182,0
DA:188,1
DA:191,0
DA:192,0
DA:193,0
DA:195,0
DA:196,0
DA:197,0
DA:199,0
DA:200,0
DA:206,1
DA:207,0
DA:208,0
DA:209,0
DA:211,0
DA:212,0
DA:217,1
DA:220,0
DA:221,0
DA:222,0
DA:224,0
DA:225,0
DA:226,0
DA:228,0
DA:229,0
DA:235,1
DA:236,0
DA:237,0
DA:238,0
DA:239,0
DA:240,0
DA:241,0
DA:243,0
DA:249,0
DA:250,0
DA:259,1
DA:260,0
DA:261,0
DA:262,0
DA:264,0
DA:265,0
DA:266,0
DA:273,1
DA:276,0
DA:277,0
DA:278,0
DA:281,0
DA:282,0
DA:283,0
DA:285,0
DA:286,0
DA:287,0
DA:295,1
DA:304,0
DA:305,0
DA:307,0
DA:308,0
DA:310,0
DA:311,0
DA:313,0
DA:314,0
DA:319,0
DA:321,0
DA:322,0
DA:323,0
DA:326,0
DA:334,0
DA:336,0
DA:337,0
DA:338,0
DA:346,1
DA:349,0
DA:350,0
DA:351,0
DA:354,0
DA:355,0
DA:356,0
DA:357,0
DA:359,0
DA:361,0
DA:362,0
DA:363,0
DA:371,1
DA:380,0
DA:381,0
DA:383,0
DA:384,0
DA:387,0
DA:388,0
DA:389,0
DA:390,0
DA:393,0
DA:394,0
DA:395,0
DA:397,0
DA:398,0
DA:399,0
DA:407,1
DA:410,0
DA:411,0
DA:412,0
DA:415,0
DA:416,0
DA:417,0
DA:419,0
DA:420,0
DA:421,0
DA:429,1
DA:438,0
DA:439,0
DA:440,0
DA:443,0
DA:444,0
DA:445,0
DA:446,0
DA:447,0
DA:448,0
DA:450,0
DA:451,0
DA:452,0
DA:453,0
DA:456,0
DA:461,0
DA:474,0
DA:475,0
DA:476,0
DA:484,1
DA:487,0
DA:488,0
DA:489,0
DA:492,0
DA:493,0
DA:494,0
DA:495,0
DA:499,0
DA:500,0
DA:501,0
DA:503,0
DA:511,0
DA:512,0
DA:513,0
DA:521,1
DA:524,0
DA:525,0
DA:526,0
DA:529,0
DA:530,0
DA:531,0
DA:532,0
DA:535,0
DA:541,0
DA:542,0
DA:543,0
DA:552,1
DA:555,0
DA:556,0
DA:557,0
DA:560,0
DA:561,0
DA:562,0
DA:563,0
DA:567,0
DA:568,0
DA:571,0
DA:572,0
DA:573,0
DA:574,0
DA:577,0
DA:578,0
DA:580,0
DA:587,0
DA:588,0
DA:589,0
DA:604,1
DA:613,0
DA:614,0
DA:616,0
DA:617,0
DA:621,0
DA:622,0
DA:626,0
DA:627,0
DA:633,0
DA:635,0
DA:636,0
DA:637,0
DA:642,0
DA:643,0
DA:644,0
DA:650,0
DA:651,0
DA:652,0
DA:654,0
DA:659,0
DA:660,0
DA:661,0
DA:673,1
DA:682,0
DA:683,0
DA:685,0
DA:686,0
DA:690,0
DA:691,0
DA:695,0
DA:696,0
DA:702,0
DA:703,0
DA:704,0
DA:705,0
DA:711,0
DA:712,0
DA:713,0
DA:715,0
DA:720,0
DA:721,0
DA:722,0
DA:739,1
DA:748,0
DA:749,0
DA:751,0
DA:752,0
DA:756,0
DA:757,0
DA:762,0
DA:763,0
DA:764,0
DA:765,0
DA:771,0
DA:772,0
DA:773,0
DA:775,0
DA:780,0
DA:781,0
DA:782,0
DA:794,1
DA:803,0
DA:804,0
DA:805,0
DA:806,0
DA:809,0
DA:810,0
DA:811,0
DA:812,0
DA:813,0
DA:814,0
DA:816,0
DA:817,0
DA:822,0
DA:834,0
DA:835,0
DA:836,0
DA:845,1
DA:865,0
DA:866,0
DA:867,0
DA:868,0
DA:871,0
DA:872,0
DA:873,0
DA:874,0
DA:877,0
DA:880,0
DA:882,0
DA:886,0
DA:887,0
DA:888,0
DA:890,0
DA:894,0
DA:895,0
DA:909,0
DA:911,0
DA:912,0
DA:913,0
DA:922,1
DA:931,0
DA:932,0
DA:933,0
DA:934,0
DA:937,0
DA:939,0
DA:940,0
DA:941,0
DA:943,0
DA:944,0
DA:945,0
DA:958,1
DA:961,0
DA:962,0
DA:963,0
DA:966,0
DA:969,0
DA:970,0
DA:977,0
DA:979,0
DA:981,0
DA:989,0
DA:991,0
DA:992,0
DA:995,0
DA:996,0
DA:1006,1
DA:1020,0
DA:1021,0
DA:1023,0
DA:1024,0
DA:1027,0
DA:1030,0
DA:1031,0
DA:1032,0
DA:1037,0
DA:1039,0
DA:1040,0
DA:1048,1
DA:1054,0
DA:1056,0
DA:1057,0
DA:1060,0
DA:1063,0
DA:1064,0
DA:1065,0
DA:1072,0
DA:1083,1
DA:1086,0
DA:1088,0
DA:1089,0
DA:1090,0
DA:1093,0
DA:1094,0
DA:1110,1
DA:1111,0
DA:1112,0
DA:1115,0
DA:1116,0
DA:1117,0
DA:1119,0
DA:1125,0
DA:1126,0
DA:1127,0
DA:1129,0
DA:1138,0
DA:1140,0
DA:1141,0
DA:1151,1
DA:1157,0
DA:1159,0
DA:1161,0
DA:1164,0
DA:1165,0
DA:1166,0
DA:1168,0
DA:1169,0
DA:1172,0
DA:1173,0
DA:1175,0
DA:1176,0
DA:1178,0
DA:1179,0
DA:1182,0
DA:1187,0
DA:1189,0
DA:1190,0
DA:1191,0
DA:1195,0
DA:1204,1
DA:1207,0
DA:1209,0
DA:1210,0
DA:1212,0
DA:1220,0
DA:1222,0
DA:1223,0
DA:1234,1
DA:1237,0
DA:1238,0
DA:1239,0
DA:1241,0
DA:1245,0
DA:1247,0
DA:1255,0
DA:1257,0
DA:1258,0
LF:437
LH:46
BRDA:101,0,0,0
BRDA:118,1,0,0
BRDA:131,2,0,0
BRDA:131,3,0,0
BRDA:131,3,1,0
BRDA:131,3,2,0
BRDA:140,4,0,0
BRDA:140,4,1,0
BRDA:143,5,0,0
BRDA:143,5,1,0
BRDA:152,6,0,0
BRDA:160,7,0,0
BRDA:173,8,0,0
BRDA:173,8,1,0
BRDA:174,9,0,0
BRDA:174,10,0,0
BRDA:174,10,1,0
BRDA:181,11,0,0
BRDA:181,11,1,0
BRDA:191,12,0,0
BRDA:191,12,1,0
BRDA:192,13,0,0
BRDA:192,14,0,0
BRDA:192,14,1,0
BRDA:199,15,0,0
BRDA:199,15,1,0
BRDA:211,16,0,0
BRDA:211,16,1,0
BRDA:220,17,0,0
BRDA:220,17,1,0
BRDA:221,18,0,0
BRDA:221,19,0,0
BRDA:221,19,1,0
BRDA:228,20,0,0
BRDA:228,20,1,0
BRDA:238,21,0,0
BRDA:238,21,1,0
BRDA:238,22,0,0
BRDA:238,22,1,0
BRDA:240,23,0,0
BRDA:240,23,1,0
BRDA:245,24,0,0
BRDA:245,24,1,0
BRDA:249,25,0,0
BRDA:249,25,1,0
BRDA:264,26,0,0
BRDA:264,26,1,0
BRDA:267,27,0,0
BRDA:267,27,1,0
BRDA:277,28,0,0
BRDA:285,29,0,0
BRDA:285,29,1,0
BRDA:288,30,0,0
BRDA:288,30,1,0
BRDA:305,31,0,0
BRDA:305,31,1,0
BRDA:307,32,0,0
BRDA:310,33,0,0
BRDA:313,34,0,0
BRDA:322,35,0,0
BRDA:336,36,0,0
BRDA:336,36,1,0
BRDA:339,37,0,0
BRDA:339,37,1,0
BRDA:350,38,0,0
BRDA:356,39,0,0
BRDA:361,40,0,0
BRDA:361,40,1,0
BRDA:364,41,0,0
BRDA:364,41,1,0
BRDA:381,42,0,0
BRDA:381,42,1,0
BRDA:383,43,0,0
BRDA:389,44,0,0
BRDA:397,45,0,0
BRDA:397,45,1,0
BRDA:400,46,0,0
BRDA:400,46,1,0
BRDA:411,47,0,0
BRDA:419,48,0,0
BRDA:419,48,1,0
BRDA:422,49,0,0
BRDA:422,49,1,0
BRDA:439,50,0,0
BRDA:445,51,0,0
BRDA:445,51,1,0
BRDA:446,52,0,0
BRDA:446,52,1,0
BRDA:447,53,0,0
BRDA:447,53,1,0
BRDA:447,54,0,0
BRDA:447,54,1,0
BRDA:448,55,0,0
BRDA:448,55,1,0
BRDA:448,56,0,0
BRDA:448,56,1,0
BRDA:452,57,0,0
BRDA:470,58,0,0
BRDA:470,58,1,0
BRDA:474,59,0,0
BRDA:474,59,1,0
BRDA:477,60,0,0
BRDA:477,60,1,0
BRDA:488,61,0,0
BRDA:494,62,0,0
BRDA:508,63,0,0
BRDA:508,63,1,0
BRDA:511,64,0,0
BRDA:511,64,1,0
BRDA:514,65,0,0
BRDA:514,65,1,0
BRDA:525,66,0,0
BRDA:531,67,0,0
BRDA:536,68,0,0
BRDA:536,68,1,0
BRDA:541,69,0,0
BRDA:541,69,1,0
BRDA:544,70,0,0
BRDA:544,70,1,0
BRDA:556,71,0,0
BRDA:562,72,0,0
BRDA:572,73,0,0
BRDA:572,73,1,0
BRDA:572,73,2,0
BRDA:572,74,0,0
BRDA:572,74,1,0
BRDA:572,75,0,0
BRDA:572,75,1,0
BRDA:573,76,0,0
BRDA:573,76,1,0
BRDA:573,76,2,0
BRDA:573,77,0,0
BRDA:573,77,1,0
BRDA:573,78,0,0
BRDA:573,78,1,0
BRDA:577,79,0,0
BRDA:577,79,1,0
BRDA:577,80,0,0
BRDA:577,80,1,0
BRDA:577,81,0,0
BRDA:577,81,1,0
BRDA:578,82,0,0
BRDA:578,82,1,0
BRDA:578,83,0,0
BRDA:578,83,1,0
BRDA:587,84,0,0
BRDA:587,84,1,0
BRDA:590,85,0,0
BRDA:590,85,1,0
BRDA:614,86,0,0
BRDA:614,86,1,0
BRDA:616,87,0,0
BRDA:621,88,0,0
BRDA:621,89,0,0
BRDA:621,89,1,0
BRDA:626,90,0,0
BRDA:636,91,0,0
BRDA:643,92,0,0
BRDA:651,93,0,0
BRDA:659,94,0,0
BRDA:659,94,1,0
BRDA:663,95,0,0
BRDA:663,95,1,0
BRDA:683,96,0,0
BRDA:683,96,1,0
BRDA:685,97,0,0
BRDA:690,98,0,0
BRDA:690,99,0,0
BRDA:690,99,1,0
BRDA:695,100,0,0
BRDA:704,101,0,0
BRDA:712,102,0,0
BRDA:720,103,0,0
BRDA:720,103,1,0
BRDA:724,104,0,0
BRDA:724,104,1,0
BRDA:749,105,0,0
BRDA:749,105,1,0
BRDA:751,106,0,0
BRDA:756,107,0,0
BRDA:756,108,0,0
BRDA:756,108,1,0
BRDA:764,109,0,0
BRDA:772,110,0,0
BRDA:780,111,0,0
BRDA:780,111,1,0
BRDA:784,112,0,0
BRDA:784,112,1,0
BRDA:804,113,0,0
BRDA:811,114,0,0
BRDA:811,114,1,0
BRDA:812,115,0,0
BRDA:812,115,1,0
BRDA:813,116,0,0
BRDA:813,116,1,0
BRDA:813,117,0,0
BRDA:813,117,1,0
BRDA:814,118,0,0
BRDA:814,118,1,0
BRDA:814,119,0,0
BRDA:814,119,1,0
BRDA:834,120,0,0
BRDA:834,120,1,0
BRDA:839,121,0,0
BRDA:839,121,1,0
BRDA:866,122,0,0
BRDA:871,123,0,0
BRDA:871,123,1,0
BRDA:872,124,0,0
BRDA:872,124,1,0
BRDA:873,125,0,0
BRDA:880,126,0,0
BRDA:880,126,1,0
BRDA:882,127,0,0
BRDA:882,127,1,0
BRDA:882,128,0,0
BRDA:882,128,1,0
BRDA:882,128,2,0
BRDA:886,129,0,0
BRDA:886,129,1,0
BRDA:888,130,0,0
BRDA:888,130,1,0
BRDA:890,131,0,0
BRDA:890,131,1,0
BRDA:890,132,0,0
BRDA:890,132,1,0
BRDA:911,133,0,0
BRDA:911,133,1,0
BRDA:916,134,0,0
BRDA:916,134,1,0
BRDA:932,135,0,0
BRDA:940,136,0,0
BRDA:940,136,1,0
BRDA:943,137,0,0
BRDA:943,137,1,0
BRDA:948,138,0,0
BRDA:948,138,1,0
BRDA:962,139,0,0
BRDA:995,140,0,0
BRDA:1023,141,0,0
BRDA:1039,142,0,0
BRDA:1039,142,1,0
BRDA:1042,143,0,0
BRDA:1042,143,1,0
BRDA:1056,144,0,0
BRDA:1056,145,0,0
BRDA:1056,145,1,0
BRDA:1064,146,0,0
BRDA:1064,146,1,0
BRDA:1088,147,0,0
BRDA:1164,148,0,0
BRDA:1164,148,1,0
BRDA:1164,149,0,0
BRDA:1164,149,1,0
BRDA:1166,150,0,0
BRDA:1166,150,1,0
BRDA:1166,150,2,0
BRDA:1166,150,3,0
BRDA:1166,150,4,0
BRDA:1187,151,0,0
BRDA:1187,151,1,0
BRDA:1189,152,0,0
BRDA:1189,153,0,0
BRDA:1189,153,1,0
BRDA:1239,154,0,0
BRDA:1239,154,1,0
BRDA:1239,155,0,0
BRDA:1239,155,1,0
BRDA:1242,156,0,0
BRDA:1242,156,1,0
BRDA:1245,157,0,0
BRDA:1245,157,1,0
BRDA:1245,158,0,0
BRDA:1245,158,1,0
BRF:274
BRH:0
end_of_record
TN:
SF:src/server/routes/index.ts
FN:4,(anonymous_0)
FNF:1
FNH:1
FNDA:1,(anonymous_0)
DA:4,2
LF:1
LH:1
BRF:0
BRH:0
end_of_record
